<?xml version="1.0" encoding="UTF-8"?>
<!-- Generated by org.testng.reporters.JUnitXMLReporter -->
<testsuite ignored="0" hostname="initializing" failures="0" tests="1" name="Test" time="21.434" errors="0" timestamp="2022-10-11T12:26:25 IST">
  <testcase classname="com.utility.baseclass" name="@BeforeMethod setup" time="20.902">
    <failure type="java.lang.StackOverflowError">
      <![CDATA[java.lang.StackOverflowError
at com.utility.configdataprovider.get_BaseUrl_QA2(configdataprovider.java:24)
at com.utility.configdataprovider.get_BaseUrl_QA2(configdataprovider.java:24)
at com.utility.configdataprovider.get_BaseUrl_QA2(configdataprovider.java:24)
at com.utility.configdataprovider.get_BaseUrl_QA2(configdataprovider.java:24)
at com.utility.configdataprovider.get_BaseUrl_QA2(configdataprovider.java:24)
at com.utility.configdataprovider.get_BaseUrl_QA2(configdataprovider.java:24)
at com.utility.configdataprovider.get_BaseUrl_QA2(configdataprovider.java:24)
at com.utility.configdataprovider.get_BaseUrl_QA2(configdataprovider.java:24)
at com.utility.configdataprovider.get_BaseUrl_QA2(configdataprovider.java:24)
at com.utility.configdataprovider.get_BaseUrl_QA2(configdataprovider.java:24)
at com.utility.configdataprovider.get_BaseUrl_QA2(configdataprovider.java:24)
at com.utility.configdataprovider.get_BaseUrl_QA2(configdataprovider.java:24)
at com.utility.configdataprovider.get_BaseUrl_QA2(configdataprovider.java:24)
at com.utility.configdataprovider.get_BaseUrl_QA2(configdataprovider.java:24)
at com.utility.configdataprovider.get_BaseUrl_QA2(configdataprovider.java:24)
at com.utility.configdataprovider.get_BaseUrl_QA2(configdataprovider.java:24)
at com.utility.configdataprovider.get_BaseUrl_QA2(configdataprovider.java:24)
at com.utility.configdataprovider.get_BaseUrl_QA2(configdataprovider.java:24)
at com.utility.configdataprovider.get_BaseUrl_QA2(configdataprovider.java:24)
at com.utility.configdataprovider.get_BaseUrl_QA2(configdataprovider.java:24)
at com.utility.configdataprovider.get_BaseUrl_QA2(configdataprovider.java:24)
at com.utility.configdataprovider.get_BaseUrl_QA2(configdataprovider.java:24)
at com.utility.configdataprovider.get_BaseUrl_QA2(configdataprovider.java:24)
at com.utility.configdataprovider.get_BaseUrl_QA2(configdataprovider.java:24)
at com.utility.configdataprovider.get_BaseUrl_QA2(configdataprovider.java:24)
at com.utility.configdataprovider.get_BaseUrl_QA2(configdataprovider.java:24)
at com.utility.configdataprovider.get_BaseUrl_QA2(configdataprovider.java:24)
at com.utility.configdataprovider.get_BaseUrl_QA2(configdataprovider.java:24)
at com.utility.configdataprovider.get_BaseUrl_QA2(configdataprovider.java:24)
at com.utility.configdataprovider.get_BaseUrl_QA2(configdataprovider.java:24)
at com.utility.configdataprovider.get_BaseUrl_QA2(configdataprovider.java:24)
at com.utility.configdataprovider.get_BaseUrl_QA2(configdataprovider.java:24)
at com.utility.configdataprovider.get_BaseUrl_QA2(configdataprovider.java:24)
at com.utility.configdataprovider.get_BaseUrl_QA2(configdataprovider.java:24)
at com.utility.configdataprovider.get_BaseUrl_QA2(configdataprovider.java:24)
at com.utility.configdataprovider.get_BaseUrl_QA2(configdataprovider.java:24)
at com.utility.configdataprovider.get_BaseUrl_QA2(configdataprovider.java:24)
at com.utility.configdataprovider.get_BaseUrl_QA2(configdataprovider.java:24)
at com.utility.configdataprovider.get_BaseUrl_QA2(configdataprovider.java:24)
at com.utility.configdataprovider.get_BaseUrl_QA2(configdataprovider.java:24)
at com.utility.configdataprovider.get_BaseUrl_QA2(configdataprovider.java:24)
at com.utility.configdataprovider.get_BaseUrl_QA2(configdataprovider.java:24)
at com.utility.configdataprovider.get_BaseUrl_QA2(configdataprovider.java:24)
at com.utility.configdataprovider.get_BaseUrl_QA2(configdataprovider.java:24)
at com.utility.configdataprovider.get_BaseUrl_QA2(configdataprovider.java:24)
at com.utility.configdataprovider.get_BaseUrl_QA2(configdataprovider.java:24)
at com.utility.configdataprovider.get_BaseUrl_QA2(configdataprovider.java:24)
at com.utility.configdataprovider.get_BaseUrl_QA2(configdataprovider.java:24)
at com.utility.configdataprovider.get_BaseUrl_QA2(configdataprovider.java:24)
at com.utility.configdataprovider.get_BaseUrl_QA2(configdataprovider.java:24)
at com.utility.configdataprovider.get_BaseUrl_QA2(configdataprovider.java:24)
at com.utility.configdataprovider.get_BaseUrl_QA2(configdataprovider.java:24)
at com.utility.configdataprovider.get_BaseUrl_QA2(configdataprovider.java:24)
at com.utility.configdataprovider.get_BaseUrl_QA2(configdataprovider.java:24)
at com.utility.configdataprovider.get_BaseUrl_QA2(configdataprovider.java:24)
at com.utility.configdataprovider.get_BaseUrl_QA2(configdataprovider.java:24)
at com.utility.configdataprovider.get_BaseUrl_QA2(configdataprovider.java:24)
at com.utility.configdataprovider.get_BaseUrl_QA2(configdataprovider.java:24)
at com.utility.configdataprovider.get_BaseUrl_QA2(configdataprovider.java:24)
at com.utility.configdataprovider.get_BaseUrl_QA2(configdataprovider.java:24)
at com.utility.configdataprovider.get_BaseUrl_QA2(configdataprovider.java:24)
at com.utility.configdataprovider.get_BaseUrl_QA2(configdataprovider.java:24)
at com.utility.configdataprovider.get_BaseUrl_QA2(configdataprovider.java:24)
at com.utility.configdataprovider.get_BaseUrl_QA2(configdataprovider.java:24)
at com.utility.configdataprovider.get_BaseUrl_QA2(configdataprovider.java:24)
at com.utility.configdataprovider.get_BaseUrl_QA2(configdataprovider.java:24)
at com.utility.configdataprovider.get_BaseUrl_QA2(configdataprovider.java:24)
at com.utility.configdataprovider.get_BaseUrl_QA2(configdataprovider.java:24)
at com.utility.configdataprovider.get_BaseUrl_QA2(configdataprovider.java:24)
at com.utility.configdataprovider.get_BaseUrl_QA2(configdataprovider.java:24)
at com.utility.configdataprovider.get_BaseUrl_QA2(configdataprovider.java:24)
at com.utility.configdataprovider.get_BaseUrl_QA2(configdataprovider.java:24)
at com.utility.configdataprovider.get_BaseUrl_QA2(configdataprovider.java:24)
at com.utility.configdataprovider.get_BaseUrl_QA2(configdataprovider.java:24)
at com.utility.configdataprovider.get_BaseUrl_QA2(configdataprovider.java:24)
at com.utility.configdataprovider.get_BaseUrl_QA2(configdataprovider.java:24)
at com.utility.configdataprovider.get_BaseUrl_QA2(configdataprovider.java:24)
at com.utility.configdataprovider.get_BaseUrl_QA2(configdataprovider.java:24)
at com.utility.configdataprovider.get_BaseUrl_QA2(configdataprovider.java:24)
at com.utility.configdataprovider.get_BaseUrl_QA2(configdataprovider.java:24)
at com.utility.configdataprovider.get_BaseUrl_QA2(configdataprovider.java:24)
at com.utility.configdataprovider.get_BaseUrl_QA2(configdataprovider.java:24)
at com.utility.configdataprovider.get_BaseUrl_QA2(configdataprovider.java:24)
at com.utility.configdataprovider.get_BaseUrl_QA2(configdataprovider.java:24)
at com.utility.configdataprovider.get_BaseUrl_QA2(configdataprovider.java:24)
at com.utility.configdataprovider.get_BaseUrl_QA2(configdataprovider.java:24)
at com.utility.configdataprovider.get_BaseUrl_QA2(configdataprovider.java:24)
at com.utility.configdataprovider.get_BaseUrl_QA2(configdataprovider.java:24)
at com.utility.configdataprovider.get_BaseUrl_QA2(configdataprovider.java:24)
at com.utility.configdataprovider.get_BaseUrl_QA2(configdataprovider.java:24)
at com.utility.configdataprovider.get_BaseUrl_QA2(configdataprovider.java:24)
at com.utility.configdataprovider.get_BaseUrl_QA2(configdataprovider.java:24)
at com.utility.configdataprovider.get_BaseUrl_QA2(configdataprovider.java:24)
at com.utility.configdataprovider.get_BaseUrl_QA2(configdataprovider.java:24)
at com.utility.configdataprovider.get_BaseUrl_QA2(configdataprovider.java:24)
at com.utility.configdataprovider.get_BaseUrl_QA2(configdataprovider.java:24)
at com.utility.configdataprovider.get_BaseUrl_QA2(configdataprovider.java:24)
at com.utility.configdataprovider.get_BaseUrl_QA2(configdataprovider.java:24)
at com.utility.configdataprovider.get_BaseUrl_QA2(configdataprovider.java:24)
at com.utility.configdataprovider.get_BaseUrl_QA2(configdataprovider.java:24)
at com.utility.configdataprovider.get_BaseUrl_QA2(configdataprovider.java:24)
at com.utility.configdataprovider.get_BaseUrl_QA2(configdataprovider.java:24)
at com.utility.configdataprovider.get_BaseUrl_QA2(configdataprovider.java:24)
at com.utility.configdataprovider.get_BaseUrl_QA2(configdataprovider.java:24)
at com.utility.configdataprovider.get_BaseUrl_QA2(configdataprovider.java:24)
at com.utility.configdataprovider.get_BaseUrl_QA2(configdataprovider.java:24)
at com.utility.configdataprovider.get_BaseUrl_QA2(configdataprovider.java:24)
at com.utility.configdataprovider.get_BaseUrl_QA2(configdataprovider.java:24)
at com.utility.configdataprovider.get_BaseUrl_QA2(configdataprovider.java:24)
at com.utility.configdataprovider.get_BaseUrl_QA2(configdataprovider.java:24)
at com.utility.configdataprovider.get_BaseUrl_QA2(configdataprovider.java:24)
at com.utility.configdataprovider.get_BaseUrl_QA2(configdataprovider.java:24)
at com.utility.configdataprovider.get_BaseUrl_QA2(configdataprovider.java:24)
at com.utility.configdataprovider.get_BaseUrl_QA2(configdataprovider.java:24)
at com.utility.configdataprovider.get_BaseUrl_QA2(configdataprovider.java:24)
at com.utility.configdataprovider.get_BaseUrl_QA2(configdataprovider.java:24)
at com.utility.configdataprovider.get_BaseUrl_QA2(configdataprovider.java:24)
at com.utility.configdataprovider.get_BaseUrl_QA2(configdataprovider.java:24)
at com.utility.configdataprovider.get_BaseUrl_QA2(configdataprovider.java:24)
at com.utility.configdataprovider.get_BaseUrl_QA2(configdataprovider.java:24)
at com.utility.configdataprovider.get_BaseUrl_QA2(configdataprovider.java:24)
at com.utility.configdataprovider.get_BaseUrl_QA2(configdataprovider.java:24)
at com.utility.configdataprovider.get_BaseUrl_QA2(configdataprovider.java:24)
at com.utility.configdataprovider.get_BaseUrl_QA2(configdataprovider.java:24)
at com.utility.configdataprovider.get_BaseUrl_QA2(configdataprovider.java:24)
at com.utility.configdataprovider.get_BaseUrl_QA2(configdataprovider.java:24)
at com.utility.configdataprovider.get_BaseUrl_QA2(configdataprovider.java:24)
at com.utility.configdataprovider.get_BaseUrl_QA2(configdataprovider.java:24)
at com.utility.configdataprovider.get_BaseUrl_QA2(configdataprovider.java:24)
at com.utility.configdataprovider.get_BaseUrl_QA2(configdataprovider.java:24)
at com.utility.configdataprovider.get_BaseUrl_QA2(configdataprovider.java:24)
at com.utility.configdataprovider.get_BaseUrl_QA2(configdataprovider.java:24)
at com.utility.configdataprovider.get_BaseUrl_QA2(configdataprovider.java:24)
at com.utility.configdataprovider.get_BaseUrl_QA2(configdataprovider.java:24)
at com.utility.configdataprovider.get_BaseUrl_QA2(configdataprovider.java:24)
at com.utility.configdataprovider.get_BaseUrl_QA2(configdataprovider.java:24)
at com.utility.configdataprovider.get_BaseUrl_QA2(configdataprovider.java:24)
at com.utility.configdataprovider.get_BaseUrl_QA2(configdataprovider.java:24)
at com.utility.configdataprovider.get_BaseUrl_QA2(configdataprovider.java:24)
at com.utility.configdataprovider.get_BaseUrl_QA2(configdataprovider.java:24)
at com.utility.configdataprovider.get_BaseUrl_QA2(configdataprovider.java:24)
at com.utility.configdataprovider.get_BaseUrl_QA2(configdataprovider.java:24)
at com.utility.configdataprovider.get_BaseUrl_QA2(configdataprovider.java:24)
at com.utility.configdataprovider.get_BaseUrl_QA2(configdataprovider.java:24)
at com.utility.configdataprovider.get_BaseUrl_QA2(configdataprovider.java:24)
at com.utility.configdataprovider.get_BaseUrl_QA2(configdataprovider.java:24)
at com.utility.configdataprovider.get_BaseUrl_QA2(configdataprovider.java:24)
at com.utility.configdataprovider.get_BaseUrl_QA2(configdataprovider.java:24)
at com.utility.configdataprovider.get_BaseUrl_QA2(configdataprovider.java:24)
at com.utility.configdataprovider.get_BaseUrl_QA2(configdataprovider.java:24)
at com.utility.configdataprovider.get_BaseUrl_QA2(configdataprovider.java:24)
at com.utility.configdataprovider.get_BaseUrl_QA2(configdataprovider.java:24)
at com.utility.configdataprovider.get_BaseUrl_QA2(configdataprovider.java:24)
at com.utility.configdataprovider.get_BaseUrl_QA2(configdataprovider.java:24)
at com.utility.configdataprovider.get_BaseUrl_QA2(configdataprovider.java:24)
at com.utility.configdataprovider.get_BaseUrl_QA2(configdataprovider.java:24)
at com.utility.configdataprovider.get_BaseUrl_QA2(configdataprovider.java:24)
at com.utility.configdataprovider.get_BaseUrl_QA2(configdataprovider.java:24)
at com.utility.configdataprovider.get_BaseUrl_QA2(configdataprovider.java:24)
at com.utility.configdataprovider.get_BaseUrl_QA2(configdataprovider.java:24)
at com.utility.configdataprovider.get_BaseUrl_QA2(configdataprovider.java:24)
at com.utility.configdataprovider.get_BaseUrl_QA2(configdataprovider.java:24)
at com.utility.configdataprovider.get_BaseUrl_QA2(configdataprovider.java:24)
at com.utility.configdataprovider.get_BaseUrl_QA2(configdataprovider.java:24)
at com.utility.configdataprovider.get_BaseUrl_QA2(configdataprovider.java:24)
at com.utility.configdataprovider.get_BaseUrl_QA2(configdataprovider.java:24)
at com.utility.configdataprovider.get_BaseUrl_QA2(configdataprovider.java:24)
at com.utility.configdataprovider.get_BaseUrl_QA2(configdataprovider.java:24)
at com.utility.configdataprovider.get_BaseUrl_QA2(configdataprovider.java:24)
at com.utility.configdataprovider.get_BaseUrl_QA2(configdataprovider.java:24)
at com.utility.configdataprovider.get_BaseUrl_QA2(configdataprovider.java:24)
at com.utility.configdataprovider.get_BaseUrl_QA2(configdataprovider.java:24)
at com.utility.configdataprovider.get_BaseUrl_QA2(configdataprovider.java:24)
at com.utility.configdataprovider.get_BaseUrl_QA2(configdataprovider.java:24)
at com.utility.configdataprovider.get_BaseUrl_QA2(configdataprovider.java:24)
at com.utility.configdataprovider.get_BaseUrl_QA2(configdataprovider.java:24)
at com.utility.configdataprovider.get_BaseUrl_QA2(configdataprovider.java:24)
at com.utility.configdataprovider.get_BaseUrl_QA2(configdataprovider.java:24)
at com.utility.configdataprovider.get_BaseUrl_QA2(configdataprovider.java:24)
at com.utility.configdataprovider.get_BaseUrl_QA2(configdataprovider.java:24)
at com.utility.configdataprovider.get_BaseUrl_QA2(configdataprovider.java:24)
at com.utility.configdataprovider.get_BaseUrl_QA2(configdataprovider.java:24)
at com.utility.configdataprovider.get_BaseUrl_QA2(configdataprovider.java:24)
at com.utility.configdataprovider.get_BaseUrl_QA2(configdataprovider.java:24)
at com.utility.configdataprovider.get_BaseUrl_QA2(configdataprovider.java:24)
at com.utility.configdataprovider.get_BaseUrl_QA2(configdataprovider.java:24)
at com.utility.configdataprovider.get_BaseUrl_QA2(configdataprovider.java:24)
at com.utility.configdataprovider.get_BaseUrl_QA2(configdataprovider.java:24)
at com.utility.configdataprovider.get_BaseUrl_QA2(configdataprovider.java:24)
at com.utility.configdataprovider.get_BaseUrl_QA2(configdataprovider.java:24)
at com.utility.configdataprovider.get_BaseUrl_QA2(configdataprovider.java:24)
at com.utility.configdataprovider.get_BaseUrl_QA2(configdataprovider.java:24)
at com.utility.configdataprovider.get_BaseUrl_QA2(configdataprovider.java:24)
at com.utility.configdataprovider.get_BaseUrl_QA2(configdataprovider.java:24)
at com.utility.configdataprovider.get_BaseUrl_QA2(configdataprovider.java:24)
at com.utility.configdataprovider.get_BaseUrl_QA2(configdataprovider.java:24)
at com.utility.configdataprovider.get_BaseUrl_QA2(configdataprovider.java:24)
at com.utility.configdataprovider.get_BaseUrl_QA2(configdataprovider.java:24)
at com.utility.configdataprovider.get_BaseUrl_QA2(configdataprovider.java:24)
at com.utility.configdataprovider.get_BaseUrl_QA2(configdataprovider.java:24)
at com.utility.configdataprovider.get_BaseUrl_QA2(configdataprovider.java:24)
at com.utility.configdataprovider.get_BaseUrl_QA2(configdataprovider.java:24)
at com.utility.configdataprovider.get_BaseUrl_QA2(configdataprovider.java:24)
at com.utility.configdataprovider.get_BaseUrl_QA2(configdataprovider.java:24)
at com.utility.configdataprovider.get_BaseUrl_QA2(configdataprovider.java:24)
at com.utility.configdataprovider.get_BaseUrl_QA2(configdataprovider.java:24)
at com.utility.configdataprovider.get_BaseUrl_QA2(configdataprovider.java:24)
at com.utility.configdataprovider.get_BaseUrl_QA2(configdataprovider.java:24)
at com.utility.configdataprovider.get_BaseUrl_QA2(configdataprovider.java:24)
at com.utility.configdataprovider.get_BaseUrl_QA2(configdataprovider.java:24)
at com.utility.configdataprovider.get_BaseUrl_QA2(configdataprovider.java:24)
at com.utility.configdataprovider.get_BaseUrl_QA2(configdataprovider.java:24)
at com.utility.configdataprovider.get_BaseUrl_QA2(configdataprovider.java:24)
at com.utility.configdataprovider.get_BaseUrl_QA2(configdataprovider.java:24)
at com.utility.configdataprovider.get_BaseUrl_QA2(configdataprovider.java:24)
at com.utility.configdataprovider.get_BaseUrl_QA2(configdataprovider.java:24)
at com.utility.configdataprovider.get_BaseUrl_QA2(configdataprovider.java:24)
at com.utility.configdataprovider.get_BaseUrl_QA2(configdataprovider.java:24)
at com.utility.configdataprovider.get_BaseUrl_QA2(configdataprovider.java:24)
at com.utility.configdataprovider.get_BaseUrl_QA2(configdataprovider.java:24)
at com.utility.configdataprovider.get_BaseUrl_QA2(configdataprovider.java:24)
at com.utility.configdataprovider.get_BaseUrl_QA2(configdataprovider.java:24)
at com.utility.configdataprovider.get_BaseUrl_QA2(configdataprovider.java:24)
at com.utility.configdataprovider.get_BaseUrl_QA2(configdataprovider.java:24)
at com.utility.configdataprovider.get_BaseUrl_QA2(configdataprovider.java:24)
at com.utility.configdataprovider.get_BaseUrl_QA2(configdataprovider.java:24)
at com.utility.configdataprovider.get_BaseUrl_QA2(configdataprovider.java:24)
at com.utility.configdataprovider.get_BaseUrl_QA2(configdataprovider.java:24)
at com.utility.configdataprovider.get_BaseUrl_QA2(configdataprovider.java:24)
at com.utility.configdataprovider.get_BaseUrl_QA2(configdataprovider.java:24)
at com.utility.configdataprovider.get_BaseUrl_QA2(configdataprovider.java:24)
at com.utility.configdataprovider.get_BaseUrl_QA2(configdataprovider.java:24)
at com.utility.configdataprovider.get_BaseUrl_QA2(configdataprovider.java:24)
at com.utility.configdataprovider.get_BaseUrl_QA2(configdataprovider.java:24)
at com.utility.configdataprovider.get_BaseUrl_QA2(configdataprovider.java:24)
at com.utility.configdataprovider.get_BaseUrl_QA2(configdataprovider.java:24)
at com.utility.configdataprovider.get_BaseUrl_QA2(configdataprovider.java:24)
at com.utility.configdataprovider.get_BaseUrl_QA2(configdataprovider.java:24)
at com.utility.configdataprovider.get_BaseUrl_QA2(configdataprovider.java:24)
at com.utility.configdataprovider.get_BaseUrl_QA2(configdataprovider.java:24)
at com.utility.configdataprovider.get_BaseUrl_QA2(configdataprovider.java:24)
at com.utility.configdataprovider.get_BaseUrl_QA2(configdataprovider.java:24)
at com.utility.configdataprovider.get_BaseUrl_QA2(configdataprovider.java:24)
at com.utility.configdataprovider.get_BaseUrl_QA2(configdataprovider.java:24)
at com.utility.configdataprovider.get_BaseUrl_QA2(configdataprovider.java:24)
at com.utility.configdataprovider.get_BaseUrl_QA2(configdataprovider.java:24)
at com.utility.configdataprovider.get_BaseUrl_QA2(configdataprovider.java:24)
at com.utility.configdataprovider.get_BaseUrl_QA2(configdataprovider.java:24)
at com.utility.configdataprovider.get_BaseUrl_QA2(configdataprovider.java:24)
at com.utility.configdataprovider.get_BaseUrl_QA2(configdataprovider.java:24)
at com.utility.configdataprovider.get_BaseUrl_QA2(configdataprovider.java:24)
at com.utility.configdataprovider.get_BaseUrl_QA2(configdataprovider.java:24)
at com.utility.configdataprovider.get_BaseUrl_QA2(configdataprovider.java:24)
at com.utility.configdataprovider.get_BaseUrl_QA2(configdataprovider.java:24)
at com.utility.configdataprovider.get_BaseUrl_QA2(configdataprovider.java:24)
at com.utility.configdataprovider.get_BaseUrl_QA2(configdataprovider.java:24)
at com.utility.configdataprovider.get_BaseUrl_QA2(configdataprovider.java:24)
at com.utility.configdataprovider.get_BaseUrl_QA2(configdataprovider.java:24)
at com.utility.configdataprovider.get_BaseUrl_QA2(configdataprovider.java:24)
at com.utility.configdataprovider.get_BaseUrl_QA2(configdataprovider.java:24)
at com.utility.configdataprovider.get_BaseUrl_QA2(configdataprovider.java:24)
at com.utility.configdataprovider.get_BaseUrl_QA2(configdataprovider.java:24)
at com.utility.configdataprovider.get_BaseUrl_QA2(configdataprovider.java:24)
at com.utility.configdataprovider.get_BaseUrl_QA2(configdataprovider.java:24)
at com.utility.configdataprovider.get_BaseUrl_QA2(configdataprovider.java:24)
at com.utility.configdataprovider.get_BaseUrl_QA2(configdataprovider.java:24)
at com.utility.configdataprovider.get_BaseUrl_QA2(configdataprovider.java:24)
at com.utility.configdataprovider.get_BaseUrl_QA2(configdataprovider.java:24)
at com.utility.configdataprovider.get_BaseUrl_QA2(configdataprovider.java:24)
at com.utility.configdataprovider.get_BaseUrl_QA2(configdataprovider.java:24)
at com.utility.configdataprovider.get_BaseUrl_QA2(configdataprovider.java:24)
at com.utility.configdataprovider.get_BaseUrl_QA2(configdataprovider.java:24)
at com.utility.configdataprovider.get_BaseUrl_QA2(configdataprovider.java:24)
at com.utility.configdataprovider.get_BaseUrl_QA2(configdataprovider.java:24)
at com.utility.configdataprovider.get_BaseUrl_QA2(configdataprovider.java:24)
at com.utility.configdataprovider.get_BaseUrl_QA2(configdataprovider.java:24)
at com.utility.configdataprovider.get_BaseUrl_QA2(configdataprovider.java:24)
at com.utility.configdataprovider.get_BaseUrl_QA2(configdataprovider.java:24)
at com.utility.configdataprovider.get_BaseUrl_QA2(configdataprovider.java:24)
at com.utility.configdataprovider.get_BaseUrl_QA2(configdataprovider.java:24)
at com.utility.configdataprovider.get_BaseUrl_QA2(configdataprovider.java:24)
at com.utility.configdataprovider.get_BaseUrl_QA2(configdataprovider.java:24)
at com.utility.configdataprovider.get_BaseUrl_QA2(configdataprovider.java:24)
at com.utility.configdataprovider.get_BaseUrl_QA2(configdataprovider.java:24)
at com.utility.configdataprovider.get_BaseUrl_QA2(configdataprovider.java:24)
at com.utility.configdataprovider.get_BaseUrl_QA2(configdataprovider.java:24)
at com.utility.configdataprovider.get_BaseUrl_QA2(configdataprovider.java:24)
at com.utility.configdataprovider.get_BaseUrl_QA2(configdataprovider.java:24)
at com.utility.configdataprovider.get_BaseUrl_QA2(configdataprovider.java:24)
at com.utility.configdataprovider.get_BaseUrl_QA2(configdataprovider.java:24)
at com.utility.configdataprovider.get_BaseUrl_QA2(configdataprovider.java:24)
at com.utility.configdataprovider.get_BaseUrl_QA2(configdataprovider.java:24)
at com.utility.configdataprovider.get_BaseUrl_QA2(configdataprovider.java:24)
at com.utility.configdataprovider.get_BaseUrl_QA2(configdataprovider.java:24)
at com.utility.configdataprovider.get_BaseUrl_QA2(configdataprovider.java:24)
at com.utility.configdataprovider.get_BaseUrl_QA2(configdataprovider.java:24)
at com.utility.configdataprovider.get_BaseUrl_QA2(configdataprovider.java:24)
at com.utility.configdataprovider.get_BaseUrl_QA2(configdataprovider.java:24)
at com.utility.configdataprovider.get_BaseUrl_QA2(configdataprovider.java:24)
at com.utility.configdataprovider.get_BaseUrl_QA2(configdataprovider.java:24)
at com.utility.configdataprovider.get_BaseUrl_QA2(configdataprovider.java:24)
at com.utility.configdataprovider.get_BaseUrl_QA2(configdataprovider.java:24)
at com.utility.configdataprovider.get_BaseUrl_QA2(configdataprovider.java:24)
at com.utility.configdataprovider.get_BaseUrl_QA2(configdataprovider.java:24)
at com.utility.configdataprovider.get_BaseUrl_QA2(configdataprovider.java:24)
at com.utility.configdataprovider.get_BaseUrl_QA2(configdataprovider.java:24)
at com.utility.configdataprovider.get_BaseUrl_QA2(configdataprovider.java:24)
at com.utility.configdataprovider.get_BaseUrl_QA2(configdataprovider.java:24)
at com.utility.configdataprovider.get_BaseUrl_QA2(configdataprovider.java:24)
at com.utility.configdataprovider.get_BaseUrl_QA2(configdataprovider.java:24)
at com.utility.configdataprovider.get_BaseUrl_QA2(configdataprovider.java:24)
at com.utility.configdataprovider.get_BaseUrl_QA2(configdataprovider.java:24)
at com.utility.configdataprovider.get_BaseUrl_QA2(configdataprovider.java:24)
at com.utility.configdataprovider.get_BaseUrl_QA2(configdataprovider.java:24)
at com.utility.configdataprovider.get_BaseUrl_QA2(configdataprovider.java:24)
at com.utility.configdataprovider.get_BaseUrl_QA2(configdataprovider.java:24)
at com.utility.configdataprovider.get_BaseUrl_QA2(configdataprovider.java:24)
at com.utility.configdataprovider.get_BaseUrl_QA2(configdataprovider.java:24)
at com.utility.configdataprovider.get_BaseUrl_QA2(configdataprovider.java:24)
at com.utility.configdataprovider.get_BaseUrl_QA2(configdataprovider.java:24)
at com.utility.configdataprovider.get_BaseUrl_QA2(configdataprovider.java:24)
at com.utility.configdataprovider.get_BaseUrl_QA2(configdataprovider.java:24)
at com.utility.configdataprovider.get_BaseUrl_QA2(configdataprovider.java:24)
at com.utility.configdataprovider.get_BaseUrl_QA2(configdataprovider.java:24)
at com.utility.configdataprovider.get_BaseUrl_QA2(configdataprovider.java:24)
at com.utility.configdataprovider.get_BaseUrl_QA2(configdataprovider.java:24)
at com.utility.configdataprovider.get_BaseUrl_QA2(configdataprovider.java:24)
at com.utility.configdataprovider.get_BaseUrl_QA2(configdataprovider.java:24)
at com.utility.configdataprovider.get_BaseUrl_QA2(configdataprovider.java:24)
at com.utility.configdataprovider.get_BaseUrl_QA2(configdataprovider.java:24)
at com.utility.configdataprovider.get_BaseUrl_QA2(configdataprovider.java:24)
at com.utility.configdataprovider.get_BaseUrl_QA2(configdataprovider.java:24)
at com.utility.configdataprovider.get_BaseUrl_QA2(configdataprovider.java:24)
at com.utility.configdataprovider.get_BaseUrl_QA2(configdataprovider.java:24)
at com.utility.configdataprovider.get_BaseUrl_QA2(configdataprovider.java:24)
at com.utility.configdataprovider.get_BaseUrl_QA2(configdataprovider.java:24)
at com.utility.configdataprovider.get_BaseUrl_QA2(configdataprovider.java:24)
at com.utility.configdataprovider.get_BaseUrl_QA2(configdataprovider.java:24)
at com.utility.configdataprovider.get_BaseUrl_QA2(configdataprovider.java:24)
at com.utility.configdataprovider.get_BaseUrl_QA2(configdataprovider.java:24)
at com.utility.configdataprovider.get_BaseUrl_QA2(configdataprovider.java:24)
at com.utility.configdataprovider.get_BaseUrl_QA2(configdataprovider.java:24)
at com.utility.configdataprovider.get_BaseUrl_QA2(configdataprovider.java:24)
at com.utility.configdataprovider.get_BaseUrl_QA2(configdataprovider.java:24)
at com.utility.configdataprovider.get_BaseUrl_QA2(configdataprovider.java:24)
at com.utility.configdataprovider.get_BaseUrl_QA2(configdataprovider.java:24)
at com.utility.configdataprovider.get_BaseUrl_QA2(configdataprovider.java:24)
at com.utility.configdataprovider.get_BaseUrl_QA2(configdataprovider.java:24)
at com.utility.configdataprovider.get_BaseUrl_QA2(configdataprovider.java:24)
at com.utility.configdataprovider.get_BaseUrl_QA2(configdataprovider.java:24)
at com.utility.configdataprovider.get_BaseUrl_QA2(configdataprovider.java:24)
at com.utility.configdataprovider.get_BaseUrl_QA2(configdataprovider.java:24)
at com.utility.configdataprovider.get_BaseUrl_QA2(configdataprovider.java:24)
at com.utility.configdataprovider.get_BaseUrl_QA2(configdataprovider.java:24)
at com.utility.configdataprovider.get_BaseUrl_QA2(configdataprovider.java:24)
at com.utility.configdataprovider.get_BaseUrl_QA2(configdataprovider.java:24)
at com.utility.configdataprovider.get_BaseUrl_QA2(configdataprovider.java:24)
at com.utility.configdataprovider.get_BaseUrl_QA2(configdataprovider.java:24)
at com.utility.configdataprovider.get_BaseUrl_QA2(configdataprovider.java:24)
at com.utility.configdataprovider.get_BaseUrl_QA2(configdataprovider.java:24)
at com.utility.configdataprovider.get_BaseUrl_QA2(configdataprovider.java:24)
at com.utility.configdataprovider.get_BaseUrl_QA2(configdataprovider.java:24)
at com.utility.configdataprovider.get_BaseUrl_QA2(configdataprovider.java:24)
at com.utility.configdataprovider.get_BaseUrl_QA2(configdataprovider.java:24)
at com.utility.configdataprovider.get_BaseUrl_QA2(configdataprovider.java:24)
at com.utility.configdataprovider.get_BaseUrl_QA2(configdataprovider.java:24)
at com.utility.configdataprovider.get_BaseUrl_QA2(configdataprovider.java:24)
at com.utility.configdataprovider.get_BaseUrl_QA2(configdataprovider.java:24)
at com.utility.configdataprovider.get_BaseUrl_QA2(configdataprovider.java:24)
at com.utility.configdataprovider.get_BaseUrl_QA2(configdataprovider.java:24)
at com.utility.configdataprovider.get_BaseUrl_QA2(configdataprovider.java:24)
at com.utility.configdataprovider.get_BaseUrl_QA2(configdataprovider.java:24)
at com.utility.configdataprovider.get_BaseUrl_QA2(configdataprovider.java:24)
at com.utility.configdataprovider.get_BaseUrl_QA2(configdataprovider.java:24)
at com.utility.configdataprovider.get_BaseUrl_QA2(configdataprovider.java:24)
at com.utility.configdataprovider.get_BaseUrl_QA2(configdataprovider.java:24)
at com.utility.configdataprovider.get_BaseUrl_QA2(configdataprovider.java:24)
at com.utility.configdataprovider.get_BaseUrl_QA2(configdataprovider.java:24)
at com.utility.configdataprovider.get_BaseUrl_QA2(configdataprovider.java:24)
at com.utility.configdataprovider.get_BaseUrl_QA2(configdataprovider.java:24)
at com.utility.configdataprovider.get_BaseUrl_QA2(configdataprovider.java:24)
at com.utility.configdataprovider.get_BaseUrl_QA2(configdataprovider.java:24)
at com.utility.configdataprovider.get_BaseUrl_QA2(configdataprovider.java:24)
at com.utility.configdataprovider.get_BaseUrl_QA2(configdataprovider.java:24)
at com.utility.configdataprovider.get_BaseUrl_QA2(configdataprovider.java:24)
at com.utility.configdataprovider.get_BaseUrl_QA2(configdataprovider.java:24)
at com.utility.configdataprovider.get_BaseUrl_QA2(configdataprovider.java:24)
at com.utility.configdataprovider.get_BaseUrl_QA2(configdataprovider.java:24)
at com.utility.configdataprovider.get_BaseUrl_QA2(configdataprovider.java:24)
at com.utility.configdataprovider.get_BaseUrl_QA2(configdataprovider.java:24)
at com.utility.configdataprovider.get_BaseUrl_QA2(configdataprovider.java:24)
at com.utility.configdataprovider.get_BaseUrl_QA2(configdataprovider.java:24)
at com.utility.configdataprovider.get_BaseUrl_QA2(configdataprovider.java:24)
at com.utility.configdataprovider.get_BaseUrl_QA2(configdataprovider.java:24)
at com.utility.configdataprovider.get_BaseUrl_QA2(configdataprovider.java:24)
at com.utility.configdataprovider.get_BaseUrl_QA2(configdataprovider.java:24)
at com.utility.configdataprovider.get_BaseUrl_QA2(configdataprovider.java:24)
at com.utility.configdataprovider.get_BaseUrl_QA2(configdataprovider.java:24)
at com.utility.configdataprovider.get_BaseUrl_QA2(configdataprovider.java:24)
at com.utility.configdataprovider.get_BaseUrl_QA2(configdataprovider.java:24)
at com.utility.configdataprovider.get_BaseUrl_QA2(configdataprovider.java:24)
at com.utility.configdataprovider.get_BaseUrl_QA2(configdataprovider.java:24)
at com.utility.configdataprovider.get_BaseUrl_QA2(configdataprovider.java:24)
at com.utility.configdataprovider.get_BaseUrl_QA2(configdataprovider.java:24)
at com.utility.configdataprovider.get_BaseUrl_QA2(configdataprovider.java:24)
at com.utility.configdataprovider.get_BaseUrl_QA2(configdataprovider.java:24)
at com.utility.configdataprovider.get_BaseUrl_QA2(configdataprovider.java:24)
at com.utility.configdataprovider.get_BaseUrl_QA2(configdataprovider.java:24)
at com.utility.configdataprovider.get_BaseUrl_QA2(configdataprovider.java:24)
at com.utility.configdataprovider.get_BaseUrl_QA2(configdataprovider.java:24)
at com.utility.configdataprovider.get_BaseUrl_QA2(configdataprovider.java:24)
at com.utility.configdataprovider.get_BaseUrl_QA2(configdataprovider.java:24)
at com.utility.configdataprovider.get_BaseUrl_QA2(configdataprovider.java:24)
at com.utility.configdataprovider.get_BaseUrl_QA2(configdataprovider.java:24)
at com.utility.configdataprovider.get_BaseUrl_QA2(configdataprovider.java:24)
at com.utility.configdataprovider.get_BaseUrl_QA2(configdataprovider.java:24)
at com.utility.configdataprovider.get_BaseUrl_QA2(configdataprovider.java:24)
at com.utility.configdataprovider.get_BaseUrl_QA2(configdataprovider.java:24)
at com.utility.configdataprovider.get_BaseUrl_QA2(configdataprovider.java:24)
at com.utility.configdataprovider.get_BaseUrl_QA2(configdataprovider.java:24)
at com.utility.configdataprovider.get_BaseUrl_QA2(configdataprovider.java:24)
at com.utility.configdataprovider.get_BaseUrl_QA2(configdataprovider.java:24)
at com.utility.configdataprovider.get_BaseUrl_QA2(configdataprovider.java:24)
at com.utility.configdataprovider.get_BaseUrl_QA2(configdataprovider.java:24)
at com.utility.configdataprovider.get_BaseUrl_QA2(configdataprovider.java:24)
at com.utility.configdataprovider.get_BaseUrl_QA2(configdataprovider.java:24)
at com.utility.configdataprovider.get_BaseUrl_QA2(configdataprovider.java:24)
at com.utility.configdataprovider.get_BaseUrl_QA2(configdataprovider.java:24)
at com.utility.configdataprovider.get_BaseUrl_QA2(configdataprovider.java:24)
at com.utility.configdataprovider.get_BaseUrl_QA2(configdataprovider.java:24)
at com.utility.configdataprovider.get_BaseUrl_QA2(configdataprovider.java:24)
at com.utility.configdataprovider.get_BaseUrl_QA2(configdataprovider.java:24)
at com.utility.configdataprovider.get_BaseUrl_QA2(configdataprovider.java:24)
at com.utility.configdataprovider.get_BaseUrl_QA2(configdataprovider.java:24)
at com.utility.configdataprovider.get_BaseUrl_QA2(configdataprovider.java:24)
at com.utility.configdataprovider.get_BaseUrl_QA2(configdataprovider.java:24)
at com.utility.configdataprovider.get_BaseUrl_QA2(configdataprovider.java:24)
at com.utility.configdataprovider.get_BaseUrl_QA2(configdataprovider.java:24)
at com.utility.configdataprovider.get_BaseUrl_QA2(configdataprovider.java:24)
at com.utility.configdataprovider.get_BaseUrl_QA2(configdataprovider.java:24)
at com.utility.configdataprovider.get_BaseUrl_QA2(configdataprovider.java:24)
at com.utility.configdataprovider.get_BaseUrl_QA2(configdataprovider.java:24)
at com.utility.configdataprovider.get_BaseUrl_QA2(configdataprovider.java:24)
at com.utility.configdataprovider.get_BaseUrl_QA2(configdataprovider.java:24)
at com.utility.configdataprovider.get_BaseUrl_QA2(configdataprovider.java:24)
at com.utility.configdataprovider.get_BaseUrl_QA2(configdataprovider.java:24)
at com.utility.configdataprovider.get_BaseUrl_QA2(configdataprovider.java:24)
at com.utility.configdataprovider.get_BaseUrl_QA2(configdataprovider.java:24)
at com.utility.configdataprovider.get_BaseUrl_QA2(configdataprovider.java:24)
at com.utility.configdataprovider.get_BaseUrl_QA2(configdataprovider.java:24)
at com.utility.configdataprovider.get_BaseUrl_QA2(configdataprovider.java:24)
at com.utility.configdataprovider.get_BaseUrl_QA2(configdataprovider.java:24)
at com.utility.configdataprovider.get_BaseUrl_QA2(configdataprovider.java:24)
at com.utility.configdataprovider.get_BaseUrl_QA2(configdataprovider.java:24)
at com.utility.configdataprovider.get_BaseUrl_QA2(configdataprovider.java:24)
at com.utility.configdataprovider.get_BaseUrl_QA2(configdataprovider.java:24)
at com.utility.configdataprovider.get_BaseUrl_QA2(configdataprovider.java:24)
at com.utility.configdataprovider.get_BaseUrl_QA2(configdataprovider.java:24)
at com.utility.configdataprovider.get_BaseUrl_QA2(configdataprovider.java:24)
at com.utility.configdataprovider.get_BaseUrl_QA2(configdataprovider.java:24)
at com.utility.configdataprovider.get_BaseUrl_QA2(configdataprovider.java:24)
at com.utility.configdataprovider.get_BaseUrl_QA2(configdataprovider.java:24)
at com.utility.configdataprovider.get_BaseUrl_QA2(configdataprovider.java:24)
at com.utility.configdataprovider.get_BaseUrl_QA2(configdataprovider.java:24)
at com.utility.configdataprovider.get_BaseUrl_QA2(configdataprovider.java:24)
at com.utility.configdataprovider.get_BaseUrl_QA2(configdataprovider.java:24)
at com.utility.configdataprovider.get_BaseUrl_QA2(configdataprovider.java:24)
at com.utility.configdataprovider.get_BaseUrl_QA2(configdataprovider.java:24)
at com.utility.configdataprovider.get_BaseUrl_QA2(configdataprovider.java:24)
at com.utility.configdataprovider.get_BaseUrl_QA2(configdataprovider.java:24)
at com.utility.configdataprovider.get_BaseUrl_QA2(configdataprovider.java:24)
at com.utility.configdataprovider.get_BaseUrl_QA2(configdataprovider.java:24)
at com.utility.configdataprovider.get_BaseUrl_QA2(configdataprovider.java:24)
at com.utility.configdataprovider.get_BaseUrl_QA2(configdataprovider.java:24)
at com.utility.configdataprovider.get_BaseUrl_QA2(configdataprovider.java:24)
at com.utility.configdataprovider.get_BaseUrl_QA2(configdataprovider.java:24)
at com.utility.configdataprovider.get_BaseUrl_QA2(configdataprovider.java:24)
at com.utility.configdataprovider.get_BaseUrl_QA2(configdataprovider.java:24)
at com.utility.configdataprovider.get_BaseUrl_QA2(configdataprovider.java:24)
at com.utility.configdataprovider.get_BaseUrl_QA2(configdataprovider.java:24)
at com.utility.configdataprovider.get_BaseUrl_QA2(configdataprovider.java:24)
at com.utility.configdataprovider.get_BaseUrl_QA2(configdataprovider.java:24)
at com.utility.configdataprovider.get_BaseUrl_QA2(configdataprovider.java:24)
at com.utility.configdataprovider.get_BaseUrl_QA2(configdataprovider.java:24)
at com.utility.configdataprovider.get_BaseUrl_QA2(configdataprovider.java:24)
at com.utility.configdataprovider.get_BaseUrl_QA2(configdataprovider.java:24)
at com.utility.configdataprovider.get_BaseUrl_QA2(configdataprovider.java:24)
at com.utility.configdataprovider.get_BaseUrl_QA2(configdataprovider.java:24)
at com.utility.configdataprovider.get_BaseUrl_QA2(configdataprovider.java:24)
at com.utility.configdataprovider.get_BaseUrl_QA2(configdataprovider.java:24)
at com.utility.configdataprovider.get_BaseUrl_QA2(configdataprovider.java:24)
at com.utility.configdataprovider.get_BaseUrl_QA2(configdataprovider.java:24)
at com.utility.configdataprovider.get_BaseUrl_QA2(configdataprovider.java:24)
at com.utility.configdataprovider.get_BaseUrl_QA2(configdataprovider.java:24)
at com.utility.configdataprovider.get_BaseUrl_QA2(configdataprovider.java:24)
at com.utility.configdataprovider.get_BaseUrl_QA2(configdataprovider.java:24)
at com.utility.configdataprovider.get_BaseUrl_QA2(configdataprovider.java:24)
at com.utility.configdataprovider.get_BaseUrl_QA2(configdataprovider.java:24)
at com.utility.configdataprovider.get_BaseUrl_QA2(configdataprovider.java:24)
at com.utility.configdataprovider.get_BaseUrl_QA2(configdataprovider.java:24)
at com.utility.configdataprovider.get_BaseUrl_QA2(configdataprovider.java:24)
at com.utility.configdataprovider.get_BaseUrl_QA2(configdataprovider.java:24)
at com.utility.configdataprovider.get_BaseUrl_QA2(configdataprovider.java:24)
at com.utility.configdataprovider.get_BaseUrl_QA2(configdataprovider.java:24)
at com.utility.configdataprovider.get_BaseUrl_QA2(configdataprovider.java:24)
at com.utility.configdataprovider.get_BaseUrl_QA2(configdataprovider.java:24)
at com.utility.configdataprovider.get_BaseUrl_QA2(configdataprovider.java:24)
at com.utility.configdataprovider.get_BaseUrl_QA2(configdataprovider.java:24)
at com.utility.configdataprovider.get_BaseUrl_QA2(configdataprovider.java:24)
at com.utility.configdataprovider.get_BaseUrl_QA2(configdataprovider.java:24)
at com.utility.configdataprovider.get_BaseUrl_QA2(configdataprovider.java:24)
at com.utility.configdataprovider.get_BaseUrl_QA2(configdataprovider.java:24)
at com.utility.configdataprovider.get_BaseUrl_QA2(configdataprovider.java:24)
at com.utility.configdataprovider.get_BaseUrl_QA2(configdataprovider.java:24)
at com.utility.configdataprovider.get_BaseUrl_QA2(configdataprovider.java:24)
at com.utility.configdataprovider.get_BaseUrl_QA2(configdataprovider.java:24)
at com.utility.configdataprovider.get_BaseUrl_QA2(configdataprovider.java:24)
at com.utility.configdataprovider.get_BaseUrl_QA2(configdataprovider.java:24)
at com.utility.configdataprovider.get_BaseUrl_QA2(configdataprovider.java:24)
at com.utility.configdataprovider.get_BaseUrl_QA2(configdataprovider.java:24)
at com.utility.configdataprovider.get_BaseUrl_QA2(configdataprovider.java:24)
at com.utility.configdataprovider.get_BaseUrl_QA2(configdataprovider.java:24)
at com.utility.configdataprovider.get_BaseUrl_QA2(configdataprovider.java:24)
at com.utility.configdataprovider.get_BaseUrl_QA2(configdataprovider.java:24)
at com.utility.configdataprovider.get_BaseUrl_QA2(configdataprovider.java:24)
at com.utility.configdataprovider.get_BaseUrl_QA2(configdataprovider.java:24)
at com.utility.configdataprovider.get_BaseUrl_QA2(configdataprovider.java:24)
at com.utility.configdataprovider.get_BaseUrl_QA2(configdataprovider.java:24)
at com.utility.configdataprovider.get_BaseUrl_QA2(configdataprovider.java:24)
at com.utility.configdataprovider.get_BaseUrl_QA2(configdataprovider.java:24)
at com.utility.configdataprovider.get_BaseUrl_QA2(configdataprovider.java:24)
at com.utility.configdataprovider.get_BaseUrl_QA2(configdataprovider.java:24)
at com.utility.configdataprovider.get_BaseUrl_QA2(configdataprovider.java:24)
at com.utility.configdataprovider.get_BaseUrl_QA2(configdataprovider.java:24)
at com.utility.configdataprovider.get_BaseUrl_QA2(configdataprovider.java:24)
at com.utility.configdataprovider.get_BaseUrl_QA2(configdataprovider.java:24)
at com.utility.configdataprovider.get_BaseUrl_QA2(configdataprovider.java:24)
at com.utility.configdataprovider.get_BaseUrl_QA2(configdataprovider.java:24)
at com.utility.configdataprovider.get_BaseUrl_QA2(configdataprovider.java:24)
at com.utility.configdataprovider.get_BaseUrl_QA2(configdataprovider.java:24)
at com.utility.configdataprovider.get_BaseUrl_QA2(configdataprovider.java:24)
at com.utility.configdataprovider.get_BaseUrl_QA2(configdataprovider.java:24)
at com.utility.configdataprovider.get_BaseUrl_QA2(configdataprovider.java:24)
at com.utility.configdataprovider.get_BaseUrl_QA2(configdataprovider.java:24)
at com.utility.configdataprovider.get_BaseUrl_QA2(configdataprovider.java:24)
at com.utility.configdataprovider.get_BaseUrl_QA2(configdataprovider.java:24)
at com.utility.configdataprovider.get_BaseUrl_QA2(configdataprovider.java:24)
at com.utility.configdataprovider.get_BaseUrl_QA2(configdataprovider.java:24)
at com.utility.configdataprovider.get_BaseUrl_QA2(configdataprovider.java:24)
at com.utility.configdataprovider.get_BaseUrl_QA2(configdataprovider.java:24)
at com.utility.configdataprovider.get_BaseUrl_QA2(configdataprovider.java:24)
at com.utility.configdataprovider.get_BaseUrl_QA2(configdataprovider.java:24)
at com.utility.configdataprovider.get_BaseUrl_QA2(configdataprovider.java:24)
at com.utility.configdataprovider.get_BaseUrl_QA2(configdataprovider.java:24)
at com.utility.configdataprovider.get_BaseUrl_QA2(configdataprovider.java:24)
at com.utility.configdataprovider.get_BaseUrl_QA2(configdataprovider.java:24)
at com.utility.configdataprovider.get_BaseUrl_QA2(configdataprovider.java:24)
at com.utility.configdataprovider.get_BaseUrl_QA2(configdataprovider.java:24)
at com.utility.configdataprovider.get_BaseUrl_QA2(configdataprovider.java:24)
at com.utility.configdataprovider.get_BaseUrl_QA2(configdataprovider.java:24)
at com.utility.configdataprovider.get_BaseUrl_QA2(configdataprovider.java:24)
at com.utility.configdataprovider.get_BaseUrl_QA2(configdataprovider.java:24)
at com.utility.configdataprovider.get_BaseUrl_QA2(configdataprovider.java:24)
at com.utility.configdataprovider.get_BaseUrl_QA2(configdataprovider.java:24)
at com.utility.configdataprovider.get_BaseUrl_QA2(configdataprovider.java:24)
at com.utility.configdataprovider.get_BaseUrl_QA2(configdataprovider.java:24)
at com.utility.configdataprovider.get_BaseUrl_QA2(configdataprovider.java:24)
at com.utility.configdataprovider.get_BaseUrl_QA2(configdataprovider.java:24)
at com.utility.configdataprovider.get_BaseUrl_QA2(configdataprovider.java:24)
at com.utility.configdataprovider.get_BaseUrl_QA2(configdataprovider.java:24)
at com.utility.configdataprovider.get_BaseUrl_QA2(configdataprovider.java:24)
at com.utility.configdataprovider.get_BaseUrl_QA2(configdataprovider.java:24)
at com.utility.configdataprovider.get_BaseUrl_QA2(configdataprovider.java:24)
at com.utility.configdataprovider.get_BaseUrl_QA2(configdataprovider.java:24)
at com.utility.configdataprovider.get_BaseUrl_QA2(configdataprovider.java:24)
at com.utility.configdataprovider.get_BaseUrl_QA2(configdataprovider.java:24)
at com.utility.configdataprovider.get_BaseUrl_QA2(configdataprovider.java:24)
at com.utility.configdataprovider.get_BaseUrl_QA2(configdataprovider.java:24)
at com.utility.configdataprovider.get_BaseUrl_QA2(configdataprovider.java:24)
at com.utility.configdataprovider.get_BaseUrl_QA2(configdataprovider.java:24)
at com.utility.configdataprovider.get_BaseUrl_QA2(configdataprovider.java:24)
at com.utility.configdataprovider.get_BaseUrl_QA2(configdataprovider.java:24)
at com.utility.configdataprovider.get_BaseUrl_QA2(configdataprovider.java:24)
at com.utility.configdataprovider.get_BaseUrl_QA2(configdataprovider.java:24)
at com.utility.configdataprovider.get_BaseUrl_QA2(configdataprovider.java:24)
at com.utility.configdataprovider.get_BaseUrl_QA2(configdataprovider.java:24)
at com.utility.configdataprovider.get_BaseUrl_QA2(configdataprovider.java:24)
at com.utility.configdataprovider.get_BaseUrl_QA2(configdataprovider.java:24)
at com.utility.configdataprovider.get_BaseUrl_QA2(configdataprovider.java:24)
at com.utility.configdataprovider.get_BaseUrl_QA2(configdataprovider.java:24)
at com.utility.configdataprovider.get_BaseUrl_QA2(configdataprovider.java:24)
at com.utility.configdataprovider.get_BaseUrl_QA2(configdataprovider.java:24)
at com.utility.configdataprovider.get_BaseUrl_QA2(configdataprovider.java:24)
at com.utility.configdataprovider.get_BaseUrl_QA2(configdataprovider.java:24)
at com.utility.configdataprovider.get_BaseUrl_QA2(configdataprovider.java:24)
at com.utility.configdataprovider.get_BaseUrl_QA2(configdataprovider.java:24)
at com.utility.configdataprovider.get_BaseUrl_QA2(configdataprovider.java:24)
at com.utility.configdataprovider.get_BaseUrl_QA2(configdataprovider.java:24)
at com.utility.configdataprovider.get_BaseUrl_QA2(configdataprovider.java:24)
at com.utility.configdataprovider.get_BaseUrl_QA2(configdataprovider.java:24)
at com.utility.configdataprovider.get_BaseUrl_QA2(configdataprovider.java:24)
at com.utility.configdataprovider.get_BaseUrl_QA2(configdataprovider.java:24)
at com.utility.configdataprovider.get_BaseUrl_QA2(configdataprovider.java:24)
at com.utility.configdataprovider.get_BaseUrl_QA2(configdataprovider.java:24)
at com.utility.configdataprovider.get_BaseUrl_QA2(configdataprovider.java:24)
at com.utility.configdataprovider.get_BaseUrl_QA2(configdataprovider.java:24)
at com.utility.configdataprovider.get_BaseUrl_QA2(configdataprovider.java:24)
at com.utility.configdataprovider.get_BaseUrl_QA2(configdataprovider.java:24)
at com.utility.configdataprovider.get_BaseUrl_QA2(configdataprovider.java:24)
at com.utility.configdataprovider.get_BaseUrl_QA2(configdataprovider.java:24)
at com.utility.configdataprovider.get_BaseUrl_QA2(configdataprovider.java:24)
at com.utility.configdataprovider.get_BaseUrl_QA2(configdataprovider.java:24)
at com.utility.configdataprovider.get_BaseUrl_QA2(configdataprovider.java:24)
at com.utility.configdataprovider.get_BaseUrl_QA2(configdataprovider.java:24)
at com.utility.configdataprovider.get_BaseUrl_QA2(configdataprovider.java:24)
at com.utility.configdataprovider.get_BaseUrl_QA2(configdataprovider.java:24)
at com.utility.configdataprovider.get_BaseUrl_QA2(configdataprovider.java:24)
at com.utility.configdataprovider.get_BaseUrl_QA2(configdataprovider.java:24)
at com.utility.configdataprovider.get_BaseUrl_QA2(configdataprovider.java:24)
at com.utility.configdataprovider.get_BaseUrl_QA2(configdataprovider.java:24)
at com.utility.configdataprovider.get_BaseUrl_QA2(configdataprovider.java:24)
at com.utility.configdataprovider.get_BaseUrl_QA2(configdataprovider.java:24)
at com.utility.configdataprovider.get_BaseUrl_QA2(configdataprovider.java:24)
at com.utility.configdataprovider.get_BaseUrl_QA2(configdataprovider.java:24)
at com.utility.configdataprovider.get_BaseUrl_QA2(configdataprovider.java:24)
at com.utility.configdataprovider.get_BaseUrl_QA2(configdataprovider.java:24)
at com.utility.configdataprovider.get_BaseUrl_QA2(configdataprovider.java:24)
at com.utility.configdataprovider.get_BaseUrl_QA2(configdataprovider.java:24)
at com.utility.configdataprovider.get_BaseUrl_QA2(configdataprovider.java:24)
at com.utility.configdataprovider.get_BaseUrl_QA2(configdataprovider.java:24)
at com.utility.configdataprovider.get_BaseUrl_QA2(configdataprovider.java:24)
at com.utility.configdataprovider.get_BaseUrl_QA2(configdataprovider.java:24)
at com.utility.configdataprovider.get_BaseUrl_QA2(configdataprovider.java:24)
at com.utility.configdataprovider.get_BaseUrl_QA2(configdataprovider.java:24)
at com.utility.configdataprovider.get_BaseUrl_QA2(configdataprovider.java:24)
at com.utility.configdataprovider.get_BaseUrl_QA2(configdataprovider.java:24)
at com.utility.configdataprovider.get_BaseUrl_QA2(configdataprovider.java:24)
at com.utility.configdataprovider.get_BaseUrl_QA2(configdataprovider.java:24)
at com.utility.configdataprovider.get_BaseUrl_QA2(configdataprovider.java:24)
at com.utility.configdataprovider.get_BaseUrl_QA2(configdataprovider.java:24)
at com.utility.configdataprovider.get_BaseUrl_QA2(configdataprovider.java:24)
at com.utility.configdataprovider.get_BaseUrl_QA2(configdataprovider.java:24)
at com.utility.configdataprovider.get_BaseUrl_QA2(configdataprovider.java:24)
at com.utility.configdataprovider.get_BaseUrl_QA2(configdataprovider.java:24)
at com.utility.configdataprovider.get_BaseUrl_QA2(configdataprovider.java:24)
at com.utility.configdataprovider.get_BaseUrl_QA2(configdataprovider.java:24)
at com.utility.configdataprovider.get_BaseUrl_QA2(configdataprovider.java:24)
at com.utility.configdataprovider.get_BaseUrl_QA2(configdataprovider.java:24)
at com.utility.configdataprovider.get_BaseUrl_QA2(configdataprovider.java:24)
at com.utility.configdataprovider.get_BaseUrl_QA2(configdataprovider.java:24)
at com.utility.configdataprovider.get_BaseUrl_QA2(configdataprovider.java:24)
at com.utility.configdataprovider.get_BaseUrl_QA2(configdataprovider.java:24)
at com.utility.configdataprovider.get_BaseUrl_QA2(configdataprovider.java:24)
at com.utility.configdataprovider.get_BaseUrl_QA2(configdataprovider.java:24)
at com.utility.configdataprovider.get_BaseUrl_QA2(configdataprovider.java:24)
at com.utility.configdataprovider.get_BaseUrl_QA2(configdataprovider.java:24)
at com.utility.configdataprovider.get_BaseUrl_QA2(configdataprovider.java:24)
at com.utility.configdataprovider.get_BaseUrl_QA2(configdataprovider.java:24)
at com.utility.configdataprovider.get_BaseUrl_QA2(configdataprovider.java:24)
at com.utility.configdataprovider.get_BaseUrl_QA2(configdataprovider.java:24)
at com.utility.configdataprovider.get_BaseUrl_QA2(configdataprovider.java:24)
at com.utility.configdataprovider.get_BaseUrl_QA2(configdataprovider.java:24)
at com.utility.configdataprovider.get_BaseUrl_QA2(configdataprovider.java:24)
at com.utility.configdataprovider.get_BaseUrl_QA2(configdataprovider.java:24)
at com.utility.configdataprovider.get_BaseUrl_QA2(configdataprovider.java:24)
at com.utility.configdataprovider.get_BaseUrl_QA2(configdataprovider.java:24)
at com.utility.configdataprovider.get_BaseUrl_QA2(configdataprovider.java:24)
at com.utility.configdataprovider.get_BaseUrl_QA2(configdataprovider.java:24)
at com.utility.configdataprovider.get_BaseUrl_QA2(configdataprovider.java:24)
at com.utility.configdataprovider.get_BaseUrl_QA2(configdataprovider.java:24)
at com.utility.configdataprovider.get_BaseUrl_QA2(configdataprovider.java:24)
at com.utility.configdataprovider.get_BaseUrl_QA2(configdataprovider.java:24)
at com.utility.configdataprovider.get_BaseUrl_QA2(configdataprovider.java:24)
at com.utility.configdataprovider.get_BaseUrl_QA2(configdataprovider.java:24)
at com.utility.configdataprovider.get_BaseUrl_QA2(configdataprovider.java:24)
at com.utility.configdataprovider.get_BaseUrl_QA2(configdataprovider.java:24)
at com.utility.configdataprovider.get_BaseUrl_QA2(configdataprovider.java:24)
at com.utility.configdataprovider.get_BaseUrl_QA2(configdataprovider.java:24)
at com.utility.configdataprovider.get_BaseUrl_QA2(configdataprovider.java:24)
at com.utility.configdataprovider.get_BaseUrl_QA2(configdataprovider.java:24)
at com.utility.configdataprovider.get_BaseUrl_QA2(configdataprovider.java:24)
at com.utility.configdataprovider.get_BaseUrl_QA2(configdataprovider.java:24)
at com.utility.configdataprovider.get_BaseUrl_QA2(configdataprovider.java:24)
at com.utility.configdataprovider.get_BaseUrl_QA2(configdataprovider.java:24)
at com.utility.configdataprovider.get_BaseUrl_QA2(configdataprovider.java:24)
at com.utility.configdataprovider.get_BaseUrl_QA2(configdataprovider.java:24)
at com.utility.configdataprovider.get_BaseUrl_QA2(configdataprovider.java:24)
at com.utility.configdataprovider.get_BaseUrl_QA2(configdataprovider.java:24)
at com.utility.configdataprovider.get_BaseUrl_QA2(configdataprovider.java:24)
at com.utility.configdataprovider.get_BaseUrl_QA2(configdataprovider.java:24)
at com.utility.configdataprovider.get_BaseUrl_QA2(configdataprovider.java:24)
at com.utility.configdataprovider.get_BaseUrl_QA2(configdataprovider.java:24)
at com.utility.configdataprovider.get_BaseUrl_QA2(configdataprovider.java:24)
at com.utility.configdataprovider.get_BaseUrl_QA2(configdataprovider.java:24)
at com.utility.configdataprovider.get_BaseUrl_QA2(configdataprovider.java:24)
at com.utility.configdataprovider.get_BaseUrl_QA2(configdataprovider.java:24)
at com.utility.configdataprovider.get_BaseUrl_QA2(configdataprovider.java:24)
at com.utility.configdataprovider.get_BaseUrl_QA2(configdataprovider.java:24)
at com.utility.configdataprovider.get_BaseUrl_QA2(configdataprovider.java:24)
at com.utility.configdataprovider.get_BaseUrl_QA2(configdataprovider.java:24)
at com.utility.configdataprovider.get_BaseUrl_QA2(configdataprovider.java:24)
at com.utility.configdataprovider.get_BaseUrl_QA2(configdataprovider.java:24)
at com.utility.configdataprovider.get_BaseUrl_QA2(configdataprovider.java:24)
at com.utility.configdataprovider.get_BaseUrl_QA2(configdataprovider.java:24)
at com.utility.configdataprovider.get_BaseUrl_QA2(configdataprovider.java:24)
at com.utility.configdataprovider.get_BaseUrl_QA2(configdataprovider.java:24)
at com.utility.configdataprovider.get_BaseUrl_QA2(configdataprovider.java:24)
at com.utility.configdataprovider.get_BaseUrl_QA2(configdataprovider.java:24)
at com.utility.configdataprovider.get_BaseUrl_QA2(configdataprovider.java:24)
at com.utility.configdataprovider.get_BaseUrl_QA2(configdataprovider.java:24)
at com.utility.configdataprovider.get_BaseUrl_QA2(configdataprovider.java:24)
at com.utility.configdataprovider.get_BaseUrl_QA2(configdataprovider.java:24)
at com.utility.configdataprovider.get_BaseUrl_QA2(configdataprovider.java:24)
at com.utility.configdataprovider.get_BaseUrl_QA2(configdataprovider.java:24)
at com.utility.configdataprovider.get_BaseUrl_QA2(configdataprovider.java:24)
at com.utility.configdataprovider.get_BaseUrl_QA2(configdataprovider.java:24)
at com.utility.configdataprovider.get_BaseUrl_QA2(configdataprovider.java:24)
at com.utility.configdataprovider.get_BaseUrl_QA2(configdataprovider.java:24)
at com.utility.configdataprovider.get_BaseUrl_QA2(configdataprovider.java:24)
at com.utility.configdataprovider.get_BaseUrl_QA2(configdataprovider.java:24)
at com.utility.configdataprovider.get_BaseUrl_QA2(configdataprovider.java:24)
at com.utility.configdataprovider.get_BaseUrl_QA2(configdataprovider.java:24)
at com.utility.configdataprovider.get_BaseUrl_QA2(configdataprovider.java:24)
at com.utility.configdataprovider.get_BaseUrl_QA2(configdataprovider.java:24)
at com.utility.configdataprovider.get_BaseUrl_QA2(configdataprovider.java:24)
at com.utility.configdataprovider.get_BaseUrl_QA2(configdataprovider.java:24)
at com.utility.configdataprovider.get_BaseUrl_QA2(configdataprovider.java:24)
at com.utility.configdataprovider.get_BaseUrl_QA2(configdataprovider.java:24)
at com.utility.configdataprovider.get_BaseUrl_QA2(configdataprovider.java:24)
at com.utility.configdataprovider.get_BaseUrl_QA2(configdataprovider.java:24)
at com.utility.configdataprovider.get_BaseUrl_QA2(configdataprovider.java:24)
at com.utility.configdataprovider.get_BaseUrl_QA2(configdataprovider.java:24)
at com.utility.configdataprovider.get_BaseUrl_QA2(configdataprovider.java:24)
at com.utility.configdataprovider.get_BaseUrl_QA2(configdataprovider.java:24)
at com.utility.configdataprovider.get_BaseUrl_QA2(configdataprovider.java:24)
at com.utility.configdataprovider.get_BaseUrl_QA2(configdataprovider.java:24)
at com.utility.configdataprovider.get_BaseUrl_QA2(configdataprovider.java:24)
at com.utility.configdataprovider.get_BaseUrl_QA2(configdataprovider.java:24)
at com.utility.configdataprovider.get_BaseUrl_QA2(configdataprovider.java:24)
at com.utility.configdataprovider.get_BaseUrl_QA2(configdataprovider.java:24)
at com.utility.configdataprovider.get_BaseUrl_QA2(configdataprovider.java:24)
at com.utility.configdataprovider.get_BaseUrl_QA2(configdataprovider.java:24)
at com.utility.configdataprovider.get_BaseUrl_QA2(configdataprovider.java:24)
at com.utility.configdataprovider.get_BaseUrl_QA2(configdataprovider.java:24)
at com.utility.configdataprovider.get_BaseUrl_QA2(configdataprovider.java:24)
at com.utility.configdataprovider.get_BaseUrl_QA2(configdataprovider.java:24)
at com.utility.configdataprovider.get_BaseUrl_QA2(configdataprovider.java:24)
at com.utility.configdataprovider.get_BaseUrl_QA2(configdataprovider.java:24)
at com.utility.configdataprovider.get_BaseUrl_QA2(configdataprovider.java:24)
at com.utility.configdataprovider.get_BaseUrl_QA2(configdataprovider.java:24)
at com.utility.configdataprovider.get_BaseUrl_QA2(configdataprovider.java:24)
at com.utility.configdataprovider.get_BaseUrl_QA2(configdataprovider.java:24)
at com.utility.configdataprovider.get_BaseUrl_QA2(configdataprovider.java:24)
at com.utility.configdataprovider.get_BaseUrl_QA2(configdataprovider.java:24)
at com.utility.configdataprovider.get_BaseUrl_QA2(configdataprovider.java:24)
at com.utility.configdataprovider.get_BaseUrl_QA2(configdataprovider.java:24)
at com.utility.configdataprovider.get_BaseUrl_QA2(configdataprovider.java:24)
at com.utility.configdataprovider.get_BaseUrl_QA2(configdataprovider.java:24)
at com.utility.configdataprovider.get_BaseUrl_QA2(configdataprovider.java:24)
at com.utility.configdataprovider.get_BaseUrl_QA2(configdataprovider.java:24)
at com.utility.configdataprovider.get_BaseUrl_QA2(configdataprovider.java:24)
at com.utility.configdataprovider.get_BaseUrl_QA2(configdataprovider.java:24)
at com.utility.configdataprovider.get_BaseUrl_QA2(configdataprovider.java:24)
at com.utility.configdataprovider.get_BaseUrl_QA2(configdataprovider.java:24)
at com.utility.configdataprovider.get_BaseUrl_QA2(configdataprovider.java:24)
at com.utility.configdataprovider.get_BaseUrl_QA2(configdataprovider.java:24)
at com.utility.configdataprovider.get_BaseUrl_QA2(configdataprovider.java:24)
at com.utility.configdataprovider.get_BaseUrl_QA2(configdataprovider.java:24)
at com.utility.configdataprovider.get_BaseUrl_QA2(configdataprovider.java:24)
at com.utility.configdataprovider.get_BaseUrl_QA2(configdataprovider.java:24)
at com.utility.configdataprovider.get_BaseUrl_QA2(configdataprovider.java:24)
at com.utility.configdataprovider.get_BaseUrl_QA2(configdataprovider.java:24)
at com.utility.configdataprovider.get_BaseUrl_QA2(configdataprovider.java:24)
at com.utility.configdataprovider.get_BaseUrl_QA2(configdataprovider.java:24)
at com.utility.configdataprovider.get_BaseUrl_QA2(configdataprovider.java:24)
at com.utility.configdataprovider.get_BaseUrl_QA2(configdataprovider.java:24)
at com.utility.configdataprovider.get_BaseUrl_QA2(configdataprovider.java:24)
at com.utility.configdataprovider.get_BaseUrl_QA2(configdataprovider.java:24)
at com.utility.configdataprovider.get_BaseUrl_QA2(configdataprovider.java:24)
at com.utility.configdataprovider.get_BaseUrl_QA2(configdataprovider.java:24)
at com.utility.configdataprovider.get_BaseUrl_QA2(configdataprovider.java:24)
at com.utility.configdataprovider.get_BaseUrl_QA2(configdataprovider.java:24)
at com.utility.configdataprovider.get_BaseUrl_QA2(configdataprovider.java:24)
at com.utility.configdataprovider.get_BaseUrl_QA2(configdataprovider.java:24)
at com.utility.configdataprovider.get_BaseUrl_QA2(configdataprovider.java:24)
at com.utility.configdataprovider.get_BaseUrl_QA2(configdataprovider.java:24)
at com.utility.configdataprovider.get_BaseUrl_QA2(configdataprovider.java:24)
at com.utility.configdataprovider.get_BaseUrl_QA2(configdataprovider.java:24)
at com.utility.configdataprovider.get_BaseUrl_QA2(configdataprovider.java:24)
at com.utility.configdataprovider.get_BaseUrl_QA2(configdataprovider.java:24)
at com.utility.configdataprovider.get_BaseUrl_QA2(configdataprovider.java:24)
at com.utility.configdataprovider.get_BaseUrl_QA2(configdataprovider.java:24)
at com.utility.configdataprovider.get_BaseUrl_QA2(configdataprovider.java:24)
at com.utility.configdataprovider.get_BaseUrl_QA2(configdataprovider.java:24)
at com.utility.configdataprovider.get_BaseUrl_QA2(configdataprovider.java:24)
at com.utility.configdataprovider.get_BaseUrl_QA2(configdataprovider.java:24)
at com.utility.configdataprovider.get_BaseUrl_QA2(configdataprovider.java:24)
at com.utility.configdataprovider.get_BaseUrl_QA2(configdataprovider.java:24)
at com.utility.configdataprovider.get_BaseUrl_QA2(configdataprovider.java:24)
at com.utility.configdataprovider.get_BaseUrl_QA2(configdataprovider.java:24)
at com.utility.configdataprovider.get_BaseUrl_QA2(configdataprovider.java:24)
at com.utility.configdataprovider.get_BaseUrl_QA2(configdataprovider.java:24)
at com.utility.configdataprovider.get_BaseUrl_QA2(configdataprovider.java:24)
at com.utility.configdataprovider.get_BaseUrl_QA2(configdataprovider.java:24)
at com.utility.configdataprovider.get_BaseUrl_QA2(configdataprovider.java:24)
at com.utility.configdataprovider.get_BaseUrl_QA2(configdataprovider.java:24)
at com.utility.configdataprovider.get_BaseUrl_QA2(configdataprovider.java:24)
at com.utility.configdataprovider.get_BaseUrl_QA2(configdataprovider.java:24)
at com.utility.configdataprovider.get_BaseUrl_QA2(configdataprovider.java:24)
at com.utility.configdataprovider.get_BaseUrl_QA2(configdataprovider.java:24)
at com.utility.configdataprovider.get_BaseUrl_QA2(configdataprovider.java:24)
at com.utility.configdataprovider.get_BaseUrl_QA2(configdataprovider.java:24)
at com.utility.configdataprovider.get_BaseUrl_QA2(configdataprovider.java:24)
at com.utility.configdataprovider.get_BaseUrl_QA2(configdataprovider.java:24)
at com.utility.configdataprovider.get_BaseUrl_QA2(configdataprovider.java:24)
at com.utility.configdataprovider.get_BaseUrl_QA2(configdataprovider.java:24)
at com.utility.configdataprovider.get_BaseUrl_QA2(configdataprovider.java:24)
at com.utility.configdataprovider.get_BaseUrl_QA2(configdataprovider.java:24)
at com.utility.configdataprovider.get_BaseUrl_QA2(configdataprovider.java:24)
at com.utility.configdataprovider.get_BaseUrl_QA2(configdataprovider.java:24)
at com.utility.configdataprovider.get_BaseUrl_QA2(configdataprovider.java:24)
at com.utility.configdataprovider.get_BaseUrl_QA2(configdataprovider.java:24)
at com.utility.configdataprovider.get_BaseUrl_QA2(configdataprovider.java:24)
at com.utility.configdataprovider.get_BaseUrl_QA2(configdataprovider.java:24)
at com.utility.configdataprovider.get_BaseUrl_QA2(configdataprovider.java:24)
at com.utility.configdataprovider.get_BaseUrl_QA2(configdataprovider.java:24)
at com.utility.configdataprovider.get_BaseUrl_QA2(configdataprovider.java:24)
at com.utility.configdataprovider.get_BaseUrl_QA2(configdataprovider.java:24)
at com.utility.configdataprovider.get_BaseUrl_QA2(configdataprovider.java:24)
at com.utility.configdataprovider.get_BaseUrl_QA2(configdataprovider.java:24)
at com.utility.configdataprovider.get_BaseUrl_QA2(configdataprovider.java:24)
at com.utility.configdataprovider.get_BaseUrl_QA2(configdataprovider.java:24)
at com.utility.configdataprovider.get_BaseUrl_QA2(configdataprovider.java:24)
at com.utility.configdataprovider.get_BaseUrl_QA2(configdataprovider.java:24)
at com.utility.configdataprovider.get_BaseUrl_QA2(configdataprovider.java:24)
at com.utility.configdataprovider.get_BaseUrl_QA2(configdataprovider.java:24)
at com.utility.configdataprovider.get_BaseUrl_QA2(configdataprovider.java:24)
at com.utility.configdataprovider.get_BaseUrl_QA2(configdataprovider.java:24)
at com.utility.configdataprovider.get_BaseUrl_QA2(configdataprovider.java:24)
at com.utility.configdataprovider.get_BaseUrl_QA2(configdataprovider.java:24)
at com.utility.configdataprovider.get_BaseUrl_QA2(configdataprovider.java:24)
at com.utility.configdataprovider.get_BaseUrl_QA2(configdataprovider.java:24)
at com.utility.configdataprovider.get_BaseUrl_QA2(configdataprovider.java:24)
at com.utility.configdataprovider.get_BaseUrl_QA2(configdataprovider.java:24)
at com.utility.configdataprovider.get_BaseUrl_QA2(configdataprovider.java:24)
at com.utility.configdataprovider.get_BaseUrl_QA2(configdataprovider.java:24)
at com.utility.configdataprovider.get_BaseUrl_QA2(configdataprovider.java:24)
at com.utility.configdataprovider.get_BaseUrl_QA2(configdataprovider.java:24)
at com.utility.configdataprovider.get_BaseUrl_QA2(configdataprovider.java:24)
at com.utility.configdataprovider.get_BaseUrl_QA2(configdataprovider.java:24)
at com.utility.configdataprovider.get_BaseUrl_QA2(configdataprovider.java:24)
at com.utility.configdataprovider.get_BaseUrl_QA2(configdataprovider.java:24)
at com.utility.configdataprovider.get_BaseUrl_QA2(configdataprovider.java:24)
at com.utility.configdataprovider.get_BaseUrl_QA2(configdataprovider.java:24)
at com.utility.configdataprovider.get_BaseUrl_QA2(configdataprovider.java:24)
at com.utility.configdataprovider.get_BaseUrl_QA2(configdataprovider.java:24)
at com.utility.configdataprovider.get_BaseUrl_QA2(configdataprovider.java:24)
at com.utility.configdataprovider.get_BaseUrl_QA2(configdataprovider.java:24)
at com.utility.configdataprovider.get_BaseUrl_QA2(configdataprovider.java:24)
at com.utility.configdataprovider.get_BaseUrl_QA2(configdataprovider.java:24)
at com.utility.configdataprovider.get_BaseUrl_QA2(configdataprovider.java:24)
at com.utility.configdataprovider.get_BaseUrl_QA2(configdataprovider.java:24)
at com.utility.configdataprovider.get_BaseUrl_QA2(configdataprovider.java:24)
at com.utility.configdataprovider.get_BaseUrl_QA2(configdataprovider.java:24)
at com.utility.configdataprovider.get_BaseUrl_QA2(configdataprovider.java:24)
at com.utility.configdataprovider.get_BaseUrl_QA2(configdataprovider.java:24)
at com.utility.configdataprovider.get_BaseUrl_QA2(configdataprovider.java:24)
at com.utility.configdataprovider.get_BaseUrl_QA2(configdataprovider.java:24)
at com.utility.configdataprovider.get_BaseUrl_QA2(configdataprovider.java:24)
at com.utility.configdataprovider.get_BaseUrl_QA2(configdataprovider.java:24)
at com.utility.configdataprovider.get_BaseUrl_QA2(configdataprovider.java:24)
at com.utility.configdataprovider.get_BaseUrl_QA2(configdataprovider.java:24)
at com.utility.configdataprovider.get_BaseUrl_QA2(configdataprovider.java:24)
at com.utility.configdataprovider.get_BaseUrl_QA2(configdataprovider.java:24)
at com.utility.configdataprovider.get_BaseUrl_QA2(configdataprovider.java:24)
at com.utility.configdataprovider.get_BaseUrl_QA2(configdataprovider.java:24)
at com.utility.configdataprovider.get_BaseUrl_QA2(configdataprovider.java:24)
at com.utility.configdataprovider.get_BaseUrl_QA2(configdataprovider.java:24)
at com.utility.configdataprovider.get_BaseUrl_QA2(configdataprovider.java:24)
at com.utility.configdataprovider.get_BaseUrl_QA2(configdataprovider.java:24)
at com.utility.configdataprovider.get_BaseUrl_QA2(configdataprovider.java:24)
at com.utility.configdataprovider.get_BaseUrl_QA2(configdataprovider.java:24)
at com.utility.configdataprovider.get_BaseUrl_QA2(configdataprovider.java:24)
at com.utility.configdataprovider.get_BaseUrl_QA2(configdataprovider.java:24)
at com.utility.configdataprovider.get_BaseUrl_QA2(configdataprovider.java:24)
at com.utility.configdataprovider.get_BaseUrl_QA2(configdataprovider.java:24)
at com.utility.configdataprovider.get_BaseUrl_QA2(configdataprovider.java:24)
at com.utility.configdataprovider.get_BaseUrl_QA2(configdataprovider.java:24)
at com.utility.configdataprovider.get_BaseUrl_QA2(configdataprovider.java:24)
at com.utility.configdataprovider.get_BaseUrl_QA2(configdataprovider.java:24)
at com.utility.configdataprovider.get_BaseUrl_QA2(configdataprovider.java:24)
at com.utility.configdataprovider.get_BaseUrl_QA2(configdataprovider.java:24)
at com.utility.configdataprovider.get_BaseUrl_QA2(configdataprovider.java:24)
at com.utility.configdataprovider.get_BaseUrl_QA2(configdataprovider.java:24)
at com.utility.configdataprovider.get_BaseUrl_QA2(configdataprovider.java:24)
at com.utility.configdataprovider.get_BaseUrl_QA2(configdataprovider.java:24)
at com.utility.configdataprovider.get_BaseUrl_QA2(configdataprovider.java:24)
at com.utility.configdataprovider.get_BaseUrl_QA2(configdataprovider.java:24)
at com.utility.configdataprovider.get_BaseUrl_QA2(configdataprovider.java:24)
at com.utility.configdataprovider.get_BaseUrl_QA2(configdataprovider.java:24)
at com.utility.configdataprovider.get_BaseUrl_QA2(configdataprovider.java:24)
at com.utility.configdataprovider.get_BaseUrl_QA2(configdataprovider.java:24)
at com.utility.configdataprovider.get_BaseUrl_QA2(configdataprovider.java:24)
at com.utility.configdataprovider.get_BaseUrl_QA2(configdataprovider.java:24)
at com.utility.configdataprovider.get_BaseUrl_QA2(configdataprovider.java:24)
at com.utility.configdataprovider.get_BaseUrl_QA2(configdataprovider.java:24)
at com.utility.configdataprovider.get_BaseUrl_QA2(configdataprovider.java:24)
at com.utility.configdataprovider.get_BaseUrl_QA2(configdataprovider.java:24)
at com.utility.configdataprovider.get_BaseUrl_QA2(configdataprovider.java:24)
at com.utility.configdataprovider.get_BaseUrl_QA2(configdataprovider.java:24)
at com.utility.configdataprovider.get_BaseUrl_QA2(configdataprovider.java:24)
at com.utility.configdataprovider.get_BaseUrl_QA2(configdataprovider.java:24)
at com.utility.configdataprovider.get_BaseUrl_QA2(configdataprovider.java:24)
at com.utility.configdataprovider.get_BaseUrl_QA2(configdataprovider.java:24)
at com.utility.configdataprovider.get_BaseUrl_QA2(configdataprovider.java:24)
at com.utility.configdataprovider.get_BaseUrl_QA2(configdataprovider.java:24)
at com.utility.configdataprovider.get_BaseUrl_QA2(configdataprovider.java:24)
at com.utility.configdataprovider.get_BaseUrl_QA2(configdataprovider.java:24)
at com.utility.configdataprovider.get_BaseUrl_QA2(configdataprovider.java:24)
at com.utility.configdataprovider.get_BaseUrl_QA2(configdataprovider.java:24)
at com.utility.configdataprovider.get_BaseUrl_QA2(configdataprovider.java:24)
at com.utility.configdataprovider.get_BaseUrl_QA2(configdataprovider.java:24)
at com.utility.configdataprovider.get_BaseUrl_QA2(configdataprovider.java:24)
at com.utility.configdataprovider.get_BaseUrl_QA2(configdataprovider.java:24)
at com.utility.configdataprovider.get_BaseUrl_QA2(configdataprovider.java:24)
at com.utility.configdataprovider.get_BaseUrl_QA2(configdataprovider.java:24)
at com.utility.configdataprovider.get_BaseUrl_QA2(configdataprovider.java:24)
at com.utility.configdataprovider.get_BaseUrl_QA2(configdataprovider.java:24)
at com.utility.configdataprovider.get_BaseUrl_QA2(configdataprovider.java:24)
at com.utility.configdataprovider.get_BaseUrl_QA2(configdataprovider.java:24)
at com.utility.configdataprovider.get_BaseUrl_QA2(configdataprovider.java:24)
at com.utility.configdataprovider.get_BaseUrl_QA2(configdataprovider.java:24)
at com.utility.configdataprovider.get_BaseUrl_QA2(configdataprovider.java:24)
at com.utility.configdataprovider.get_BaseUrl_QA2(configdataprovider.java:24)
at com.utility.configdataprovider.get_BaseUrl_QA2(configdataprovider.java:24)
at com.utility.configdataprovider.get_BaseUrl_QA2(configdataprovider.java:24)
at com.utility.configdataprovider.get_BaseUrl_QA2(configdataprovider.java:24)
at com.utility.configdataprovider.get_BaseUrl_QA2(configdataprovider.java:24)
at com.utility.configdataprovider.get_BaseUrl_QA2(configdataprovider.java:24)
at com.utility.configdataprovider.get_BaseUrl_QA2(configdataprovider.java:24)
at com.utility.configdataprovider.get_BaseUrl_QA2(configdataprovider.java:24)
at com.utility.configdataprovider.get_BaseUrl_QA2(configdataprovider.java:24)
at com.utility.configdataprovider.get_BaseUrl_QA2(configdataprovider.java:24)
at com.utility.configdataprovider.get_BaseUrl_QA2(configdataprovider.java:24)
at com.utility.configdataprovider.get_BaseUrl_QA2(configdataprovider.java:24)
at com.utility.configdataprovider.get_BaseUrl_QA2(configdataprovider.java:24)
at com.utility.configdataprovider.get_BaseUrl_QA2(configdataprovider.java:24)
at com.utility.configdataprovider.get_BaseUrl_QA2(configdataprovider.java:24)
at com.utility.configdataprovider.get_BaseUrl_QA2(configdataprovider.java:24)
at com.utility.configdataprovider.get_BaseUrl_QA2(configdataprovider.java:24)
at com.utility.configdataprovider.get_BaseUrl_QA2(configdataprovider.java:24)
at com.utility.configdataprovider.get_BaseUrl_QA2(configdataprovider.java:24)
at com.utility.configdataprovider.get_BaseUrl_QA2(configdataprovider.java:24)
at com.utility.configdataprovider.get_BaseUrl_QA2(configdataprovider.java:24)
at com.utility.configdataprovider.get_BaseUrl_QA2(configdataprovider.java:24)
at com.utility.configdataprovider.get_BaseUrl_QA2(configdataprovider.java:24)
at com.utility.configdataprovider.get_BaseUrl_QA2(configdataprovider.java:24)
at com.utility.configdataprovider.get_BaseUrl_QA2(configdataprovider.java:24)
at com.utility.configdataprovider.get_BaseUrl_QA2(configdataprovider.java:24)
at com.utility.configdataprovider.get_BaseUrl_QA2(configdataprovider.java:24)
at com.utility.configdataprovider.get_BaseUrl_QA2(configdataprovider.java:24)
at com.utility.configdataprovider.get_BaseUrl_QA2(configdataprovider.java:24)
at com.utility.configdataprovider.get_BaseUrl_QA2(configdataprovider.java:24)
at com.utility.configdataprovider.get_BaseUrl_QA2(configdataprovider.java:24)
at com.utility.configdataprovider.get_BaseUrl_QA2(configdataprovider.java:24)
at com.utility.configdataprovider.get_BaseUrl_QA2(configdataprovider.java:24)
at com.utility.configdataprovider.get_BaseUrl_QA2(configdataprovider.java:24)
at com.utility.configdataprovider.get_BaseUrl_QA2(configdataprovider.java:24)
at com.utility.configdataprovider.get_BaseUrl_QA2(configdataprovider.java:24)
at com.utility.configdataprovider.get_BaseUrl_QA2(configdataprovider.java:24)
at com.utility.configdataprovider.get_BaseUrl_QA2(configdataprovider.java:24)
at com.utility.configdataprovider.get_BaseUrl_QA2(configdataprovider.java:24)
at com.utility.configdataprovider.get_BaseUrl_QA2(configdataprovider.java:24)
at com.utility.configdataprovider.get_BaseUrl_QA2(configdataprovider.java:24)
at com.utility.configdataprovider.get_BaseUrl_QA2(configdataprovider.java:24)
at com.utility.configdataprovider.get_BaseUrl_QA2(configdataprovider.java:24)
at com.utility.configdataprovider.get_BaseUrl_QA2(configdataprovider.java:24)
at com.utility.configdataprovider.get_BaseUrl_QA2(configdataprovider.java:24)
at com.utility.configdataprovider.get_BaseUrl_QA2(configdataprovider.java:24)
at com.utility.configdataprovider.get_BaseUrl_QA2(configdataprovider.java:24)
at com.utility.configdataprovider.get_BaseUrl_QA2(configdataprovider.java:24)
at com.utility.configdataprovider.get_BaseUrl_QA2(configdataprovider.java:24)
at com.utility.configdataprovider.get_BaseUrl_QA2(configdataprovider.java:24)
at com.utility.configdataprovider.get_BaseUrl_QA2(configdataprovider.java:24)
at com.utility.configdataprovider.get_BaseUrl_QA2(configdataprovider.java:24)
at com.utility.configdataprovider.get_BaseUrl_QA2(configdataprovider.java:24)
at com.utility.configdataprovider.get_BaseUrl_QA2(configdataprovider.java:24)
at com.utility.configdataprovider.get_BaseUrl_QA2(configdataprovider.java:24)
at com.utility.configdataprovider.get_BaseUrl_QA2(configdataprovider.java:24)
at com.utility.configdataprovider.get_BaseUrl_QA2(configdataprovider.java:24)
at com.utility.configdataprovider.get_BaseUrl_QA2(configdataprovider.java:24)
at com.utility.configdataprovider.get_BaseUrl_QA2(configdataprovider.java:24)
at com.utility.configdataprovider.get_BaseUrl_QA2(configdataprovider.java:24)
at com.utility.configdataprovider.get_BaseUrl_QA2(configdataprovider.java:24)
at com.utility.configdataprovider.get_BaseUrl_QA2(configdataprovider.java:24)
at com.utility.configdataprovider.get_BaseUrl_QA2(configdataprovider.java:24)
at com.utility.configdataprovider.get_BaseUrl_QA2(configdataprovider.java:24)
at com.utility.configdataprovider.get_BaseUrl_QA2(configdataprovider.java:24)
at com.utility.configdataprovider.get_BaseUrl_QA2(configdataprovider.java:24)
at com.utility.configdataprovider.get_BaseUrl_QA2(configdataprovider.java:24)
at com.utility.configdataprovider.get_BaseUrl_QA2(configdataprovider.java:24)
at com.utility.configdataprovider.get_BaseUrl_QA2(configdataprovider.java:24)
at com.utility.configdataprovider.get_BaseUrl_QA2(configdataprovider.java:24)
at com.utility.configdataprovider.get_BaseUrl_QA2(configdataprovider.java:24)
at com.utility.configdataprovider.get_BaseUrl_QA2(configdataprovider.java:24)
at com.utility.configdataprovider.get_BaseUrl_QA2(configdataprovider.java:24)
at com.utility.configdataprovider.get_BaseUrl_QA2(configdataprovider.java:24)
at com.utility.configdataprovider.get_BaseUrl_QA2(configdataprovider.java:24)
at com.utility.configdataprovider.get_BaseUrl_QA2(configdataprovider.java:24)
at com.utility.configdataprovider.get_BaseUrl_QA2(configdataprovider.java:24)
at com.utility.configdataprovider.get_BaseUrl_QA2(configdataprovider.java:24)
at com.utility.configdataprovider.get_BaseUrl_QA2(configdataprovider.java:24)
at com.utility.configdataprovider.get_BaseUrl_QA2(configdataprovider.java:24)
at com.utility.configdataprovider.get_BaseUrl_QA2(configdataprovider.java:24)
at com.utility.configdataprovider.get_BaseUrl_QA2(configdataprovider.java:24)
at com.utility.configdataprovider.get_BaseUrl_QA2(configdataprovider.java:24)
at com.utility.configdataprovider.get_BaseUrl_QA2(configdataprovider.java:24)
at com.utility.configdataprovider.get_BaseUrl_QA2(configdataprovider.java:24)
at com.utility.configdataprovider.get_BaseUrl_QA2(configdataprovider.java:24)
at com.utility.configdataprovider.get_BaseUrl_QA2(configdataprovider.java:24)
at com.utility.configdataprovider.get_BaseUrl_QA2(configdataprovider.java:24)
at com.utility.configdataprovider.get_BaseUrl_QA2(configdataprovider.java:24)
at com.utility.configdataprovider.get_BaseUrl_QA2(configdataprovider.java:24)
at com.utility.configdataprovider.get_BaseUrl_QA2(configdataprovider.java:24)
]]>
    </failure>
  </testcase> <!-- @BeforeMethod setup -->
  <testcase classname="com.utility.baseclass" name="@AfterMethod tear_down" time="-1.66547138494E9">
    <skipped/>
  </testcase> <!-- @AfterMethod tear_down -->
  <testcase classname="pom.test.Test_tc001" name="verify_TestLogin_validCredential" time="0.0">
    <skipped/>
  </testcase> <!-- verify_TestLogin_validCredential -->
</testsuite> <!-- Test -->
