<?xml version="1.0" encoding="UTF-8"?>
<testng-results ignored="0" total="1" passed="0" failed="0" skipped="1">
  <reporter-output>
  </reporter-output>
  <suite started-at="2022-10-11T12:26:03 IST" name="Suite" finished-at="2022-10-11T12:26:25 IST" duration-ms="21434">
    <groups>
    </groups>
    <test started-at="2022-10-11T12:26:03 IST" name="Test" finished-at="2022-10-11T12:26:25 IST" duration-ms="21434">
      <class name="pom.test.Test_tc001">
        <test-method is-config="true" signature="BS()[pri:0, instance:pom.test.Test_tc001@5af3afd9]" started-at="2022-10-11T12:26:03 IST" name="BS" finished-at="2022-10-11T12:26:03 IST" duration-ms="93" status="PASS">
          <reporter-output>
          </reporter-output>
        </test-method> <!-- BS -->
        <test-method is-config="true" signature="setup()[pri:0, instance:pom.test.Test_tc001@5af3afd9]" started-at="2022-10-11T12:26:03 IST" name="setup" finished-at="2022-10-11T12:26:24 IST" duration-ms="20902" status="FAIL">
          <exception class="java.lang.StackOverflowError">
            <full-stacktrace>
              <![CDATA[java.lang.StackOverflowError
at com.utility.configdataprovider.get_BaseUrl_QA2(configdataprovider.java:24)
at com.utility.configdataprovider.get_BaseUrl_QA2(configdataprovider.java:24)
at com.utility.configdataprovider.get_BaseUrl_QA2(configdataprovider.java:24)
at com.utility.configdataprovider.get_BaseUrl_QA2(configdataprovider.java:24)
at com.utility.configdataprovider.get_BaseUrl_QA2(configdataprovider.java:24)
at com.utility.configdataprovider.get_BaseUrl_QA2(configdataprovider.java:24)
at com.utility.configdataprovider.get_BaseUrl_QA2(configdataprovider.java:24)
at com.utility.configdataprovider.get_BaseUrl_QA2(configdataprovider.java:24)
at com.utility.configdataprovider.get_BaseUrl_QA2(configdataprovider.java:24)
at com.utility.configdataprovider.get_BaseUrl_QA2(configdataprovider.java:24)
at com.utility.configdataprovider.get_BaseUrl_QA2(configdataprovider.java:24)
at com.utility.configdataprovider.get_BaseUrl_QA2(configdataprovider.java:24)
at com.utility.configdataprovider.get_BaseUrl_QA2(configdataprovider.java:24)
at com.utility.configdataprovider.get_BaseUrl_QA2(configdataprovider.java:24)
at com.utility.configdataprovider.get_BaseUrl_QA2(configdataprovider.java:24)
at com.utility.configdataprovider.get_BaseUrl_QA2(configdataprovider.java:24)
at com.utility.configdataprovider.get_BaseUrl_QA2(configdataprovider.java:24)
at com.utility.configdataprovider.get_BaseUrl_QA2(configdataprovider.java:24)
at com.utility.configdataprovider.get_BaseUrl_QA2(configdataprovider.java:24)
at com.utility.configdataprovider.get_BaseUrl_QA2(configdataprovider.java:24)
at com.utility.configdataprovider.get_BaseUrl_QA2(configdataprovider.java:24)
at com.utility.configdataprovider.get_BaseUrl_QA2(configdataprovider.java:24)
at com.utility.configdataprovider.get_BaseUrl_QA2(configdataprovider.java:24)
at com.utility.configdataprovider.get_BaseUrl_QA2(configdataprovider.java:24)
at com.utility.configdataprovider.get_BaseUrl_QA2(configdataprovider.java:24)
at com.utility.configdataprovider.get_BaseUrl_QA2(configdataprovider.java:24)
at com.utility.configdataprovider.get_BaseUrl_QA2(configdataprovider.java:24)
at com.utility.configdataprovider.get_BaseUrl_QA2(configdataprovider.java:24)
at com.utility.configdataprovider.get_BaseUrl_QA2(configdataprovider.java:24)
at com.utility.configdataprovider.get_BaseUrl_QA2(configdataprovider.java:24)
at com.utility.configdataprovider.get_BaseUrl_QA2(configdataprovider.java:24)
at com.utility.configdataprovider.get_BaseUrl_QA2(configdataprovider.java:24)
at com.utility.configdataprovider.get_BaseUrl_QA2(configdataprovider.java:24)
at com.utility.configdataprovider.get_BaseUrl_QA2(configdataprovider.java:24)
at com.utility.configdataprovider.get_BaseUrl_QA2(configdataprovider.java:24)
at com.utility.configdataprovider.get_BaseUrl_QA2(configdataprovider.java:24)
at com.utility.configdataprovider.get_BaseUrl_QA2(configdataprovider.java:24)
at com.utility.configdataprovider.get_BaseUrl_QA2(configdataprovider.java:24)
at com.utility.configdataprovider.get_BaseUrl_QA2(configdataprovider.java:24)
at com.utility.configdataprovider.get_BaseUrl_QA2(configdataprovider.java:24)
at com.utility.configdataprovider.get_BaseUrl_QA2(configdataprovider.java:24)
at com.utility.configdataprovider.get_BaseUrl_QA2(configdataprovider.java:24)
at com.utility.configdataprovider.get_BaseUrl_QA2(configdataprovider.java:24)
at com.utility.configdataprovider.get_BaseUrl_QA2(configdataprovider.java:24)
at com.utility.configdataprovider.get_BaseUrl_QA2(configdataprovider.java:24)
at com.utility.configdataprovider.get_BaseUrl_QA2(configdataprovider.java:24)
at com.utility.configdataprovider.get_BaseUrl_QA2(configdataprovider.java:24)
at com.utility.configdataprovider.get_BaseUrl_QA2(configdataprovider.java:24)
at com.utility.configdataprovider.get_BaseUrl_QA2(configdataprovider.java:24)
at com.utility.configdataprovider.get_BaseUrl_QA2(configdataprovider.java:24)
at com.utility.configdataprovider.get_BaseUrl_QA2(configdataprovider.java:24)
at com.utility.configdataprovider.get_BaseUrl_QA2(configdataprovider.java:24)
at com.utility.configdataprovider.get_BaseUrl_QA2(configdataprovider.java:24)
at com.utility.configdataprovider.get_BaseUrl_QA2(configdataprovider.java:24)
at com.utility.configdataprovider.get_BaseUrl_QA2(configdataprovider.java:24)
at com.utility.configdataprovider.get_BaseUrl_QA2(configdataprovider.java:24)
at com.utility.configdataprovider.get_BaseUrl_QA2(configdataprovider.java:24)
at com.utility.configdataprovider.get_BaseUrl_QA2(configdataprovider.java:24)
at com.utility.configdataprovider.get_BaseUrl_QA2(configdataprovider.java:24)
at com.utility.configdataprovider.get_BaseUrl_QA2(configdataprovider.java:24)
at com.utility.configdataprovider.get_BaseUrl_QA2(configdataprovider.java:24)
at com.utility.configdataprovider.get_BaseUrl_QA2(configdataprovider.java:24)
at com.utility.configdataprovider.get_BaseUrl_QA2(configdataprovider.java:24)
at com.utility.configdataprovider.get_BaseUrl_QA2(configdataprovider.java:24)
at com.utility.configdataprovider.get_BaseUrl_QA2(configdataprovider.java:24)
at com.utility.configdataprovider.get_BaseUrl_QA2(configdataprovider.java:24)
at com.utility.configdataprovider.get_BaseUrl_QA2(configdataprovider.java:24)
at com.utility.configdataprovider.get_BaseUrl_QA2(configdataprovider.java:24)
at com.utility.configdataprovider.get_BaseUrl_QA2(configdataprovider.java:24)
at com.utility.configdataprovider.get_BaseUrl_QA2(configdataprovider.java:24)
at com.utility.configdataprovider.get_BaseUrl_QA2(configdataprovider.java:24)
at com.utility.configdataprovider.get_BaseUrl_QA2(configdataprovider.java:24)
at com.utility.configdataprovider.get_BaseUrl_QA2(configdataprovider.java:24)
at com.utility.configdataprovider.get_BaseUrl_QA2(configdataprovider.java:24)
at com.utility.configdataprovider.get_BaseUrl_QA2(configdataprovider.java:24)
at com.utility.configdataprovider.get_BaseUrl_QA2(configdataprovider.java:24)
at com.utility.configdataprovider.get_BaseUrl_QA2(configdataprovider.java:24)
at com.utility.configdataprovider.get_BaseUrl_QA2(configdataprovider.java:24)
at com.utility.configdataprovider.get_BaseUrl_QA2(configdataprovider.java:24)
at com.utility.configdataprovider.get_BaseUrl_QA2(configdataprovider.java:24)
at com.utility.configdataprovider.get_BaseUrl_QA2(configdataprovider.java:24)
at com.utility.configdataprovider.get_BaseUrl_QA2(configdataprovider.java:24)
at com.utility.configdataprovider.get_BaseUrl_QA2(configdataprovider.java:24)
at com.utility.configdataprovider.get_BaseUrl_QA2(configdataprovider.java:24)
at com.utility.configdataprovider.get_BaseUrl_QA2(configdataprovider.java:24)
at com.utility.configdataprovider.get_BaseUrl_QA2(configdataprovider.java:24)
at com.utility.configdataprovider.get_BaseUrl_QA2(configdataprovider.java:24)
at com.utility.configdataprovider.get_BaseUrl_QA2(configdataprovider.java:24)
at com.utility.configdataprovider.get_BaseUrl_QA2(configdataprovider.java:24)
at com.utility.configdataprovider.get_BaseUrl_QA2(configdataprovider.java:24)
at com.utility.configdataprovider.get_BaseUrl_QA2(configdataprovider.java:24)
at com.utility.configdataprovider.get_BaseUrl_QA2(configdataprovider.java:24)
at com.utility.configdataprovider.get_BaseUrl_QA2(configdataprovider.java:24)
at com.utility.configdataprovider.get_BaseUrl_QA2(configdataprovider.java:24)
at com.utility.configdataprovider.get_BaseUrl_QA2(configdataprovider.java:24)
at com.utility.configdataprovider.get_BaseUrl_QA2(configdataprovider.java:24)
at com.utility.configdataprovider.get_BaseUrl_QA2(configdataprovider.java:24)
at com.utility.configdataprovider.get_BaseUrl_QA2(configdataprovider.java:24)
at com.utility.configdataprovider.get_BaseUrl_QA2(configdataprovider.java:24)
at com.utility.configdataprovider.get_BaseUrl_QA2(configdataprovider.java:24)
at com.utility.configdataprovider.get_BaseUrl_QA2(configdataprovider.java:24)
at com.utility.configdataprovider.get_BaseUrl_QA2(configdataprovider.java:24)
at com.utility.configdataprovider.get_BaseUrl_QA2(configdataprovider.java:24)
at com.utility.configdataprovider.get_BaseUrl_QA2(configdataprovider.java:24)
at com.utility.configdataprovider.get_BaseUrl_QA2(configdataprovider.java:24)
at com.utility.configdataprovider.get_BaseUrl_QA2(configdataprovider.java:24)
at com.utility.configdataprovider.get_BaseUrl_QA2(configdataprovider.java:24)
at com.utility.configdataprovider.get_BaseUrl_QA2(configdataprovider.java:24)
at com.utility.configdataprovider.get_BaseUrl_QA2(configdataprovider.java:24)
at com.utility.configdataprovider.get_BaseUrl_QA2(configdataprovider.java:24)
at com.utility.configdataprovider.get_BaseUrl_QA2(configdataprovider.java:24)
at com.utility.configdataprovider.get_BaseUrl_QA2(configdataprovider.java:24)
at com.utility.configdataprovider.get_BaseUrl_QA2(configdataprovider.java:24)
at com.utility.configdataprovider.get_BaseUrl_QA2(configdataprovider.java:24)
at com.utility.configdataprovider.get_BaseUrl_QA2(configdataprovider.java:24)
at com.utility.configdataprovider.get_BaseUrl_QA2(configdataprovider.java:24)
at com.utility.configdataprovider.get_BaseUrl_QA2(configdataprovider.java:24)
at com.utility.configdataprovider.get_BaseUrl_QA2(configdataprovider.java:24)
at com.utility.configdataprovider.get_BaseUrl_QA2(configdataprovider.java:24)
at com.utility.configdataprovider.get_BaseUrl_QA2(configdataprovider.java:24)
at com.utility.configdataprovider.get_BaseUrl_QA2(configdataprovider.java:24)
at com.utility.configdataprovider.get_BaseUrl_QA2(configdataprovider.java:24)
at com.utility.configdataprovider.get_BaseUrl_QA2(configdataprovider.java:24)
at com.utility.configdataprovider.get_BaseUrl_QA2(configdataprovider.java:24)
at com.utility.configdataprovider.get_BaseUrl_QA2(configdataprovider.java:24)
at com.utility.configdataprovider.get_BaseUrl_QA2(configdataprovider.java:24)
at com.utility.configdataprovider.get_BaseUrl_QA2(configdataprovider.java:24)
at com.utility.configdataprovider.get_BaseUrl_QA2(configdataprovider.java:24)
at com.utility.configdataprovider.get_BaseUrl_QA2(configdataprovider.java:24)
at com.utility.configdataprovider.get_BaseUrl_QA2(configdataprovider.java:24)
at com.utility.configdataprovider.get_BaseUrl_QA2(configdataprovider.java:24)
at com.utility.configdataprovider.get_BaseUrl_QA2(configdataprovider.java:24)
at com.utility.configdataprovider.get_BaseUrl_QA2(configdataprovider.java:24)
at com.utility.configdataprovider.get_BaseUrl_QA2(configdataprovider.java:24)
at com.utility.configdataprovider.get_BaseUrl_QA2(configdataprovider.java:24)
at com.utility.configdataprovider.get_BaseUrl_QA2(configdataprovider.java:24)
at com.utility.configdataprovider.get_BaseUrl_QA2(configdataprovider.java:24)
at com.utility.configdataprovider.get_BaseUrl_QA2(configdataprovider.java:24)
at com.utility.configdataprovider.get_BaseUrl_QA2(configdataprovider.java:24)
at com.utility.configdataprovider.get_BaseUrl_QA2(configdataprovider.java:24)
at com.utility.configdataprovider.get_BaseUrl_QA2(configdataprovider.java:24)
at com.utility.configdataprovider.get_BaseUrl_QA2(configdataprovider.java:24)
at com.utility.configdataprovider.get_BaseUrl_QA2(configdataprovider.java:24)
at com.utility.configdataprovider.get_BaseUrl_QA2(configdataprovider.java:24)
at com.utility.configdataprovider.get_BaseUrl_QA2(configdataprovider.java:24)
at com.utility.configdataprovider.get_BaseUrl_QA2(configdataprovider.java:24)
at com.utility.configdataprovider.get_BaseUrl_QA2(configdataprovider.java:24)
at com.utility.configdataprovider.get_BaseUrl_QA2(configdataprovider.java:24)
at com.utility.configdataprovider.get_BaseUrl_QA2(configdataprovider.java:24)
at com.utility.configdataprovider.get_BaseUrl_QA2(configdataprovider.java:24)
at com.utility.configdataprovider.get_BaseUrl_QA2(configdataprovider.java:24)
at com.utility.configdataprovider.get_BaseUrl_QA2(configdataprovider.java:24)
at com.utility.configdataprovider.get_BaseUrl_QA2(configdataprovider.java:24)
at com.utility.configdataprovider.get_BaseUrl_QA2(configdataprovider.java:24)
at com.utility.configdataprovider.get_BaseUrl_QA2(configdataprovider.java:24)
at com.utility.configdataprovider.get_BaseUrl_QA2(configdataprovider.java:24)
at com.utility.configdataprovider.get_BaseUrl_QA2(configdataprovider.java:24)
at com.utility.configdataprovider.get_BaseUrl_QA2(configdataprovider.java:24)
at com.utility.configdataprovider.get_BaseUrl_QA2(configdataprovider.java:24)
at com.utility.configdataprovider.get_BaseUrl_QA2(configdataprovider.java:24)
at com.utility.configdataprovider.get_BaseUrl_QA2(configdataprovider.java:24)
at com.utility.configdataprovider.get_BaseUrl_QA2(configdataprovider.java:24)
at com.utility.configdataprovider.get_BaseUrl_QA2(configdataprovider.java:24)
at com.utility.configdataprovider.get_BaseUrl_QA2(configdataprovider.java:24)
at com.utility.configdataprovider.get_BaseUrl_QA2(configdataprovider.java:24)
at com.utility.configdataprovider.get_BaseUrl_QA2(configdataprovider.java:24)
at com.utility.configdataprovider.get_BaseUrl_QA2(configdataprovider.java:24)
at com.utility.configdataprovider.get_BaseUrl_QA2(configdataprovider.java:24)
at com.utility.configdataprovider.get_BaseUrl_QA2(configdataprovider.java:24)
at com.utility.configdataprovider.get_BaseUrl_QA2(configdataprovider.java:24)
at com.utility.configdataprovider.get_BaseUrl_QA2(configdataprovider.java:24)
at com.utility.configdataprovider.get_BaseUrl_QA2(configdataprovider.java:24)
at com.utility.configdataprovider.get_BaseUrl_QA2(configdataprovider.java:24)
at com.utility.configdataprovider.get_BaseUrl_QA2(configdataprovider.java:24)
at com.utility.configdataprovider.get_BaseUrl_QA2(configdataprovider.java:24)
at com.utility.configdataprovider.get_BaseUrl_QA2(configdataprovider.java:24)
at com.utility.configdataprovider.get_BaseUrl_QA2(configdataprovider.java:24)
at com.utility.configdataprovider.get_BaseUrl_QA2(configdataprovider.java:24)
at com.utility.configdataprovider.get_BaseUrl_QA2(configdataprovider.java:24)
at com.utility.configdataprovider.get_BaseUrl_QA2(configdataprovider.java:24)
at com.utility.configdataprovider.get_BaseUrl_QA2(configdataprovider.java:24)
at com.utility.configdataprovider.get_BaseUrl_QA2(configdataprovider.java:24)
at com.utility.configdataprovider.get_BaseUrl_QA2(configdataprovider.java:24)
at com.utility.configdataprovider.get_BaseUrl_QA2(configdataprovider.java:24)
at com.utility.configdataprovider.get_BaseUrl_QA2(configdataprovider.java:24)
at com.utility.configdataprovider.get_BaseUrl_QA2(configdataprovider.java:24)
at com.utility.configdataprovider.get_BaseUrl_QA2(configdataprovider.java:24)
at com.utility.configdataprovider.get_BaseUrl_QA2(configdataprovider.java:24)
at com.utility.configdataprovider.get_BaseUrl_QA2(configdataprovider.java:24)
at com.utility.configdataprovider.get_BaseUrl_QA2(configdataprovider.java:24)
at com.utility.configdataprovider.get_BaseUrl_QA2(configdataprovider.java:24)
at com.utility.configdataprovider.get_BaseUrl_QA2(configdataprovider.java:24)
at com.utility.configdataprovider.get_BaseUrl_QA2(configdataprovider.java:24)
at com.utility.configdataprovider.get_BaseUrl_QA2(configdataprovider.java:24)
at com.utility.configdataprovider.get_BaseUrl_QA2(configdataprovider.java:24)
at com.utility.configdataprovider.get_BaseUrl_QA2(configdataprovider.java:24)
at com.utility.configdataprovider.get_BaseUrl_QA2(configdataprovider.java:24)
at com.utility.configdataprovider.get_BaseUrl_QA2(configdataprovider.java:24)
at com.utility.configdataprovider.get_BaseUrl_QA2(configdataprovider.java:24)
at com.utility.configdataprovider.get_BaseUrl_QA2(configdataprovider.java:24)
at com.utility.configdataprovider.get_BaseUrl_QA2(configdataprovider.java:24)
at com.utility.configdataprovider.get_BaseUrl_QA2(configdataprovider.java:24)
at com.utility.configdataprovider.get_BaseUrl_QA2(configdataprovider.java:24)
at com.utility.configdataprovider.get_BaseUrl_QA2(configdataprovider.java:24)
at com.utility.configdataprovider.get_BaseUrl_QA2(configdataprovider.java:24)
at com.utility.configdataprovider.get_BaseUrl_QA2(configdataprovider.java:24)
at com.utility.configdataprovider.get_BaseUrl_QA2(configdataprovider.java:24)
at com.utility.configdataprovider.get_BaseUrl_QA2(configdataprovider.java:24)
at com.utility.configdataprovider.get_BaseUrl_QA2(configdataprovider.java:24)
at com.utility.configdataprovider.get_BaseUrl_QA2(configdataprovider.java:24)
at com.utility.configdataprovider.get_BaseUrl_QA2(configdataprovider.java:24)
at com.utility.configdataprovider.get_BaseUrl_QA2(configdataprovider.java:24)
at com.utility.configdataprovider.get_BaseUrl_QA2(configdataprovider.java:24)
at com.utility.configdataprovider.get_BaseUrl_QA2(configdataprovider.java:24)
at com.utility.configdataprovider.get_BaseUrl_QA2(configdataprovider.java:24)
at com.utility.configdataprovider.get_BaseUrl_QA2(configdataprovider.java:24)
at com.utility.configdataprovider.get_BaseUrl_QA2(configdataprovider.java:24)
at com.utility.configdataprovider.get_BaseUrl_QA2(configdataprovider.java:24)
at com.utility.configdataprovider.get_BaseUrl_QA2(configdataprovider.java:24)
at com.utility.configdataprovider.get_BaseUrl_QA2(configdataprovider.java:24)
at com.utility.configdataprovider.get_BaseUrl_QA2(configdataprovider.java:24)
at com.utility.configdataprovider.get_BaseUrl_QA2(configdataprovider.java:24)
at com.utility.configdataprovider.get_BaseUrl_QA2(configdataprovider.java:24)
at com.utility.configdataprovider.get_BaseUrl_QA2(configdataprovider.java:24)
at com.utility.configdataprovider.get_BaseUrl_QA2(configdataprovider.java:24)
at com.utility.configdataprovider.get_BaseUrl_QA2(configdataprovider.java:24)
at com.utility.configdataprovider.get_BaseUrl_QA2(configdataprovider.java:24)
at com.utility.configdataprovider.get_BaseUrl_QA2(configdataprovider.java:24)
at com.utility.configdataprovider.get_BaseUrl_QA2(configdataprovider.java:24)
at com.utility.configdataprovider.get_BaseUrl_QA2(configdataprovider.java:24)
at com.utility.configdataprovider.get_BaseUrl_QA2(configdataprovider.java:24)
at com.utility.configdataprovider.get_BaseUrl_QA2(configdataprovider.java:24)
at com.utility.configdataprovider.get_BaseUrl_QA2(configdataprovider.java:24)
at com.utility.configdataprovider.get_BaseUrl_QA2(configdataprovider.java:24)
at com.utility.configdataprovider.get_BaseUrl_QA2(configdataprovider.java:24)
at com.utility.configdataprovider.get_BaseUrl_QA2(configdataprovider.java:24)
at com.utility.configdataprovider.get_BaseUrl_QA2(configdataprovider.java:24)
at com.utility.configdataprovider.get_BaseUrl_QA2(configdataprovider.java:24)
at com.utility.configdataprovider.get_BaseUrl_QA2(configdataprovider.java:24)
at com.utility.configdataprovider.get_BaseUrl_QA2(configdataprovider.java:24)
at com.utility.configdataprovider.get_BaseUrl_QA2(configdataprovider.java:24)
at com.utility.configdataprovider.get_BaseUrl_QA2(configdataprovider.java:24)
at com.utility.configdataprovider.get_BaseUrl_QA2(configdataprovider.java:24)
at com.utility.configdataprovider.get_BaseUrl_QA2(configdataprovider.java:24)
at com.utility.configdataprovider.get_BaseUrl_QA2(configdataprovider.java:24)
at com.utility.configdataprovider.get_BaseUrl_QA2(configdataprovider.java:24)
at com.utility.configdataprovider.get_BaseUrl_QA2(configdataprovider.java:24)
at com.utility.configdataprovider.get_BaseUrl_QA2(configdataprovider.java:24)
at com.utility.configdataprovider.get_BaseUrl_QA2(configdataprovider.java:24)
at com.utility.configdataprovider.get_BaseUrl_QA2(configdataprovider.java:24)
at com.utility.configdataprovider.get_BaseUrl_QA2(configdataprovider.java:24)
at com.utility.configdataprovider.get_BaseUrl_QA2(configdataprovider.java:24)
at com.utility.configdataprovider.get_BaseUrl_QA2(configdataprovider.java:24)
at com.utility.configdataprovider.get_BaseUrl_QA2(configdataprovider.java:24)
at com.utility.configdataprovider.get_BaseUrl_QA2(configdataprovider.java:24)
at com.utility.configdataprovider.get_BaseUrl_QA2(configdataprovider.java:24)
at com.utility.configdataprovider.get_BaseUrl_QA2(configdataprovider.java:24)
at com.utility.configdataprovider.get_BaseUrl_QA2(configdataprovider.java:24)
at com.utility.configdataprovider.get_BaseUrl_QA2(configdataprovider.java:24)
at com.utility.configdataprovider.get_BaseUrl_QA2(configdataprovider.java:24)
at com.utility.configdataprovider.get_BaseUrl_QA2(configdataprovider.java:24)
at com.utility.configdataprovider.get_BaseUrl_QA2(configdataprovider.java:24)
at com.utility.configdataprovider.get_BaseUrl_QA2(configdataprovider.java:24)
at com.utility.configdataprovider.get_BaseUrl_QA2(configdataprovider.java:24)
at com.utility.configdataprovider.get_BaseUrl_QA2(configdataprovider.java:24)
at com.utility.configdataprovider.get_BaseUrl_QA2(configdataprovider.java:24)
at com.utility.configdataprovider.get_BaseUrl_QA2(configdataprovider.java:24)
at com.utility.configdataprovider.get_BaseUrl_QA2(configdataprovider.java:24)
at com.utility.configdataprovider.get_BaseUrl_QA2(configdataprovider.java:24)
at com.utility.configdataprovider.get_BaseUrl_QA2(configdataprovider.java:24)
at com.utility.configdataprovider.get_BaseUrl_QA2(configdataprovider.java:24)
at com.utility.configdataprovider.get_BaseUrl_QA2(configdataprovider.java:24)
at com.utility.configdataprovider.get_BaseUrl_QA2(configdataprovider.java:24)
at com.utility.configdataprovider.get_BaseUrl_QA2(configdataprovider.java:24)
at com.utility.configdataprovider.get_BaseUrl_QA2(configdataprovider.java:24)
at com.utility.configdataprovider.get_BaseUrl_QA2(configdataprovider.java:24)
at com.utility.configdataprovider.get_BaseUrl_QA2(configdataprovider.java:24)
at com.utility.configdataprovider.get_BaseUrl_QA2(configdataprovider.java:24)
at com.utility.configdataprovider.get_BaseUrl_QA2(configdataprovider.java:24)
at com.utility.configdataprovider.get_BaseUrl_QA2(configdataprovider.java:24)
at com.utility.configdataprovider.get_BaseUrl_QA2(configdataprovider.java:24)
at com.utility.configdataprovider.get_BaseUrl_QA2(configdataprovider.java:24)
at com.utility.configdataprovider.get_BaseUrl_QA2(configdataprovider.java:24)
at com.utility.configdataprovider.get_BaseUrl_QA2(configdataprovider.java:24)
at com.utility.configdataprovider.get_BaseUrl_QA2(configdataprovider.java:24)
at com.utility.configdataprovider.get_BaseUrl_QA2(configdataprovider.java:24)
at com.utility.configdataprovider.get_BaseUrl_QA2(configdataprovider.java:24)
at com.utility.configdataprovider.get_BaseUrl_QA2(configdataprovider.java:24)
at com.utility.configdataprovider.get_BaseUrl_QA2(configdataprovider.java:24)
at com.utility.configdataprovider.get_BaseUrl_QA2(configdataprovider.java:24)
at com.utility.configdataprovider.get_BaseUrl_QA2(configdataprovider.java:24)
at com.utility.configdataprovider.get_BaseUrl_QA2(configdataprovider.java:24)
at com.utility.configdataprovider.get_BaseUrl_QA2(configdataprovider.java:24)
at com.utility.configdataprovider.get_BaseUrl_QA2(configdataprovider.java:24)
at com.utility.configdataprovider.get_BaseUrl_QA2(configdataprovider.java:24)
at com.utility.configdataprovider.get_BaseUrl_QA2(configdataprovider.java:24)
at com.utility.configdataprovider.get_BaseUrl_QA2(configdataprovider.java:24)
at com.utility.configdataprovider.get_BaseUrl_QA2(configdataprovider.java:24)
at com.utility.configdataprovider.get_BaseUrl_QA2(configdataprovider.java:24)
at com.utility.configdataprovider.get_BaseUrl_QA2(configdataprovider.java:24)
at com.utility.configdataprovider.get_BaseUrl_QA2(configdataprovider.java:24)
at com.utility.configdataprovider.get_BaseUrl_QA2(configdataprovider.java:24)
at com.utility.configdataprovider.get_BaseUrl_QA2(configdataprovider.java:24)
at com.utility.configdataprovider.get_BaseUrl_QA2(configdataprovider.java:24)
at com.utility.configdataprovider.get_BaseUrl_QA2(configdataprovider.java:24)
at com.utility.configdataprovider.get_BaseUrl_QA2(configdataprovider.java:24)
at com.utility.configdataprovider.get_BaseUrl_QA2(configdataprovider.java:24)
at com.utility.configdataprovider.get_BaseUrl_QA2(configdataprovider.java:24)
at com.utility.configdataprovider.get_BaseUrl_QA2(configdataprovider.java:24)
at com.utility.configdataprovider.get_BaseUrl_QA2(configdataprovider.java:24)
at com.utility.configdataprovider.get_BaseUrl_QA2(configdataprovider.java:24)
at com.utility.configdataprovider.get_BaseUrl_QA2(configdataprovider.java:24)
at com.utility.configdataprovider.get_BaseUrl_QA2(configdataprovider.java:24)
at com.utility.configdataprovider.get_BaseUrl_QA2(configdataprovider.java:24)
at com.utility.configdataprovider.get_BaseUrl_QA2(configdataprovider.java:24)
at com.utility.configdataprovider.get_BaseUrl_QA2(configdataprovider.java:24)
at com.utility.configdataprovider.get_BaseUrl_QA2(configdataprovider.java:24)
at com.utility.configdataprovider.get_BaseUrl_QA2(configdataprovider.java:24)
at com.utility.configdataprovider.get_BaseUrl_QA2(configdataprovider.java:24)
at com.utility.configdataprovider.get_BaseUrl_QA2(configdataprovider.java:24)
at com.utility.configdataprovider.get_BaseUrl_QA2(configdataprovider.java:24)
at com.utility.configdataprovider.get_BaseUrl_QA2(configdataprovider.java:24)
at com.utility.configdataprovider.get_BaseUrl_QA2(configdataprovider.java:24)
at com.utility.configdataprovider.get_BaseUrl_QA2(configdataprovider.java:24)
at com.utility.configdataprovider.get_BaseUrl_QA2(configdataprovider.java:24)
at com.utility.configdataprovider.get_BaseUrl_QA2(configdataprovider.java:24)
at com.utility.configdataprovider.get_BaseUrl_QA2(configdataprovider.java:24)
at com.utility.configdataprovider.get_BaseUrl_QA2(configdataprovider.java:24)
at com.utility.configdataprovider.get_BaseUrl_QA2(configdataprovider.java:24)
at com.utility.configdataprovider.get_BaseUrl_QA2(configdataprovider.java:24)
at com.utility.configdataprovider.get_BaseUrl_QA2(configdataprovider.java:24)
at com.utility.configdataprovider.get_BaseUrl_QA2(configdataprovider.java:24)
at com.utility.configdataprovider.get_BaseUrl_QA2(configdataprovider.java:24)
at com.utility.configdataprovider.get_BaseUrl_QA2(configdataprovider.java:24)
at com.utility.configdataprovider.get_BaseUrl_QA2(configdataprovider.java:24)
at com.utility.configdataprovider.get_BaseUrl_QA2(configdataprovider.java:24)
at com.utility.configdataprovider.get_BaseUrl_QA2(configdataprovider.java:24)
at com.utility.configdataprovider.get_BaseUrl_QA2(configdataprovider.java:24)
at com.utility.configdataprovider.get_BaseUrl_QA2(configdataprovider.java:24)
at com.utility.configdataprovider.get_BaseUrl_QA2(configdataprovider.java:24)
at com.utility.configdataprovider.get_BaseUrl_QA2(configdataprovider.java:24)
at com.utility.configdataprovider.get_BaseUrl_QA2(configdataprovider.java:24)
at com.utility.configdataprovider.get_BaseUrl_QA2(configdataprovider.java:24)
at com.utility.configdataprovider.get_BaseUrl_QA2(configdataprovider.java:24)
at com.utility.configdataprovider.get_BaseUrl_QA2(configdataprovider.java:24)
at com.utility.configdataprovider.get_BaseUrl_QA2(configdataprovider.java:24)
at com.utility.configdataprovider.get_BaseUrl_QA2(configdataprovider.java:24)
at com.utility.configdataprovider.get_BaseUrl_QA2(configdataprovider.java:24)
at com.utility.configdataprovider.get_BaseUrl_QA2(configdataprovider.java:24)
at com.utility.configdataprovider.get_BaseUrl_QA2(configdataprovider.java:24)
at com.utility.configdataprovider.get_BaseUrl_QA2(configdataprovider.java:24)
at com.utility.configdataprovider.get_BaseUrl_QA2(configdataprovider.java:24)
at com.utility.configdataprovider.get_BaseUrl_QA2(configdataprovider.java:24)
at com.utility.configdataprovider.get_BaseUrl_QA2(configdataprovider.java:24)
at com.utility.configdataprovider.get_BaseUrl_QA2(configdataprovider.java:24)
at com.utility.configdataprovider.get_BaseUrl_QA2(configdataprovider.java:24)
at com.utility.configdataprovider.get_BaseUrl_QA2(configdataprovider.java:24)
at com.utility.configdataprovider.get_BaseUrl_QA2(configdataprovider.java:24)
at com.utility.configdataprovider.get_BaseUrl_QA2(configdataprovider.java:24)
at com.utility.configdataprovider.get_BaseUrl_QA2(configdataprovider.java:24)
at com.utility.configdataprovider.get_BaseUrl_QA2(configdataprovider.java:24)
at com.utility.configdataprovider.get_BaseUrl_QA2(configdataprovider.java:24)
at com.utility.configdataprovider.get_BaseUrl_QA2(configdataprovider.java:24)
at com.utility.configdataprovider.get_BaseUrl_QA2(configdataprovider.java:24)
at com.utility.configdataprovider.get_BaseUrl_QA2(configdataprovider.java:24)
at com.utility.configdataprovider.get_BaseUrl_QA2(configdataprovider.java:24)
at com.utility.configdataprovider.get_BaseUrl_QA2(configdataprovider.java:24)
at com.utility.configdataprovider.get_BaseUrl_QA2(configdataprovider.java:24)
at com.utility.configdataprovider.get_BaseUrl_QA2(configdataprovider.java:24)
at com.utility.configdataprovider.get_BaseUrl_QA2(configdataprovider.java:24)
at com.utility.configdataprovider.get_BaseUrl_QA2(configdataprovider.java:24)
at com.utility.configdataprovider.get_BaseUrl_QA2(configdataprovider.java:24)
at com.utility.configdataprovider.get_BaseUrl_QA2(configdataprovider.java:24)
at com.utility.configdataprovider.get_BaseUrl_QA2(configdataprovider.java:24)
at com.utility.configdataprovider.get_BaseUrl_QA2(configdataprovider.java:24)
at com.utility.configdataprovider.get_BaseUrl_QA2(configdataprovider.java:24)
at com.utility.configdataprovider.get_BaseUrl_QA2(configdataprovider.java:24)
at com.utility.configdataprovider.get_BaseUrl_QA2(configdataprovider.java:24)
at com.utility.configdataprovider.get_BaseUrl_QA2(configdataprovider.java:24)
at com.utility.configdataprovider.get_BaseUrl_QA2(configdataprovider.java:24)
at com.utility.configdataprovider.get_BaseUrl_QA2(configdataprovider.java:24)
at com.utility.configdataprovider.get_BaseUrl_QA2(configdataprovider.java:24)
at com.utility.configdataprovider.get_BaseUrl_QA2(configdataprovider.java:24)
at com.utility.configdataprovider.get_BaseUrl_QA2(configdataprovider.java:24)
at com.utility.configdataprovider.get_BaseUrl_QA2(configdataprovider.java:24)
at com.utility.configdataprovider.get_BaseUrl_QA2(configdataprovider.java:24)
at com.utility.configdataprovider.get_BaseUrl_QA2(configdataprovider.java:24)
at com.utility.configdataprovider.get_BaseUrl_QA2(configdataprovider.java:24)
at com.utility.configdataprovider.get_BaseUrl_QA2(configdataprovider.java:24)
at com.utility.configdataprovider.get_BaseUrl_QA2(configdataprovider.java:24)
at com.utility.configdataprovider.get_BaseUrl_QA2(configdataprovider.java:24)
at com.utility.configdataprovider.get_BaseUrl_QA2(configdataprovider.java:24)
at com.utility.configdataprovider.get_BaseUrl_QA2(configdataprovider.java:24)
at com.utility.configdataprovider.get_BaseUrl_QA2(configdataprovider.java:24)
at com.utility.configdataprovider.get_BaseUrl_QA2(configdataprovider.java:24)
at com.utility.configdataprovider.get_BaseUrl_QA2(configdataprovider.java:24)
at com.utility.configdataprovider.get_BaseUrl_QA2(configdataprovider.java:24)
at com.utility.configdataprovider.get_BaseUrl_QA2(configdataprovider.java:24)
at com.utility.configdataprovider.get_BaseUrl_QA2(configdataprovider.java:24)
at com.utility.configdataprovider.get_BaseUrl_QA2(configdataprovider.java:24)
at com.utility.configdataprovider.get_BaseUrl_QA2(configdataprovider.java:24)
at com.utility.configdataprovider.get_BaseUrl_QA2(configdataprovider.java:24)
at com.utility.configdataprovider.get_BaseUrl_QA2(configdataprovider.java:24)
at com.utility.configdataprovider.get_BaseUrl_QA2(configdataprovider.java:24)
at com.utility.configdataprovider.get_BaseUrl_QA2(configdataprovider.java:24)
at com.utility.configdataprovider.get_BaseUrl_QA2(configdataprovider.java:24)
at com.utility.configdataprovider.get_BaseUrl_QA2(configdataprovider.java:24)
at com.utility.configdataprovider.get_BaseUrl_QA2(configdataprovider.java:24)
at com.utility.configdataprovider.get_BaseUrl_QA2(configdataprovider.java:24)
at com.utility.configdataprovider.get_BaseUrl_QA2(configdataprovider.java:24)
at com.utility.configdataprovider.get_BaseUrl_QA2(configdataprovider.java:24)
at com.utility.configdataprovider.get_BaseUrl_QA2(configdataprovider.java:24)
at com.utility.configdataprovider.get_BaseUrl_QA2(configdataprovider.java:24)
at com.utility.configdataprovider.get_BaseUrl_QA2(configdataprovider.java:24)
at com.utility.configdataprovider.get_BaseUrl_QA2(configdataprovider.java:24)
at com.utility.configdataprovider.get_BaseUrl_QA2(configdataprovider.java:24)
at com.utility.configdataprovider.get_BaseUrl_QA2(configdataprovider.java:24)
at com.utility.configdataprovider.get_BaseUrl_QA2(configdataprovider.java:24)
at com.utility.configdataprovider.get_BaseUrl_QA2(configdataprovider.java:24)
at com.utility.configdataprovider.get_BaseUrl_QA2(configdataprovider.java:24)
at com.utility.configdataprovider.get_BaseUrl_QA2(configdataprovider.java:24)
at com.utility.configdataprovider.get_BaseUrl_QA2(configdataprovider.java:24)
at com.utility.configdataprovider.get_BaseUrl_QA2(configdataprovider.java:24)
at com.utility.configdataprovider.get_BaseUrl_QA2(configdataprovider.java:24)
at com.utility.configdataprovider.get_BaseUrl_QA2(configdataprovider.java:24)
at com.utility.configdataprovider.get_BaseUrl_QA2(configdataprovider.java:24)
at com.utility.configdataprovider.get_BaseUrl_QA2(configdataprovider.java:24)
at com.utility.configdataprovider.get_BaseUrl_QA2(configdataprovider.java:24)
at com.utility.configdataprovider.get_BaseUrl_QA2(configdataprovider.java:24)
at com.utility.configdataprovider.get_BaseUrl_QA2(configdataprovider.java:24)
at com.utility.configdataprovider.get_BaseUrl_QA2(configdataprovider.java:24)
at com.utility.configdataprovider.get_BaseUrl_QA2(configdataprovider.java:24)
at com.utility.configdataprovider.get_BaseUrl_QA2(configdataprovider.java:24)
at com.utility.configdataprovider.get_BaseUrl_QA2(configdataprovider.java:24)
at com.utility.configdataprovider.get_BaseUrl_QA2(configdataprovider.java:24)
at com.utility.configdataprovider.get_BaseUrl_QA2(configdataprovider.java:24)
at com.utility.configdataprovider.get_BaseUrl_QA2(configdataprovider.java:24)
at com.utility.configdataprovider.get_BaseUrl_QA2(configdataprovider.java:24)
at com.utility.configdataprovider.get_BaseUrl_QA2(configdataprovider.java:24)
at com.utility.configdataprovider.get_BaseUrl_QA2(configdataprovider.java:24)
at com.utility.configdataprovider.get_BaseUrl_QA2(configdataprovider.java:24)
at com.utility.configdataprovider.get_BaseUrl_QA2(configdataprovider.java:24)
at com.utility.configdataprovider.get_BaseUrl_QA2(configdataprovider.java:24)
at com.utility.configdataprovider.get_BaseUrl_QA2(configdataprovider.java:24)
at com.utility.configdataprovider.get_BaseUrl_QA2(configdataprovider.java:24)
at com.utility.configdataprovider.get_BaseUrl_QA2(configdataprovider.java:24)
at com.utility.configdataprovider.get_BaseUrl_QA2(configdataprovider.java:24)
at com.utility.configdataprovider.get_BaseUrl_QA2(configdataprovider.java:24)
at com.utility.configdataprovider.get_BaseUrl_QA2(configdataprovider.java:24)
at com.utility.configdataprovider.get_BaseUrl_QA2(configdataprovider.java:24)
at com.utility.configdataprovider.get_BaseUrl_QA2(configdataprovider.java:24)
at com.utility.configdataprovider.get_BaseUrl_QA2(configdataprovider.java:24)
at com.utility.configdataprovider.get_BaseUrl_QA2(configdataprovider.java:24)
at com.utility.configdataprovider.get_BaseUrl_QA2(configdataprovider.java:24)
at com.utility.configdataprovider.get_BaseUrl_QA2(configdataprovider.java:24)
at com.utility.configdataprovider.get_BaseUrl_QA2(configdataprovider.java:24)
at com.utility.configdataprovider.get_BaseUrl_QA2(configdataprovider.java:24)
at com.utility.configdataprovider.get_BaseUrl_QA2(configdataprovider.java:24)
at com.utility.configdataprovider.get_BaseUrl_QA2(configdataprovider.java:24)
at com.utility.configdataprovider.get_BaseUrl_QA2(configdataprovider.java:24)
at com.utility.configdataprovider.get_BaseUrl_QA2(configdataprovider.java:24)
at com.utility.configdataprovider.get_BaseUrl_QA2(configdataprovider.java:24)
at com.utility.configdataprovider.get_BaseUrl_QA2(configdataprovider.java:24)
at com.utility.configdataprovider.get_BaseUrl_QA2(configdataprovider.java:24)
at com.utility.configdataprovider.get_BaseUrl_QA2(configdataprovider.java:24)
at com.utility.configdataprovider.get_BaseUrl_QA2(configdataprovider.java:24)
at com.utility.configdataprovider.get_BaseUrl_QA2(configdataprovider.java:24)
at com.utility.configdataprovider.get_BaseUrl_QA2(configdataprovider.java:24)
at com.utility.configdataprovider.get_BaseUrl_QA2(configdataprovider.java:24)
at com.utility.configdataprovider.get_BaseUrl_QA2(configdataprovider.java:24)
at com.utility.configdataprovider.get_BaseUrl_QA2(configdataprovider.java:24)
at com.utility.configdataprovider.get_BaseUrl_QA2(configdataprovider.java:24)
at com.utility.configdataprovider.get_BaseUrl_QA2(configdataprovider.java:24)
at com.utility.configdataprovider.get_BaseUrl_QA2(configdataprovider.java:24)
at com.utility.configdataprovider.get_BaseUrl_QA2(configdataprovider.java:24)
at com.utility.configdataprovider.get_BaseUrl_QA2(configdataprovider.java:24)
at com.utility.configdataprovider.get_BaseUrl_QA2(configdataprovider.java:24)
at com.utility.configdataprovider.get_BaseUrl_QA2(configdataprovider.java:24)
at com.utility.configdataprovider.get_BaseUrl_QA2(configdataprovider.java:24)
at com.utility.configdataprovider.get_BaseUrl_QA2(configdataprovider.java:24)
at com.utility.configdataprovider.get_BaseUrl_QA2(configdataprovider.java:24)
at com.utility.configdataprovider.get_BaseUrl_QA2(configdataprovider.java:24)
at com.utility.configdataprovider.get_BaseUrl_QA2(configdataprovider.java:24)
at com.utility.configdataprovider.get_BaseUrl_QA2(configdataprovider.java:24)
at com.utility.configdataprovider.get_BaseUrl_QA2(configdataprovider.java:24)
at com.utility.configdataprovider.get_BaseUrl_QA2(configdataprovider.java:24)
at com.utility.configdataprovider.get_BaseUrl_QA2(configdataprovider.java:24)
at com.utility.configdataprovider.get_BaseUrl_QA2(configdataprovider.java:24)
at com.utility.configdataprovider.get_BaseUrl_QA2(configdataprovider.java:24)
at com.utility.configdataprovider.get_BaseUrl_QA2(configdataprovider.java:24)
at com.utility.configdataprovider.get_BaseUrl_QA2(configdataprovider.java:24)
at com.utility.configdataprovider.get_BaseUrl_QA2(configdataprovider.java:24)
at com.utility.configdataprovider.get_BaseUrl_QA2(configdataprovider.java:24)
at com.utility.configdataprovider.get_BaseUrl_QA2(configdataprovider.java:24)
at com.utility.configdataprovider.get_BaseUrl_QA2(configdataprovider.java:24)
at com.utility.configdataprovider.get_BaseUrl_QA2(configdataprovider.java:24)
at com.utility.configdataprovider.get_BaseUrl_QA2(configdataprovider.java:24)
at com.utility.configdataprovider.get_BaseUrl_QA2(configdataprovider.java:24)
at com.utility.configdataprovider.get_BaseUrl_QA2(configdataprovider.java:24)
at com.utility.configdataprovider.get_BaseUrl_QA2(configdataprovider.java:24)
at com.utility.configdataprovider.get_BaseUrl_QA2(configdataprovider.java:24)
at com.utility.configdataprovider.get_BaseUrl_QA2(configdataprovider.java:24)
at com.utility.configdataprovider.get_BaseUrl_QA2(configdataprovider.java:24)
at com.utility.configdataprovider.get_BaseUrl_QA2(configdataprovider.java:24)
at com.utility.configdataprovider.get_BaseUrl_QA2(configdataprovider.java:24)
at com.utility.configdataprovider.get_BaseUrl_QA2(configdataprovider.java:24)
at com.utility.configdataprovider.get_BaseUrl_QA2(configdataprovider.java:24)
at com.utility.configdataprovider.get_BaseUrl_QA2(configdataprovider.java:24)
at com.utility.configdataprovider.get_BaseUrl_QA2(configdataprovider.java:24)
at com.utility.configdataprovider.get_BaseUrl_QA2(configdataprovider.java:24)
at com.utility.configdataprovider.get_BaseUrl_QA2(configdataprovider.java:24)
at com.utility.configdataprovider.get_BaseUrl_QA2(configdataprovider.java:24)
at com.utility.configdataprovider.get_BaseUrl_QA2(configdataprovider.java:24)
at com.utility.configdataprovider.get_BaseUrl_QA2(configdataprovider.java:24)
at com.utility.configdataprovider.get_BaseUrl_QA2(configdataprovider.java:24)
at com.utility.configdataprovider.get_BaseUrl_QA2(configdataprovider.java:24)
at com.utility.configdataprovider.get_BaseUrl_QA2(configdataprovider.java:24)
at com.utility.configdataprovider.get_BaseUrl_QA2(configdataprovider.java:24)
at com.utility.configdataprovider.get_BaseUrl_QA2(configdataprovider.java:24)
at com.utility.configdataprovider.get_BaseUrl_QA2(configdataprovider.java:24)
at com.utility.configdataprovider.get_BaseUrl_QA2(configdataprovider.java:24)
at com.utility.configdataprovider.get_BaseUrl_QA2(configdataprovider.java:24)
at com.utility.configdataprovider.get_BaseUrl_QA2(configdataprovider.java:24)
at com.utility.configdataprovider.get_BaseUrl_QA2(configdataprovider.java:24)
at com.utility.configdataprovider.get_BaseUrl_QA2(configdataprovider.java:24)
at com.utility.configdataprovider.get_BaseUrl_QA2(configdataprovider.java:24)
at com.utility.configdataprovider.get_BaseUrl_QA2(configdataprovider.java:24)
at com.utility.configdataprovider.get_BaseUrl_QA2(configdataprovider.java:24)
at com.utility.configdataprovider.get_BaseUrl_QA2(configdataprovider.java:24)
at com.utility.configdataprovider.get_BaseUrl_QA2(configdataprovider.java:24)
at com.utility.configdataprovider.get_BaseUrl_QA2(configdataprovider.java:24)
at com.utility.configdataprovider.get_BaseUrl_QA2(configdataprovider.java:24)
at com.utility.configdataprovider.get_BaseUrl_QA2(configdataprovider.java:24)
at com.utility.configdataprovider.get_BaseUrl_QA2(configdataprovider.java:24)
at com.utility.configdataprovider.get_BaseUrl_QA2(configdataprovider.java:24)
at com.utility.configdataprovider.get_BaseUrl_QA2(configdataprovider.java:24)
at com.utility.configdataprovider.get_BaseUrl_QA2(configdataprovider.java:24)
at com.utility.configdataprovider.get_BaseUrl_QA2(configdataprovider.java:24)
at com.utility.configdataprovider.get_BaseUrl_QA2(configdataprovider.java:24)
at com.utility.configdataprovider.get_BaseUrl_QA2(configdataprovider.java:24)
at com.utility.configdataprovider.get_BaseUrl_QA2(configdataprovider.java:24)
at com.utility.configdataprovider.get_BaseUrl_QA2(configdataprovider.java:24)
at com.utility.configdataprovider.get_BaseUrl_QA2(configdataprovider.java:24)
at com.utility.configdataprovider.get_BaseUrl_QA2(configdataprovider.java:24)
at com.utility.configdataprovider.get_BaseUrl_QA2(configdataprovider.java:24)
at com.utility.configdataprovider.get_BaseUrl_QA2(configdataprovider.java:24)
at com.utility.configdataprovider.get_BaseUrl_QA2(configdataprovider.java:24)
at com.utility.configdataprovider.get_BaseUrl_QA2(configdataprovider.java:24)
at com.utility.configdataprovider.get_BaseUrl_QA2(configdataprovider.java:24)
at com.utility.configdataprovider.get_BaseUrl_QA2(configdataprovider.java:24)
at com.utility.configdataprovider.get_BaseUrl_QA2(configdataprovider.java:24)
at com.utility.configdataprovider.get_BaseUrl_QA2(configdataprovider.java:24)
at com.utility.configdataprovider.get_BaseUrl_QA2(configdataprovider.java:24)
at com.utility.configdataprovider.get_BaseUrl_QA2(configdataprovider.java:24)
at com.utility.configdataprovider.get_BaseUrl_QA2(configdataprovider.java:24)
at com.utility.configdataprovider.get_BaseUrl_QA2(configdataprovider.java:24)
at com.utility.configdataprovider.get_BaseUrl_QA2(configdataprovider.java:24)
at com.utility.configdataprovider.get_BaseUrl_QA2(configdataprovider.java:24)
at com.utility.configdataprovider.get_BaseUrl_QA2(configdataprovider.java:24)
at com.utility.configdataprovider.get_BaseUrl_QA2(configdataprovider.java:24)
at com.utility.configdataprovider.get_BaseUrl_QA2(configdataprovider.java:24)
at com.utility.configdataprovider.get_BaseUrl_QA2(configdataprovider.java:24)
at com.utility.configdataprovider.get_BaseUrl_QA2(configdataprovider.java:24)
at com.utility.configdataprovider.get_BaseUrl_QA2(configdataprovider.java:24)
at com.utility.configdataprovider.get_BaseUrl_QA2(configdataprovider.java:24)
at com.utility.configdataprovider.get_BaseUrl_QA2(configdataprovider.java:24)
at com.utility.configdataprovider.get_BaseUrl_QA2(configdataprovider.java:24)
at com.utility.configdataprovider.get_BaseUrl_QA2(configdataprovider.java:24)
at com.utility.configdataprovider.get_BaseUrl_QA2(configdataprovider.java:24)
at com.utility.configdataprovider.get_BaseUrl_QA2(configdataprovider.java:24)
at com.utility.configdataprovider.get_BaseUrl_QA2(configdataprovider.java:24)
at com.utility.configdataprovider.get_BaseUrl_QA2(configdataprovider.java:24)
at com.utility.configdataprovider.get_BaseUrl_QA2(configdataprovider.java:24)
at com.utility.configdataprovider.get_BaseUrl_QA2(configdataprovider.java:24)
at com.utility.configdataprovider.get_BaseUrl_QA2(configdataprovider.java:24)
at com.utility.configdataprovider.get_BaseUrl_QA2(configdataprovider.java:24)
at com.utility.configdataprovider.get_BaseUrl_QA2(configdataprovider.java:24)
at com.utility.configdataprovider.get_BaseUrl_QA2(configdataprovider.java:24)
at com.utility.configdataprovider.get_BaseUrl_QA2(configdataprovider.java:24)
at com.utility.configdataprovider.get_BaseUrl_QA2(configdataprovider.java:24)
at com.utility.configdataprovider.get_BaseUrl_QA2(configdataprovider.java:24)
at com.utility.configdataprovider.get_BaseUrl_QA2(configdataprovider.java:24)
at com.utility.configdataprovider.get_BaseUrl_QA2(configdataprovider.java:24)
at com.utility.configdataprovider.get_BaseUrl_QA2(configdataprovider.java:24)
at com.utility.configdataprovider.get_BaseUrl_QA2(configdataprovider.java:24)
at com.utility.configdataprovider.get_BaseUrl_QA2(configdataprovider.java:24)
at com.utility.configdataprovider.get_BaseUrl_QA2(configdataprovider.java:24)
at com.utility.configdataprovider.get_BaseUrl_QA2(configdataprovider.java:24)
at com.utility.configdataprovider.get_BaseUrl_QA2(configdataprovider.java:24)
at com.utility.configdataprovider.get_BaseUrl_QA2(configdataprovider.java:24)
at com.utility.configdataprovider.get_BaseUrl_QA2(configdataprovider.java:24)
at com.utility.configdataprovider.get_BaseUrl_QA2(configdataprovider.java:24)
at com.utility.configdataprovider.get_BaseUrl_QA2(configdataprovider.java:24)
at com.utility.configdataprovider.get_BaseUrl_QA2(configdataprovider.java:24)
at com.utility.configdataprovider.get_BaseUrl_QA2(configdataprovider.java:24)
at com.utility.configdataprovider.get_BaseUrl_QA2(configdataprovider.java:24)
at com.utility.configdataprovider.get_BaseUrl_QA2(configdataprovider.java:24)
at com.utility.configdataprovider.get_BaseUrl_QA2(configdataprovider.java:24)
at com.utility.configdataprovider.get_BaseUrl_QA2(configdataprovider.java:24)
at com.utility.configdataprovider.get_BaseUrl_QA2(configdataprovider.java:24)
at com.utility.configdataprovider.get_BaseUrl_QA2(configdataprovider.java:24)
at com.utility.configdataprovider.get_BaseUrl_QA2(configdataprovider.java:24)
at com.utility.configdataprovider.get_BaseUrl_QA2(configdataprovider.java:24)
at com.utility.configdataprovider.get_BaseUrl_QA2(configdataprovider.java:24)
at com.utility.configdataprovider.get_BaseUrl_QA2(configdataprovider.java:24)
at com.utility.configdataprovider.get_BaseUrl_QA2(configdataprovider.java:24)
at com.utility.configdataprovider.get_BaseUrl_QA2(configdataprovider.java:24)
at com.utility.configdataprovider.get_BaseUrl_QA2(configdataprovider.java:24)
at com.utility.configdataprovider.get_BaseUrl_QA2(configdataprovider.java:24)
at com.utility.configdataprovider.get_BaseUrl_QA2(configdataprovider.java:24)
at com.utility.configdataprovider.get_BaseUrl_QA2(configdataprovider.java:24)
at com.utility.configdataprovider.get_BaseUrl_QA2(configdataprovider.java:24)
at com.utility.configdataprovider.get_BaseUrl_QA2(configdataprovider.java:24)
at com.utility.configdataprovider.get_BaseUrl_QA2(configdataprovider.java:24)
at com.utility.configdataprovider.get_BaseUrl_QA2(configdataprovider.java:24)
at com.utility.configdataprovider.get_BaseUrl_QA2(configdataprovider.java:24)
at com.utility.configdataprovider.get_BaseUrl_QA2(configdataprovider.java:24)
at com.utility.configdataprovider.get_BaseUrl_QA2(configdataprovider.java:24)
at com.utility.configdataprovider.get_BaseUrl_QA2(configdataprovider.java:24)
at com.utility.configdataprovider.get_BaseUrl_QA2(configdataprovider.java:24)
at com.utility.configdataprovider.get_BaseUrl_QA2(configdataprovider.java:24)
at com.utility.configdataprovider.get_BaseUrl_QA2(configdataprovider.java:24)
at com.utility.configdataprovider.get_BaseUrl_QA2(configdataprovider.java:24)
at com.utility.configdataprovider.get_BaseUrl_QA2(configdataprovider.java:24)
at com.utility.configdataprovider.get_BaseUrl_QA2(configdataprovider.java:24)
at com.utility.configdataprovider.get_BaseUrl_QA2(configdataprovider.java:24)
at com.utility.configdataprovider.get_BaseUrl_QA2(configdataprovider.java:24)
at com.utility.configdataprovider.get_BaseUrl_QA2(configdataprovider.java:24)
at com.utility.configdataprovider.get_BaseUrl_QA2(configdataprovider.java:24)
at com.utility.configdataprovider.get_BaseUrl_QA2(configdataprovider.java:24)
at com.utility.configdataprovider.get_BaseUrl_QA2(configdataprovider.java:24)
at com.utility.configdataprovider.get_BaseUrl_QA2(configdataprovider.java:24)
at com.utility.configdataprovider.get_BaseUrl_QA2(configdataprovider.java:24)
at com.utility.configdataprovider.get_BaseUrl_QA2(configdataprovider.java:24)
at com.utility.configdataprovider.get_BaseUrl_QA2(configdataprovider.java:24)
at com.utility.configdataprovider.get_BaseUrl_QA2(configdataprovider.java:24)
at com.utility.configdataprovider.get_BaseUrl_QA2(configdataprovider.java:24)
at com.utility.configdataprovider.get_BaseUrl_QA2(configdataprovider.java:24)
at com.utility.configdataprovider.get_BaseUrl_QA2(configdataprovider.java:24)
at com.utility.configdataprovider.get_BaseUrl_QA2(configdataprovider.java:24)
at com.utility.configdataprovider.get_BaseUrl_QA2(configdataprovider.java:24)
at com.utility.configdataprovider.get_BaseUrl_QA2(configdataprovider.java:24)
at com.utility.configdataprovider.get_BaseUrl_QA2(configdataprovider.java:24)
at com.utility.configdataprovider.get_BaseUrl_QA2(configdataprovider.java:24)
at com.utility.configdataprovider.get_BaseUrl_QA2(configdataprovider.java:24)
at com.utility.configdataprovider.get_BaseUrl_QA2(configdataprovider.java:24)
at com.utility.configdataprovider.get_BaseUrl_QA2(configdataprovider.java:24)
at com.utility.configdataprovider.get_BaseUrl_QA2(configdataprovider.java:24)
at com.utility.configdataprovider.get_BaseUrl_QA2(configdataprovider.java:24)
at com.utility.configdataprovider.get_BaseUrl_QA2(configdataprovider.java:24)
at com.utility.configdataprovider.get_BaseUrl_QA2(configdataprovider.java:24)
at com.utility.configdataprovider.get_BaseUrl_QA2(configdataprovider.java:24)
at com.utility.configdataprovider.get_BaseUrl_QA2(configdataprovider.java:24)
at com.utility.configdataprovider.get_BaseUrl_QA2(configdataprovider.java:24)
at com.utility.configdataprovider.get_BaseUrl_QA2(configdataprovider.java:24)
at com.utility.configdataprovider.get_BaseUrl_QA2(configdataprovider.java:24)
at com.utility.configdataprovider.get_BaseUrl_QA2(configdataprovider.java:24)
at com.utility.configdataprovider.get_BaseUrl_QA2(configdataprovider.java:24)
at com.utility.configdataprovider.get_BaseUrl_QA2(configdataprovider.java:24)
at com.utility.configdataprovider.get_BaseUrl_QA2(configdataprovider.java:24)
at com.utility.configdataprovider.get_BaseUrl_QA2(configdataprovider.java:24)
at com.utility.configdataprovider.get_BaseUrl_QA2(configdataprovider.java:24)
at com.utility.configdataprovider.get_BaseUrl_QA2(configdataprovider.java:24)
at com.utility.configdataprovider.get_BaseUrl_QA2(configdataprovider.java:24)
at com.utility.configdataprovider.get_BaseUrl_QA2(configdataprovider.java:24)
at com.utility.configdataprovider.get_BaseUrl_QA2(configdataprovider.java:24)
at com.utility.configdataprovider.get_BaseUrl_QA2(configdataprovider.java:24)
at com.utility.configdataprovider.get_BaseUrl_QA2(configdataprovider.java:24)
at com.utility.configdataprovider.get_BaseUrl_QA2(configdataprovider.java:24)
at com.utility.configdataprovider.get_BaseUrl_QA2(configdataprovider.java:24)
at com.utility.configdataprovider.get_BaseUrl_QA2(configdataprovider.java:24)
at com.utility.configdataprovider.get_BaseUrl_QA2(configdataprovider.java:24)
at com.utility.configdataprovider.get_BaseUrl_QA2(configdataprovider.java:24)
at com.utility.configdataprovider.get_BaseUrl_QA2(configdataprovider.java:24)
at com.utility.configdataprovider.get_BaseUrl_QA2(configdataprovider.java:24)
at com.utility.configdataprovider.get_BaseUrl_QA2(configdataprovider.java:24)
at com.utility.configdataprovider.get_BaseUrl_QA2(configdataprovider.java:24)
at com.utility.configdataprovider.get_BaseUrl_QA2(configdataprovider.java:24)
at com.utility.configdataprovider.get_BaseUrl_QA2(configdataprovider.java:24)
at com.utility.configdataprovider.get_BaseUrl_QA2(configdataprovider.java:24)
at com.utility.configdataprovider.get_BaseUrl_QA2(configdataprovider.java:24)
at com.utility.configdataprovider.get_BaseUrl_QA2(configdataprovider.java:24)
at com.utility.configdataprovider.get_BaseUrl_QA2(configdataprovider.java:24)
at com.utility.configdataprovider.get_BaseUrl_QA2(configdataprovider.java:24)
at com.utility.configdataprovider.get_BaseUrl_QA2(configdataprovider.java:24)
at com.utility.configdataprovider.get_BaseUrl_QA2(configdataprovider.java:24)
at com.utility.configdataprovider.get_BaseUrl_QA2(configdataprovider.java:24)
at com.utility.configdataprovider.get_BaseUrl_QA2(configdataprovider.java:24)
at com.utility.configdataprovider.get_BaseUrl_QA2(configdataprovider.java:24)
at com.utility.configdataprovider.get_BaseUrl_QA2(configdataprovider.java:24)
at com.utility.configdataprovider.get_BaseUrl_QA2(configdataprovider.java:24)
at com.utility.configdataprovider.get_BaseUrl_QA2(configdataprovider.java:24)
at com.utility.configdataprovider.get_BaseUrl_QA2(configdataprovider.java:24)
at com.utility.configdataprovider.get_BaseUrl_QA2(configdataprovider.java:24)
at com.utility.configdataprovider.get_BaseUrl_QA2(configdataprovider.java:24)
at com.utility.configdataprovider.get_BaseUrl_QA2(configdataprovider.java:24)
at com.utility.configdataprovider.get_BaseUrl_QA2(configdataprovider.java:24)
at com.utility.configdataprovider.get_BaseUrl_QA2(configdataprovider.java:24)
at com.utility.configdataprovider.get_BaseUrl_QA2(configdataprovider.java:24)
at com.utility.configdataprovider.get_BaseUrl_QA2(configdataprovider.java:24)
at com.utility.configdataprovider.get_BaseUrl_QA2(configdataprovider.java:24)
at com.utility.configdataprovider.get_BaseUrl_QA2(configdataprovider.java:24)
at com.utility.configdataprovider.get_BaseUrl_QA2(configdataprovider.java:24)
at com.utility.configdataprovider.get_BaseUrl_QA2(configdataprovider.java:24)
at com.utility.configdataprovider.get_BaseUrl_QA2(configdataprovider.java:24)
at com.utility.configdataprovider.get_BaseUrl_QA2(configdataprovider.java:24)
at com.utility.configdataprovider.get_BaseUrl_QA2(configdataprovider.java:24)
at com.utility.configdataprovider.get_BaseUrl_QA2(configdataprovider.java:24)
at com.utility.configdataprovider.get_BaseUrl_QA2(configdataprovider.java:24)
at com.utility.configdataprovider.get_BaseUrl_QA2(configdataprovider.java:24)
at com.utility.configdataprovider.get_BaseUrl_QA2(configdataprovider.java:24)
at com.utility.configdataprovider.get_BaseUrl_QA2(configdataprovider.java:24)
at com.utility.configdataprovider.get_BaseUrl_QA2(configdataprovider.java:24)
at com.utility.configdataprovider.get_BaseUrl_QA2(configdataprovider.java:24)
at com.utility.configdataprovider.get_BaseUrl_QA2(configdataprovider.java:24)
at com.utility.configdataprovider.get_BaseUrl_QA2(configdataprovider.java:24)
at com.utility.configdataprovider.get_BaseUrl_QA2(configdataprovider.java:24)
at com.utility.configdataprovider.get_BaseUrl_QA2(configdataprovider.java:24)
at com.utility.configdataprovider.get_BaseUrl_QA2(configdataprovider.java:24)
at com.utility.configdataprovider.get_BaseUrl_QA2(configdataprovider.java:24)
at com.utility.configdataprovider.get_BaseUrl_QA2(configdataprovider.java:24)
at com.utility.configdataprovider.get_BaseUrl_QA2(configdataprovider.java:24)
at com.utility.configdataprovider.get_BaseUrl_QA2(configdataprovider.java:24)
at com.utility.configdataprovider.get_BaseUrl_QA2(configdataprovider.java:24)
at com.utility.configdataprovider.get_BaseUrl_QA2(configdataprovider.java:24)
at com.utility.configdataprovider.get_BaseUrl_QA2(configdataprovider.java:24)
at com.utility.configdataprovider.get_BaseUrl_QA2(configdataprovider.java:24)
at com.utility.configdataprovider.get_BaseUrl_QA2(configdataprovider.java:24)
at com.utility.configdataprovider.get_BaseUrl_QA2(configdataprovider.java:24)
at com.utility.configdataprovider.get_BaseUrl_QA2(configdataprovider.java:24)
at com.utility.configdataprovider.get_BaseUrl_QA2(configdataprovider.java:24)
at com.utility.configdataprovider.get_BaseUrl_QA2(configdataprovider.java:24)
at com.utility.configdataprovider.get_BaseUrl_QA2(configdataprovider.java:24)
at com.utility.configdataprovider.get_BaseUrl_QA2(configdataprovider.java:24)
at com.utility.configdataprovider.get_BaseUrl_QA2(configdataprovider.java:24)
at com.utility.configdataprovider.get_BaseUrl_QA2(configdataprovider.java:24)
at com.utility.configdataprovider.get_BaseUrl_QA2(configdataprovider.java:24)
at com.utility.configdataprovider.get_BaseUrl_QA2(configdataprovider.java:24)
at com.utility.configdataprovider.get_BaseUrl_QA2(configdataprovider.java:24)
at com.utility.configdataprovider.get_BaseUrl_QA2(configdataprovider.java:24)
at com.utility.configdataprovider.get_BaseUrl_QA2(configdataprovider.java:24)
at com.utility.configdataprovider.get_BaseUrl_QA2(configdataprovider.java:24)
at com.utility.configdataprovider.get_BaseUrl_QA2(configdataprovider.java:24)
at com.utility.configdataprovider.get_BaseUrl_QA2(configdataprovider.java:24)
at com.utility.configdataprovider.get_BaseUrl_QA2(configdataprovider.java:24)
at com.utility.configdataprovider.get_BaseUrl_QA2(configdataprovider.java:24)
at com.utility.configdataprovider.get_BaseUrl_QA2(configdataprovider.java:24)
at com.utility.configdataprovider.get_BaseUrl_QA2(configdataprovider.java:24)
at com.utility.configdataprovider.get_BaseUrl_QA2(configdataprovider.java:24)
at com.utility.configdataprovider.get_BaseUrl_QA2(configdataprovider.java:24)
at com.utility.configdataprovider.get_BaseUrl_QA2(configdataprovider.java:24)
at com.utility.configdataprovider.get_BaseUrl_QA2(configdataprovider.java:24)
at com.utility.configdataprovider.get_BaseUrl_QA2(configdataprovider.java:24)
at com.utility.configdataprovider.get_BaseUrl_QA2(configdataprovider.java:24)
at com.utility.configdataprovider.get_BaseUrl_QA2(configdataprovider.java:24)
at com.utility.configdataprovider.get_BaseUrl_QA2(configdataprovider.java:24)
at com.utility.configdataprovider.get_BaseUrl_QA2(configdataprovider.java:24)
at com.utility.configdataprovider.get_BaseUrl_QA2(configdataprovider.java:24)
at com.utility.configdataprovider.get_BaseUrl_QA2(configdataprovider.java:24)
at com.utility.configdataprovider.get_BaseUrl_QA2(configdataprovider.java:24)
at com.utility.configdataprovider.get_BaseUrl_QA2(configdataprovider.java:24)
at com.utility.configdataprovider.get_BaseUrl_QA2(configdataprovider.java:24)
at com.utility.configdataprovider.get_BaseUrl_QA2(configdataprovider.java:24)
at com.utility.configdataprovider.get_BaseUrl_QA2(configdataprovider.java:24)
at com.utility.configdataprovider.get_BaseUrl_QA2(configdataprovider.java:24)
at com.utility.configdataprovider.get_BaseUrl_QA2(configdataprovider.java:24)
at com.utility.configdataprovider.get_BaseUrl_QA2(configdataprovider.java:24)
at com.utility.configdataprovider.get_BaseUrl_QA2(configdataprovider.java:24)
at com.utility.configdataprovider.get_BaseUrl_QA2(configdataprovider.java:24)
at com.utility.configdataprovider.get_BaseUrl_QA2(configdataprovider.java:24)
at com.utility.configdataprovider.get_BaseUrl_QA2(configdataprovider.java:24)
at com.utility.configdataprovider.get_BaseUrl_QA2(configdataprovider.java:24)
at com.utility.configdataprovider.get_BaseUrl_QA2(configdataprovider.java:24)
at com.utility.configdataprovider.get_BaseUrl_QA2(configdataprovider.java:24)
at com.utility.configdataprovider.get_BaseUrl_QA2(configdataprovider.java:24)
at com.utility.configdataprovider.get_BaseUrl_QA2(configdataprovider.java:24)
at com.utility.configdataprovider.get_BaseUrl_QA2(configdataprovider.java:24)
at com.utility.configdataprovider.get_BaseUrl_QA2(configdataprovider.java:24)
at com.utility.configdataprovider.get_BaseUrl_QA2(configdataprovider.java:24)
at com.utility.configdataprovider.get_BaseUrl_QA2(configdataprovider.java:24)
at com.utility.configdataprovider.get_BaseUrl_QA2(configdataprovider.java:24)
at com.utility.configdataprovider.get_BaseUrl_QA2(configdataprovider.java:24)
at com.utility.configdataprovider.get_BaseUrl_QA2(configdataprovider.java:24)
at com.utility.configdataprovider.get_BaseUrl_QA2(configdataprovider.java:24)
at com.utility.configdataprovider.get_BaseUrl_QA2(configdataprovider.java:24)
at com.utility.configdataprovider.get_BaseUrl_QA2(configdataprovider.java:24)
at com.utility.configdataprovider.get_BaseUrl_QA2(configdataprovider.java:24)
at com.utility.configdataprovider.get_BaseUrl_QA2(configdataprovider.java:24)
at com.utility.configdataprovider.get_BaseUrl_QA2(configdataprovider.java:24)
at com.utility.configdataprovider.get_BaseUrl_QA2(configdataprovider.java:24)
at com.utility.configdataprovider.get_BaseUrl_QA2(configdataprovider.java:24)
at com.utility.configdataprovider.get_BaseUrl_QA2(configdataprovider.java:24)
at com.utility.configdataprovider.get_BaseUrl_QA2(configdataprovider.java:24)
at com.utility.configdataprovider.get_BaseUrl_QA2(configdataprovider.java:24)
at com.utility.configdataprovider.get_BaseUrl_QA2(configdataprovider.java:24)
at com.utility.configdataprovider.get_BaseUrl_QA2(configdataprovider.java:24)
at com.utility.configdataprovider.get_BaseUrl_QA2(configdataprovider.java:24)
at com.utility.configdataprovider.get_BaseUrl_QA2(configdataprovider.java:24)
at com.utility.configdataprovider.get_BaseUrl_QA2(configdataprovider.java:24)
at com.utility.configdataprovider.get_BaseUrl_QA2(configdataprovider.java:24)
at com.utility.configdataprovider.get_BaseUrl_QA2(configdataprovider.java:24)
at com.utility.configdataprovider.get_BaseUrl_QA2(configdataprovider.java:24)
at com.utility.configdataprovider.get_BaseUrl_QA2(configdataprovider.java:24)
at com.utility.configdataprovider.get_BaseUrl_QA2(configdataprovider.java:24)
at com.utility.configdataprovider.get_BaseUrl_QA2(configdataprovider.java:24)
at com.utility.configdataprovider.get_BaseUrl_QA2(configdataprovider.java:24)
at com.utility.configdataprovider.get_BaseUrl_QA2(configdataprovider.java:24)
at com.utility.configdataprovider.get_BaseUrl_QA2(configdataprovider.java:24)
at com.utility.configdataprovider.get_BaseUrl_QA2(configdataprovider.java:24)
at com.utility.configdataprovider.get_BaseUrl_QA2(configdataprovider.java:24)
at com.utility.configdataprovider.get_BaseUrl_QA2(configdataprovider.java:24)
at com.utility.configdataprovider.get_BaseUrl_QA2(configdataprovider.java:24)
at com.utility.configdataprovider.get_BaseUrl_QA2(configdataprovider.java:24)
at com.utility.configdataprovider.get_BaseUrl_QA2(configdataprovider.java:24)
at com.utility.configdataprovider.get_BaseUrl_QA2(configdataprovider.java:24)
at com.utility.configdataprovider.get_BaseUrl_QA2(configdataprovider.java:24)
at com.utility.configdataprovider.get_BaseUrl_QA2(configdataprovider.java:24)
at com.utility.configdataprovider.get_BaseUrl_QA2(configdataprovider.java:24)
at com.utility.configdataprovider.get_BaseUrl_QA2(configdataprovider.java:24)
at com.utility.configdataprovider.get_BaseUrl_QA2(configdataprovider.java:24)
at com.utility.configdataprovider.get_BaseUrl_QA2(configdataprovider.java:24)
at com.utility.configdataprovider.get_BaseUrl_QA2(configdataprovider.java:24)
at com.utility.configdataprovider.get_BaseUrl_QA2(configdataprovider.java:24)
at com.utility.configdataprovider.get_BaseUrl_QA2(configdataprovider.java:24)
at com.utility.configdataprovider.get_BaseUrl_QA2(configdataprovider.java:24)
at com.utility.configdataprovider.get_BaseUrl_QA2(configdataprovider.java:24)
at com.utility.configdataprovider.get_BaseUrl_QA2(configdataprovider.java:24)
at com.utility.configdataprovider.get_BaseUrl_QA2(configdataprovider.java:24)
at com.utility.configdataprovider.get_BaseUrl_QA2(configdataprovider.java:24)
at com.utility.configdataprovider.get_BaseUrl_QA2(configdataprovider.java:24)
at com.utility.configdataprovider.get_BaseUrl_QA2(configdataprovider.java:24)
at com.utility.configdataprovider.get_BaseUrl_QA2(configdataprovider.java:24)
at com.utility.configdataprovider.get_BaseUrl_QA2(configdataprovider.java:24)
at com.utility.configdataprovider.get_BaseUrl_QA2(configdataprovider.java:24)
at com.utility.configdataprovider.get_BaseUrl_QA2(configdataprovider.java:24)
at com.utility.configdataprovider.get_BaseUrl_QA2(configdataprovider.java:24)
at com.utility.configdataprovider.get_BaseUrl_QA2(configdataprovider.java:24)
at com.utility.configdataprovider.get_BaseUrl_QA2(configdataprovider.java:24)
at com.utility.configdataprovider.get_BaseUrl_QA2(configdataprovider.java:24)
at com.utility.configdataprovider.get_BaseUrl_QA2(configdataprovider.java:24)
at com.utility.configdataprovider.get_BaseUrl_QA2(configdataprovider.java:24)
at com.utility.configdataprovider.get_BaseUrl_QA2(configdataprovider.java:24)
at com.utility.configdataprovider.get_BaseUrl_QA2(configdataprovider.java:24)
at com.utility.configdataprovider.get_BaseUrl_QA2(configdataprovider.java:24)
at com.utility.configdataprovider.get_BaseUrl_QA2(configdataprovider.java:24)
at com.utility.configdataprovider.get_BaseUrl_QA2(configdataprovider.java:24)
at com.utility.configdataprovider.get_BaseUrl_QA2(configdataprovider.java:24)
at com.utility.configdataprovider.get_BaseUrl_QA2(configdataprovider.java:24)
at com.utility.configdataprovider.get_BaseUrl_QA2(configdataprovider.java:24)
at com.utility.configdataprovider.get_BaseUrl_QA2(configdataprovider.java:24)
at com.utility.configdataprovider.get_BaseUrl_QA2(configdataprovider.java:24)
at com.utility.configdataprovider.get_BaseUrl_QA2(configdataprovider.java:24)
at com.utility.configdataprovider.get_BaseUrl_QA2(configdataprovider.java:24)
at com.utility.configdataprovider.get_BaseUrl_QA2(configdataprovider.java:24)
at com.utility.configdataprovider.get_BaseUrl_QA2(configdataprovider.java:24)
at com.utility.configdataprovider.get_BaseUrl_QA2(configdataprovider.java:24)
at com.utility.configdataprovider.get_BaseUrl_QA2(configdataprovider.java:24)
at com.utility.configdataprovider.get_BaseUrl_QA2(configdataprovider.java:24)
at com.utility.configdataprovider.get_BaseUrl_QA2(configdataprovider.java:24)
at com.utility.configdataprovider.get_BaseUrl_QA2(configdataprovider.java:24)
at com.utility.configdataprovider.get_BaseUrl_QA2(configdataprovider.java:24)
at com.utility.configdataprovider.get_BaseUrl_QA2(configdataprovider.java:24)
at com.utility.configdataprovider.get_BaseUrl_QA2(configdataprovider.java:24)
at com.utility.configdataprovider.get_BaseUrl_QA2(configdataprovider.java:24)
at com.utility.configdataprovider.get_BaseUrl_QA2(configdataprovider.java:24)
at com.utility.configdataprovider.get_BaseUrl_QA2(configdataprovider.java:24)
at com.utility.configdataprovider.get_BaseUrl_QA2(configdataprovider.java:24)
at com.utility.configdataprovider.get_BaseUrl_QA2(configdataprovider.java:24)
at com.utility.configdataprovider.get_BaseUrl_QA2(configdataprovider.java:24)
at com.utility.configdataprovider.get_BaseUrl_QA2(configdataprovider.java:24)
at com.utility.configdataprovider.get_BaseUrl_QA2(configdataprovider.java:24)
at com.utility.configdataprovider.get_BaseUrl_QA2(configdataprovider.java:24)
at com.utility.configdataprovider.get_BaseUrl_QA2(configdataprovider.java:24)
at com.utility.configdataprovider.get_BaseUrl_QA2(configdataprovider.java:24)
at com.utility.configdataprovider.get_BaseUrl_QA2(configdataprovider.java:24)
at com.utility.configdataprovider.get_BaseUrl_QA2(configdataprovider.java:24)
at com.utility.configdataprovider.get_BaseUrl_QA2(configdataprovider.java:24)
at com.utility.configdataprovider.get_BaseUrl_QA2(configdataprovider.java:24)
at com.utility.configdataprovider.get_BaseUrl_QA2(configdataprovider.java:24)
at com.utility.configdataprovider.get_BaseUrl_QA2(configdataprovider.java:24)
at com.utility.configdataprovider.get_BaseUrl_QA2(configdataprovider.java:24)
at com.utility.configdataprovider.get_BaseUrl_QA2(configdataprovider.java:24)
at com.utility.configdataprovider.get_BaseUrl_QA2(configdataprovider.java:24)
at com.utility.configdataprovider.get_BaseUrl_QA2(configdataprovider.java:24)
at com.utility.configdataprovider.get_BaseUrl_QA2(configdataprovider.java:24)
at com.utility.configdataprovider.get_BaseUrl_QA2(configdataprovider.java:24)
at com.utility.configdataprovider.get_BaseUrl_QA2(configdataprovider.java:24)
at com.utility.configdataprovider.get_BaseUrl_QA2(configdataprovider.java:24)
at com.utility.configdataprovider.get_BaseUrl_QA2(configdataprovider.java:24)
at com.utility.configdataprovider.get_BaseUrl_QA2(configdataprovider.java:24)
at com.utility.configdataprovider.get_BaseUrl_QA2(configdataprovider.java:24)
at com.utility.configdataprovider.get_BaseUrl_QA2(configdataprovider.java:24)
at com.utility.configdataprovider.get_BaseUrl_QA2(configdataprovider.java:24)
at com.utility.configdataprovider.get_BaseUrl_QA2(configdataprovider.java:24)
at com.utility.configdataprovider.get_BaseUrl_QA2(configdataprovider.java:24)
at com.utility.configdataprovider.get_BaseUrl_QA2(configdataprovider.java:24)
at com.utility.configdataprovider.get_BaseUrl_QA2(configdataprovider.java:24)
at com.utility.configdataprovider.get_BaseUrl_QA2(configdataprovider.java:24)
at com.utility.configdataprovider.get_BaseUrl_QA2(configdataprovider.java:24)
at com.utility.configdataprovider.get_BaseUrl_QA2(configdataprovider.java:24)
at com.utility.configdataprovider.get_BaseUrl_QA2(configdataprovider.java:24)
at com.utility.configdataprovider.get_BaseUrl_QA2(configdataprovider.java:24)
at com.utility.configdataprovider.get_BaseUrl_QA2(configdataprovider.java:24)
at com.utility.configdataprovider.get_BaseUrl_QA2(configdataprovider.java:24)
at com.utility.configdataprovider.get_BaseUrl_QA2(configdataprovider.java:24)
at com.utility.configdataprovider.get_BaseUrl_QA2(configdataprovider.java:24)
at com.utility.configdataprovider.get_BaseUrl_QA2(configdataprovider.java:24)
at com.utility.configdataprovider.get_BaseUrl_QA2(configdataprovider.java:24)
at com.utility.configdataprovider.get_BaseUrl_QA2(configdataprovider.java:24)
at com.utility.configdataprovider.get_BaseUrl_QA2(configdataprovider.java:24)
at com.utility.configdataprovider.get_BaseUrl_QA2(configdataprovider.java:24)
at com.utility.configdataprovider.get_BaseUrl_QA2(configdataprovider.java:24)
at com.utility.configdataprovider.get_BaseUrl_QA2(configdataprovider.java:24)
at com.utility.configdataprovider.get_BaseUrl_QA2(configdataprovider.java:24)
at com.utility.configdataprovider.get_BaseUrl_QA2(configdataprovider.java:24)
at com.utility.configdataprovider.get_BaseUrl_QA2(configdataprovider.java:24)
at com.utility.configdataprovider.get_BaseUrl_QA2(configdataprovider.java:24)
at com.utility.configdataprovider.get_BaseUrl_QA2(configdataprovider.java:24)
at com.utility.configdataprovider.get_BaseUrl_QA2(configdataprovider.java:24)
at com.utility.configdataprovider.get_BaseUrl_QA2(configdataprovider.java:24)
at com.utility.configdataprovider.get_BaseUrl_QA2(configdataprovider.java:24)
at com.utility.configdataprovider.get_BaseUrl_QA2(configdataprovider.java:24)
at com.utility.configdataprovider.get_BaseUrl_QA2(configdataprovider.java:24)
at com.utility.configdataprovider.get_BaseUrl_QA2(configdataprovider.java:24)
at com.utility.configdataprovider.get_BaseUrl_QA2(configdataprovider.java:24)
at com.utility.configdataprovider.get_BaseUrl_QA2(configdataprovider.java:24)
at com.utility.configdataprovider.get_BaseUrl_QA2(configdataprovider.java:24)
at com.utility.configdataprovider.get_BaseUrl_QA2(configdataprovider.java:24)
at com.utility.configdataprovider.get_BaseUrl_QA2(configdataprovider.java:24)
at com.utility.configdataprovider.get_BaseUrl_QA2(configdataprovider.java:24)
at com.utility.configdataprovider.get_BaseUrl_QA2(configdataprovider.java:24)
at com.utility.configdataprovider.get_BaseUrl_QA2(configdataprovider.java:24)
at com.utility.configdataprovider.get_BaseUrl_QA2(configdataprovider.java:24)
at com.utility.configdataprovider.get_BaseUrl_QA2(configdataprovider.java:24)
at com.utility.configdataprovider.get_BaseUrl_QA2(configdataprovider.java:24)
at com.utility.configdataprovider.get_BaseUrl_QA2(configdataprovider.java:24)
at com.utility.configdataprovider.get_BaseUrl_QA2(configdataprovider.java:24)
at com.utility.configdataprovider.get_BaseUrl_QA2(configdataprovider.java:24)
at com.utility.configdataprovider.get_BaseUrl_QA2(configdataprovider.java:24)
at com.utility.configdataprovider.get_BaseUrl_QA2(configdataprovider.java:24)
at com.utility.configdataprovider.get_BaseUrl_QA2(configdataprovider.java:24)
at com.utility.configdataprovider.get_BaseUrl_QA2(configdataprovider.java:24)
at com.utility.configdataprovider.get_BaseUrl_QA2(configdataprovider.java:24)
at com.utility.configdataprovider.get_BaseUrl_QA2(configdataprovider.java:24)
at com.utility.configdataprovider.get_BaseUrl_QA2(configdataprovider.java:24)
at com.utility.configdataprovider.get_BaseUrl_QA2(configdataprovider.java:24)
at com.utility.configdataprovider.get_BaseUrl_QA2(configdataprovider.java:24)
at com.utility.configdataprovider.get_BaseUrl_QA2(configdataprovider.java:24)
at com.utility.configdataprovider.get_BaseUrl_QA2(configdataprovider.java:24)
at com.utility.configdataprovider.get_BaseUrl_QA2(configdataprovider.java:24)
at com.utility.configdataprovider.get_BaseUrl_QA2(configdataprovider.java:24)
at com.utility.configdataprovider.get_BaseUrl_QA2(configdataprovider.java:24)
at com.utility.configdataprovider.get_BaseUrl_QA2(configdataprovider.java:24)
at com.utility.configdataprovider.get_BaseUrl_QA2(configdataprovider.java:24)
at com.utility.configdataprovider.get_BaseUrl_QA2(configdataprovider.java:24)
at com.utility.configdataprovider.get_BaseUrl_QA2(configdataprovider.java:24)
at com.utility.configdataprovider.get_BaseUrl_QA2(configdataprovider.java:24)
at com.utility.configdataprovider.get_BaseUrl_QA2(configdataprovider.java:24)
at com.utility.configdataprovider.get_BaseUrl_QA2(configdataprovider.java:24)
at com.utility.configdataprovider.get_BaseUrl_QA2(configdataprovider.java:24)
at com.utility.configdataprovider.get_BaseUrl_QA2(configdataprovider.java:24)
at com.utility.configdataprovider.get_BaseUrl_QA2(configdataprovider.java:24)
at com.utility.configdataprovider.get_BaseUrl_QA2(configdataprovider.java:24)
at com.utility.configdataprovider.get_BaseUrl_QA2(configdataprovider.java:24)
at com.utility.configdataprovider.get_BaseUrl_QA2(configdataprovider.java:24)
at com.utility.configdataprovider.get_BaseUrl_QA2(configdataprovider.java:24)
at com.utility.configdataprovider.get_BaseUrl_QA2(configdataprovider.java:24)
at com.utility.configdataprovider.get_BaseUrl_QA2(configdataprovider.java:24)
at com.utility.configdataprovider.get_BaseUrl_QA2(configdataprovider.java:24)
at com.utility.configdataprovider.get_BaseUrl_QA2(configdataprovider.java:24)
at com.utility.configdataprovider.get_BaseUrl_QA2(configdataprovider.java:24)
at com.utility.configdataprovider.get_BaseUrl_QA2(configdataprovider.java:24)
at com.utility.configdataprovider.get_BaseUrl_QA2(configdataprovider.java:24)
at com.utility.configdataprovider.get_BaseUrl_QA2(configdataprovider.java:24)
at com.utility.configdataprovider.get_BaseUrl_QA2(configdataprovider.java:24)
at com.utility.configdataprovider.get_BaseUrl_QA2(configdataprovider.java:24)
at com.utility.configdataprovider.get_BaseUrl_QA2(configdataprovider.java:24)
at com.utility.configdataprovider.get_BaseUrl_QA2(configdataprovider.java:24)
at com.utility.configdataprovider.get_BaseUrl_QA2(configdataprovider.java:24)
at com.utility.configdataprovider.get_BaseUrl_QA2(configdataprovider.java:24)
at com.utility.configdataprovider.get_BaseUrl_QA2(configdataprovider.java:24)
at com.utility.configdataprovider.get_BaseUrl_QA2(configdataprovider.java:24)
at com.utility.configdataprovider.get_BaseUrl_QA2(configdataprovider.java:24)
at com.utility.configdataprovider.get_BaseUrl_QA2(configdataprovider.java:24)
at com.utility.configdataprovider.get_BaseUrl_QA2(configdataprovider.java:24)
at com.utility.configdataprovider.get_BaseUrl_QA2(configdataprovider.java:24)
at com.utility.configdataprovider.get_BaseUrl_QA2(configdataprovider.java:24)
at com.utility.configdataprovider.get_BaseUrl_QA2(configdataprovider.java:24)
at com.utility.configdataprovider.get_BaseUrl_QA2(configdataprovider.java:24)
at com.utility.configdataprovider.get_BaseUrl_QA2(configdataprovider.java:24)
at com.utility.configdataprovider.get_BaseUrl_QA2(configdataprovider.java:24)
at com.utility.configdataprovider.get_BaseUrl_QA2(configdataprovider.java:24)
at com.utility.configdataprovider.get_BaseUrl_QA2(configdataprovider.java:24)
at com.utility.configdataprovider.get_BaseUrl_QA2(configdataprovider.java:24)
at com.utility.configdataprovider.get_BaseUrl_QA2(configdataprovider.java:24)
at com.utility.configdataprovider.get_BaseUrl_QA2(configdataprovider.java:24)
at com.utility.configdataprovider.get_BaseUrl_QA2(configdataprovider.java:24)
at com.utility.configdataprovider.get_BaseUrl_QA2(configdataprovider.java:24)
at com.utility.configdataprovider.get_BaseUrl_QA2(configdataprovider.java:24)
at com.utility.configdataprovider.get_BaseUrl_QA2(configdataprovider.java:24)
at com.utility.configdataprovider.get_BaseUrl_QA2(configdataprovider.java:24)
at com.utility.configdataprovider.get_BaseUrl_QA2(configdataprovider.java:24)
at com.utility.configdataprovider.get_BaseUrl_QA2(configdataprovider.java:24)
at com.utility.configdataprovider.get_BaseUrl_QA2(configdataprovider.java:24)
at com.utility.configdataprovider.get_BaseUrl_QA2(configdataprovider.java:24)
at com.utility.configdataprovider.get_BaseUrl_QA2(configdataprovider.java:24)
at com.utility.configdataprovider.get_BaseUrl_QA2(configdataprovider.java:24)
at com.utility.configdataprovider.get_BaseUrl_QA2(configdataprovider.java:24)
at com.utility.configdataprovider.get_BaseUrl_QA2(configdataprovider.java:24)
at com.utility.configdataprovider.get_BaseUrl_QA2(configdataprovider.java:24)
at com.utility.configdataprovider.get_BaseUrl_QA2(configdataprovider.java:24)
[...]
at com.utility.configdataprovider.get_BaseUrl_QA2(configdataprovider.java:24)
at com.utility.configdataprovider.get_BaseUrl_QA2(configdataprovider.java:24)
at com.utility.configdataprovider.get_BaseUrl_QA2(configdataprovider.java:24)
at com.utility.configdataprovider.get_BaseUrl_QA2(configdataprovider.java:24)
at com.utility.configdataprovider.get_BaseUrl_QA2(configdataprovider.java:24)
at com.utility.configdataprovider.get_BaseUrl_QA2(configdataprovider.java:24)
at com.utility.configdataprovider.get_BaseUrl_QA2(configdataprovider.java:24)
at com.utility.configdataprovider.get_BaseUrl_QA2(configdataprovider.java:24)
at com.utility.configdataprovider.get_BaseUrl_QA2(configdataprovider.java:24)
at com.utility.configdataprovider.get_BaseUrl_QA2(configdataprovider.java:24)
at com.utility.configdataprovider.get_BaseUrl_QA2(configdataprovider.java:24)
at com.utility.configdataprovider.get_BaseUrl_QA2(configdataprovider.java:24)
at com.utility.configdataprovider.get_BaseUrl_QA2(configdataprovider.java:24)
at com.utility.configdataprovider.get_BaseUrl_QA2(configdataprovider.java:24)
at com.utility.configdataprovider.get_BaseUrl_QA2(configdataprovider.java:24)
at com.utility.configdataprovider.get_BaseUrl_QA2(configdataprovider.java:24)
at com.utility.configdataprovider.get_BaseUrl_QA2(configdataprovider.java:24)
at com.utility.configdataprovider.get_BaseUrl_QA2(configdataprovider.java:24)
at com.utility.configdataprovider.get_BaseUrl_QA2(configdataprovider.java:24)
at com.utility.configdataprovider.get_BaseUrl_QA2(configdataprovider.java:24)
at com.utility.configdataprovider.get_BaseUrl_QA2(configdataprovider.java:24)
at com.utility.configdataprovider.get_BaseUrl_QA2(configdataprovider.java:24)
at com.utility.configdataprovider.get_BaseUrl_QA2(configdataprovider.java:24)
at com.utility.configdataprovider.get_BaseUrl_QA2(configdataprovider.java:24)
at com.utility.configdataprovider.get_BaseUrl_QA2(configdataprovider.java:24)
at com.utility.configdataprovider.get_BaseUrl_QA2(configdataprovider.java:24)
at com.utility.configdataprovider.get_BaseUrl_QA2(configdataprovider.java:24)
at com.utility.configdataprovider.get_BaseUrl_QA2(configdataprovider.java:24)
at com.utility.configdataprovider.get_BaseUrl_QA2(configdataprovider.java:24)
at com.utility.configdataprovider.get_BaseUrl_QA2(configdataprovider.java:24)
at com.utility.configdataprovider.get_BaseUrl_QA2(configdataprovider.java:24)
at com.utility.configdataprovider.get_BaseUrl_QA2(configdataprovider.java:24)
at com.utility.configdataprovider.get_BaseUrl_QA2(configdataprovider.java:24)
at com.utility.configdataprovider.get_BaseUrl_QA2(configdataprovider.java:24)
at com.utility.configdataprovider.get_BaseUrl_QA2(configdataprovider.java:24)
at com.utility.configdataprovider.get_BaseUrl_QA2(configdataprovider.java:24)
at com.utility.configdataprovider.get_BaseUrl_QA2(configdataprovider.java:24)
at com.utility.configdataprovider.get_BaseUrl_QA2(configdataprovider.java:24)
at com.utility.configdataprovider.get_BaseUrl_QA2(configdataprovider.java:24)
at com.utility.configdataprovider.get_BaseUrl_QA2(configdataprovider.java:24)
at com.utility.configdataprovider.get_BaseUrl_QA2(configdataprovider.java:24)
at com.utility.configdataprovider.get_BaseUrl_QA2(configdataprovider.java:24)
at com.utility.configdataprovider.get_BaseUrl_QA2(configdataprovider.java:24)
at com.utility.configdataprovider.get_BaseUrl_QA2(configdataprovider.java:24)
at com.utility.configdataprovider.get_BaseUrl_QA2(configdataprovider.java:24)
at com.utility.configdataprovider.get_BaseUrl_QA2(configdataprovider.java:24)
at com.utility.configdataprovider.get_BaseUrl_QA2(configdataprovider.java:24)
at com.utility.configdataprovider.get_BaseUrl_QA2(configdataprovider.java:24)
at com.utility.configdataprovider.get_BaseUrl_QA2(configdataprovider.java:24)
at com.utility.configdataprovider.get_BaseUrl_QA2(configdataprovider.java:24)
at com.utility.configdataprovider.get_BaseUrl_QA2(configdataprovider.java:24)
at com.utility.configdataprovider.get_BaseUrl_QA2(configdataprovider.java:24)
at com.utility.configdataprovider.get_BaseUrl_QA2(configdataprovider.java:24)
at com.utility.configdataprovider.get_BaseUrl_QA2(configdataprovider.java:24)
at com.utility.configdataprovider.get_BaseUrl_QA2(configdataprovider.java:24)
at com.utility.configdataprovider.get_BaseUrl_QA2(configdataprovider.java:24)
at com.utility.configdataprovider.get_BaseUrl_QA2(configdataprovider.java:24)
at com.utility.configdataprovider.get_BaseUrl_QA2(configdataprovider.java:24)
at com.utility.configdataprovider.get_BaseUrl_QA2(configdataprovider.java:24)
at com.utility.configdataprovider.get_BaseUrl_QA2(configdataprovider.java:24)
at com.utility.configdataprovider.get_BaseUrl_QA2(configdataprovider.java:24)
at com.utility.configdataprovider.get_BaseUrl_QA2(configdataprovider.java:24)
at com.utility.configdataprovider.get_BaseUrl_QA2(configdataprovider.java:24)
at com.utility.configdataprovider.get_BaseUrl_QA2(configdataprovider.java:24)
at com.utility.configdataprovider.get_BaseUrl_QA2(configdataprovider.java:24)
at com.utility.configdataprovider.get_BaseUrl_QA2(configdataprovider.java:24)
at com.utility.configdataprovider.get_BaseUrl_QA2(configdataprovider.java:24)
at com.utility.configdataprovider.get_BaseUrl_QA2(configdataprovider.java:24)
at com.utility.configdataprovider.get_BaseUrl_QA2(configdataprovider.java:24)
at com.utility.configdataprovider.get_BaseUrl_QA2(configdataprovider.java:24)
at com.utility.configdataprovider.get_BaseUrl_QA2(configdataprovider.java:24)
at com.utility.configdataprovider.get_BaseUrl_QA2(configdataprovider.java:24)
at com.utility.configdataprovider.get_BaseUrl_QA2(configdataprovider.java:24)
at com.utility.configdataprovider.get_BaseUrl_QA2(configdataprovider.java:24)
at com.utility.configdataprovider.get_BaseUrl_QA2(configdataprovider.java:24)
at com.utility.configdataprovider.get_BaseUrl_QA2(configdataprovider.java:24)
at com.utility.configdataprovider.get_BaseUrl_QA2(configdataprovider.java:24)
at com.utility.configdataprovider.get_BaseUrl_QA2(configdataprovider.java:24)
at com.utility.configdataprovider.get_BaseUrl_QA2(configdataprovider.java:24)
at com.utility.configdataprovider.get_BaseUrl_QA2(configdataprovider.java:24)
at com.utility.configdataprovider.get_BaseUrl_QA2(configdataprovider.java:24)
at com.utility.configdataprovider.get_BaseUrl_QA2(configdataprovider.java:24)
at com.utility.configdataprovider.get_BaseUrl_QA2(configdataprovider.java:24)
at com.utility.configdataprovider.get_BaseUrl_QA2(configdataprovider.java:24)
at com.utility.configdataprovider.get_BaseUrl_QA2(configdataprovider.java:24)
at com.utility.configdataprovider.get_BaseUrl_QA2(configdataprovider.java:24)
at com.utility.configdataprovider.get_BaseUrl_QA2(configdataprovider.java:24)
at com.utility.configdataprovider.get_BaseUrl_QA2(configdataprovider.java:24)
at com.utility.configdataprovider.get_BaseUrl_QA2(configdataprovider.java:24)
at com.utility.configdataprovider.get_BaseUrl_QA2(configdataprovider.java:24)
at com.utility.configdataprovider.get_BaseUrl_QA2(configdataprovider.java:24)
at com.utility.configdataprovider.get_BaseUrl_QA2(configdataprovider.java:24)
at com.utility.configdataprovider.get_BaseUrl_QA2(configdataprovider.java:24)
at com.utility.configdataprovider.get_BaseUrl_QA2(configdataprovider.java:24)
at com.utility.configdataprovider.get_BaseUrl_QA2(configdataprovider.java:24)
at com.utility.configdataprovider.get_BaseUrl_QA2(configdataprovider.java:24)
at com.utility.configdataprovider.get_BaseUrl_QA2(configdataprovider.java:24)
at com.utility.configdataprovider.get_BaseUrl_QA2(configdataprovider.java:24)
at com.utility.configdataprovider.get_BaseUrl_QA2(configdataprovider.java:24)
at com.utility.configdataprovider.get_BaseUrl_QA2(configdataprovider.java:24)
at com.utility.configdataprovider.get_BaseUrl_QA2(configdataprovider.java:24)
at com.utility.configdataprovider.get_BaseUrl_QA2(configdataprovider.java:24)
at com.utility.configdataprovider.get_BaseUrl_QA2(configdataprovider.java:24)
at com.utility.configdataprovider.get_BaseUrl_QA2(configdataprovider.java:24)
at com.utility.configdataprovider.get_BaseUrl_QA2(configdataprovider.java:24)
at com.utility.configdataprovider.get_BaseUrl_QA2(configdataprovider.java:24)
at com.utility.configdataprovider.get_BaseUrl_QA2(configdataprovider.java:24)
at com.utility.configdataprovider.get_BaseUrl_QA2(configdataprovider.java:24)
at com.utility.configdataprovider.get_BaseUrl_QA2(configdataprovider.java:24)
at com.utility.configdataprovider.get_BaseUrl_QA2(configdataprovider.java:24)
at com.utility.configdataprovider.get_BaseUrl_QA2(configdataprovider.java:24)
at com.utility.configdataprovider.get_BaseUrl_QA2(configdataprovider.java:24)
at com.utility.configdataprovider.get_BaseUrl_QA2(configdataprovider.java:24)
at com.utility.configdataprovider.get_BaseUrl_QA2(configdataprovider.java:24)
at com.utility.configdataprovider.get_BaseUrl_QA2(configdataprovider.java:24)
at com.utility.configdataprovider.get_BaseUrl_QA2(configdataprovider.java:24)
at com.utility.configdataprovider.get_BaseUrl_QA2(configdataprovider.java:24)
at com.utility.configdataprovider.get_BaseUrl_QA2(configdataprovider.java:24)
at com.utility.configdataprovider.get_BaseUrl_QA2(configdataprovider.java:24)
at com.utility.configdataprovider.get_BaseUrl_QA2(configdataprovider.java:24)
at com.utility.configdataprovider.get_BaseUrl_QA2(configdataprovider.java:24)
at com.utility.configdataprovider.get_BaseUrl_QA2(configdataprovider.java:24)
at com.utility.configdataprovider.get_BaseUrl_QA2(configdataprovider.java:24)
at com.utility.configdataprovider.get_BaseUrl_QA2(configdataprovider.java:24)
at com.utility.configdataprovider.get_BaseUrl_QA2(configdataprovider.java:24)
at com.utility.configdataprovider.get_BaseUrl_QA2(configdataprovider.java:24)
at com.utility.configdataprovider.get_BaseUrl_QA2(configdataprovider.java:24)
at com.utility.configdataprovider.get_BaseUrl_QA2(configdataprovider.java:24)
at com.utility.configdataprovider.get_BaseUrl_QA2(configdataprovider.java:24)
at com.utility.configdataprovider.get_BaseUrl_QA2(configdataprovider.java:24)
at com.utility.configdataprovider.get_BaseUrl_QA2(configdataprovider.java:24)
at com.utility.configdataprovider.get_BaseUrl_QA2(configdataprovider.java:24)
at com.utility.configdataprovider.get_BaseUrl_QA2(configdataprovider.java:24)
at com.utility.configdataprovider.get_BaseUrl_QA2(configdataprovider.java:24)
at com.utility.configdataprovider.get_BaseUrl_QA2(configdataprovider.java:24)
at com.utility.configdataprovider.get_BaseUrl_QA2(configdataprovider.java:24)
at com.utility.configdataprovider.get_BaseUrl_QA2(configdataprovider.java:24)
at com.utility.configdataprovider.get_BaseUrl_QA2(configdataprovider.java:24)
at com.utility.configdataprovider.get_BaseUrl_QA2(configdataprovider.java:24)
at com.utility.configdataprovider.get_BaseUrl_QA2(configdataprovider.java:24)
at com.utility.configdataprovider.get_BaseUrl_QA2(configdataprovider.java:24)
at com.utility.configdataprovider.get_BaseUrl_QA2(configdataprovider.java:24)
at com.utility.configdataprovider.get_BaseUrl_QA2(configdataprovider.java:24)
at com.utility.configdataprovider.get_BaseUrl_QA2(configdataprovider.java:24)
at com.utility.configdataprovider.get_BaseUrl_QA2(configdataprovider.java:24)
at com.utility.configdataprovider.get_BaseUrl_QA2(configdataprovider.java:24)
at com.utility.configdataprovider.get_BaseUrl_QA2(configdataprovider.java:24)
at com.utility.configdataprovider.get_BaseUrl_QA2(configdataprovider.java:24)
at com.utility.configdataprovider.get_BaseUrl_QA2(configdataprovider.java:24)
at com.utility.configdataprovider.get_BaseUrl_QA2(configdataprovider.java:24)
at com.utility.configdataprovider.get_BaseUrl_QA2(configdataprovider.java:24)
at com.utility.configdataprovider.get_BaseUrl_QA2(configdataprovider.java:24)
at com.utility.configdataprovider.get_BaseUrl_QA2(configdataprovider.java:24)
at com.utility.configdataprovider.get_BaseUrl_QA2(configdataprovider.java:24)
at com.utility.configdataprovider.get_BaseUrl_QA2(configdataprovider.java:24)
at com.utility.configdataprovider.get_BaseUrl_QA2(configdataprovider.java:24)
at com.utility.configdataprovider.get_BaseUrl_QA2(configdataprovider.java:24)
at com.utility.configdataprovider.get_BaseUrl_QA2(configdataprovider.java:24)
at com.utility.configdataprovider.get_BaseUrl_QA2(configdataprovider.java:24)
at com.utility.configdataprovider.get_BaseUrl_QA2(configdataprovider.java:24)
at com.utility.configdataprovider.get_BaseUrl_QA2(configdataprovider.java:24)
at com.utility.configdataprovider.get_BaseUrl_QA2(configdataprovider.java:24)
at com.utility.configdataprovider.get_BaseUrl_QA2(configdataprovider.java:24)
at com.utility.configdataprovider.get_BaseUrl_QA2(configdataprovider.java:24)
at com.utility.configdataprovider.get_BaseUrl_QA2(configdataprovider.java:24)
at com.utility.configdataprovider.get_BaseUrl_QA2(configdataprovider.java:24)
at com.utility.configdataprovider.get_BaseUrl_QA2(configdataprovider.java:24)
at com.utility.configdataprovider.get_BaseUrl_QA2(configdataprovider.java:24)
at com.utility.configdataprovider.get_BaseUrl_QA2(configdataprovider.java:24)
at com.utility.configdataprovider.get_BaseUrl_QA2(configdataprovider.java:24)
at com.utility.configdataprovider.get_BaseUrl_QA2(configdataprovider.java:24)
at com.utility.configdataprovider.get_BaseUrl_QA2(configdataprovider.java:24)
at com.utility.configdataprovider.get_BaseUrl_QA2(configdataprovider.java:24)
at com.utility.configdataprovider.get_BaseUrl_QA2(configdataprovider.java:24)
at com.utility.configdataprovider.get_BaseUrl_QA2(configdataprovider.java:24)
at com.utility.configdataprovider.get_BaseUrl_QA2(configdataprovider.java:24)
at com.utility.configdataprovider.get_BaseUrl_QA2(configdataprovider.java:24)
at com.utility.configdataprovider.get_BaseUrl_QA2(configdataprovider.java:24)
at com.utility.configdataprovider.get_BaseUrl_QA2(configdataprovider.java:24)
at com.utility.configdataprovider.get_BaseUrl_QA2(configdataprovider.java:24)
at com.utility.configdataprovider.get_BaseUrl_QA2(configdataprovider.java:24)
at com.utility.configdataprovider.get_BaseUrl_QA2(configdataprovider.java:24)
at com.utility.configdataprovider.get_BaseUrl_QA2(configdataprovider.java:24)
at com.utility.configdataprovider.get_BaseUrl_QA2(configdataprovider.java:24)
at com.utility.configdataprovider.get_BaseUrl_QA2(configdataprovider.java:24)
at com.utility.configdataprovider.get_BaseUrl_QA2(configdataprovider.java:24)
at com.utility.configdataprovider.get_BaseUrl_QA2(configdataprovider.java:24)
at com.utility.configdataprovider.get_BaseUrl_QA2(configdataprovider.java:24)
at com.utility.configdataprovider.get_BaseUrl_QA2(configdataprovider.java:24)
at com.utility.configdataprovider.get_BaseUrl_QA2(configdataprovider.java:24)
at com.utility.configdataprovider.get_BaseUrl_QA2(configdataprovider.java:24)
at com.utility.configdataprovider.get_BaseUrl_QA2(configdataprovider.java:24)
at com.utility.configdataprovider.get_BaseUrl_QA2(configdataprovider.java:24)
at com.utility.configdataprovider.get_BaseUrl_QA2(configdataprovider.java:24)
at com.utility.configdataprovider.get_BaseUrl_QA2(configdataprovider.java:24)
at com.utility.configdataprovider.get_BaseUrl_QA2(configdataprovider.java:24)
at com.utility.configdataprovider.get_BaseUrl_QA2(configdataprovider.java:24)
at com.utility.configdataprovider.get_BaseUrl_QA2(configdataprovider.java:24)
at com.utility.configdataprovider.get_BaseUrl_QA2(configdataprovider.java:24)
at com.utility.configdataprovider.get_BaseUrl_QA2(configdataprovider.java:24)
at com.utility.configdataprovider.get_BaseUrl_QA2(configdataprovider.java:24)
at com.utility.configdataprovider.get_BaseUrl_QA2(configdataprovider.java:24)
at com.utility.configdataprovider.get_BaseUrl_QA2(configdataprovider.java:24)
at com.utility.configdataprovider.get_BaseUrl_QA2(configdataprovider.java:24)
at com.utility.configdataprovider.get_BaseUrl_QA2(configdataprovider.java:24)
at com.utility.configdataprovider.get_BaseUrl_QA2(configdataprovider.java:24)
at com.utility.configdataprovider.get_BaseUrl_QA2(configdataprovider.java:24)
at com.utility.configdataprovider.get_BaseUrl_QA2(configdataprovider.java:24)
at com.utility.configdataprovider.get_BaseUrl_QA2(configdataprovider.java:24)
at com.utility.configdataprovider.get_BaseUrl_QA2(configdataprovider.java:24)
at com.utility.configdataprovider.get_BaseUrl_QA2(configdataprovider.java:24)
at com.utility.configdataprovider.get_BaseUrl_QA2(configdataprovider.java:24)
at com.utility.configdataprovider.get_BaseUrl_QA2(configdataprovider.java:24)
at com.utility.configdataprovider.get_BaseUrl_QA2(configdataprovider.java:24)
at com.utility.configdataprovider.get_BaseUrl_QA2(configdataprovider.java:24)
at com.utility.configdataprovider.get_BaseUrl_QA2(configdataprovider.java:24)
at com.utility.configdataprovider.get_BaseUrl_QA2(configdataprovider.java:24)
at com.utility.configdataprovider.get_BaseUrl_QA2(configdataprovider.java:24)
at com.utility.configdataprovider.get_BaseUrl_QA2(configdataprovider.java:24)
at com.utility.configdataprovider.get_BaseUrl_QA2(configdataprovider.java:24)
at com.utility.configdataprovider.get_BaseUrl_QA2(configdataprovider.java:24)
at com.utility.configdataprovider.get_BaseUrl_QA2(configdataprovider.java:24)
at com.utility.configdataprovider.get_BaseUrl_QA2(configdataprovider.java:24)
at com.utility.configdataprovider.get_BaseUrl_QA2(configdataprovider.java:24)
at com.utility.configdataprovider.get_BaseUrl_QA2(configdataprovider.java:24)
at com.utility.configdataprovider.get_BaseUrl_QA2(configdataprovider.java:24)
at com.utility.configdataprovider.get_BaseUrl_QA2(configdataprovider.java:24)
at com.utility.configdataprovider.get_BaseUrl_QA2(configdataprovider.java:24)
at com.utility.configdataprovider.get_BaseUrl_QA2(configdataprovider.java:24)
at com.utility.configdataprovider.get_BaseUrl_QA2(configdataprovider.java:24)
at com.utility.configdataprovider.get_BaseUrl_QA2(configdataprovider.java:24)
at com.utility.configdataprovider.get_BaseUrl_QA2(configdataprovider.java:24)
at com.utility.configdataprovider.get_BaseUrl_QA2(configdataprovider.java:24)
at com.utility.configdataprovider.get_BaseUrl_QA2(configdataprovider.java:24)
at com.utility.configdataprovider.get_BaseUrl_QA2(configdataprovider.java:24)
at com.utility.configdataprovider.get_BaseUrl_QA2(configdataprovider.java:24)
at com.utility.configdataprovider.get_BaseUrl_QA2(configdataprovider.java:24)
at com.utility.configdataprovider.get_BaseUrl_QA2(configdataprovider.java:24)
at com.utility.configdataprovider.get_BaseUrl_QA2(configdataprovider.java:24)
at com.utility.configdataprovider.get_BaseUrl_QA2(configdataprovider.java:24)
at com.utility.configdataprovider.get_BaseUrl_QA2(configdataprovider.java:24)
at com.utility.configdataprovider.get_BaseUrl_QA2(configdataprovider.java:24)
at com.utility.configdataprovider.get_BaseUrl_QA2(configdataprovider.java:24)
at com.utility.configdataprovider.get_BaseUrl_QA2(configdataprovider.java:24)
at com.utility.configdataprovider.get_BaseUrl_QA2(configdataprovider.java:24)
at com.utility.configdataprovider.get_BaseUrl_QA2(configdataprovider.java:24)
at com.utility.configdataprovider.get_BaseUrl_QA2(configdataprovider.java:24)
]]>
            </full-stacktrace>
          </exception> <!-- java.lang.StackOverflowError -->
          <reporter-output>
          </reporter-output>
        </test-method> <!-- verify_TestLogin_validCredential -->
        <test-method is-config="true" signature="tear_down()[pri:0, instance:pom.test.Test_tc001@5af3afd9]" started-at="2022-10-11T12:26:24 IST" name="tear_down" finished-at="1970-01-01T05:30:00 IST" duration-ms="-1665471384940" status="SKIP">
          <reporter-output>
          </reporter-output>
        </test-method> <!-- tear_down -->
      </class> <!-- pom.test.Test_tc001 -->
    </test> <!-- Test -->
  </suite> <!-- Suite -->
</testng-results>
